#
# There is insufficient memory for the Java Runtime Environment to continue.
# Native memory allocation (mmap) failed to map 90177536 bytes. Error detail: G1 virtual space
# Possible reasons:
#   The system is out of physical RAM or swap space
#   This process is running with CompressedOops enabled, and the Java Heap may be blocking the growth of the native heap
# Possible solutions:
#   Reduce memory load on the system
#   Increase physical memory or swap space
#   Check if swap backing store is full
#   Decrease Java heap size (-Xmx/-Xms)
#   Decrease number of Java threads
#   Decrease Java thread stack sizes (-Xss)
#   Set larger code cache with -XX:ReservedCodeCacheSize=
#   JVM is running with Zero Based Compressed Oops mode in which the Java heap is
#     placed in the first 32GB address space. The Java Heap base address is the
#     maximum limit for the native heap growth. Please use -XX:HeapBaseMinAddress
#     to set the Java Heap base and to place the Java Heap above 32GB virtual address.
# This output file may be truncated or incomplete.
#
#  Out of Memory Error (os_windows.cpp:3616), pid=24860, tid=17576
#
# JRE version: OpenJDK Runtime Environment Temurin-21.0.5+11 (21.0.5+11) (build 21.0.5+11-LTS)
# Java VM: OpenJDK 64-Bit Server VM Temurin-21.0.5+11 (21.0.5+11-LTS, mixed mode, tiered, compressed oops, compressed class ptrs, g1 gc, windows-amd64)
# No core dump will be written. Minidumps are not enabled by default on client versions of Windows
#

---------------  S U M M A R Y ------------

Command Line: -Dballerina.home=C:\Program Files\Ballerina\distributions\ballerina-2201.12.9 org.ballerinalang.langserver.launchers.stdio.Main

Host: Intel(R) Core(TM) Ultra 5 125H, 18 cores, 15G,  Windows 11 , 64 bit Build 26100 (10.0.26100.4768)
Time: Sat Aug 30 12:03:50 2025 Sri Lanka Standard Time elapsed time: 49.773526 seconds (0d 0h 0m 49s)

---------------  T H R E A D  ---------------

Current thread (0x0000014b3e4c0be0):  VMThread "VM Thread"          [id=17576, stack(0x0000001db8300000,0x0000001db8400000) (1024K)]

Stack: [0x0000001db8300000,0x0000001db8400000]
Native frames: (J=compiled Java code, j=interpreted, Vv=VM code, C=native code)
V  [jvm.dll+0x6cd4e9]
V  [jvm.dll+0x8a7941]
V  [jvm.dll+0x8a9e6e]
V  [jvm.dll+0x8aa543]
V  [jvm.dll+0x27f6d6]
V  [jvm.dll+0x6c9c25]
V  [jvm.dll+0x6be84a]
V  [jvm.dll+0x355c6a]
V  [jvm.dll+0x35d836]
V  [jvm.dll+0x3af40e]
V  [jvm.dll+0x3af6b8]
V  [jvm.dll+0x329dfc]
V  [jvm.dll+0x329e87]
V  [jvm.dll+0x36dc4c]
V  [jvm.dll+0x36c498]
V  [jvm.dll+0x3295c1]
V  [jvm.dll+0x36bb0a]
V  [jvm.dll+0x8b025f]
V  [jvm.dll+0x8b15e4]
V  [jvm.dll+0x8b1b20]
V  [jvm.dll+0x8b1dc3]
V  [jvm.dll+0x8514fb]
V  [jvm.dll+0x6cbbed]
C  [ucrtbase.dll+0x37b0]
C  [KERNEL32.DLL+0x2e8d7]
C  [ntdll.dll+0x3c34c]

VM_Operation (0x0000001db99fd5e0): G1CollectForAllocation, mode: safepoint, requested by thread 0x0000014b63f9ed60


---------------  P R O C E S S  ---------------

Threads class SMR info:
_java_thread_list=0x0000014b666a0dc0, length=49, elements={
0x0000014b3e4e1f40, 0x0000014b630ca170, 0x0000014b630cb730, 0x0000014b630bcce0,
0x0000014b630bd730, 0x0000014b630becf0, 0x0000014b630c02b0, 0x0000014b630ecf30,
0x0000014b630cdda0, 0x0000014b6335f940, 0x0000014b63365920, 0x0000014b651a3210,
0x0000014b63f9ed60, 0x0000014b65e51410, 0x0000014b6678bef0, 0x0000014b66654b60,
0x0000014b657b81c0, 0x0000014b657b8ee0, 0x0000014b657b6780, 0x0000014b657b6e10,
0x0000014b657b9c00, 0x0000014b657b7b30, 0x0000014b67afb0b0, 0x0000014b67afcaf0,
0x0000014b67afb740, 0x0000014b67afdea0, 0x0000014b67afaa20, 0x0000014b67b00c90,
0x0000014b67afd810, 0x0000014b67aff8e0, 0x0000014b67b00600, 0x0000014b67afebc0,
0x0000014b67b019b0, 0x0000014b67b02040, 0x0000014b64b51000, 0x0000014b64b52a40,
0x0000014b64b523b0, 0x0000014b64b530d0, 0x0000014b64b50970, 0x0000014b64c702d0,
0x0000014b64b53760, 0x0000014b64b54480, 0x0000014b64b51690, 0x0000014b64b57270,
0x0000014b64b51d20, 0x0000014b64b551a0, 0x0000014b64b56be0, 0x0000014b68f77900,
0x0000014b68f76550
}

Java Threads: ( => current thread )
  0x0000014b3e4e1f40 JavaThread "main"                              [_thread_blocked, id=13244, stack(0x0000001db7c00000,0x0000001db7d00000) (1024K)]
  0x0000014b630ca170 JavaThread "Reference Handler"          daemon [_thread_blocked, id=11768, stack(0x0000001db8400000,0x0000001db8500000) (1024K)]
  0x0000014b630cb730 JavaThread "Finalizer"                  daemon [_thread_blocked, id=10816, stack(0x0000001db8500000,0x0000001db8600000) (1024K)]
  0x0000014b630bcce0 JavaThread "Signal Dispatcher"          daemon [_thread_blocked, id=19912, stack(0x0000001db8600000,0x0000001db8700000) (1024K)]
  0x0000014b630bd730 JavaThread "Attach Listener"            daemon [_thread_blocked, id=8512, stack(0x0000001db8700000,0x0000001db8800000) (1024K)]
  0x0000014b630becf0 JavaThread "Service Thread"             daemon [_thread_blocked, id=13100, stack(0x0000001db8800000,0x0000001db8900000) (1024K)]
  0x0000014b630c02b0 JavaThread "Monitor Deflation Thread"   daemon [_thread_blocked, id=21056, stack(0x0000001db8900000,0x0000001db8a00000) (1024K)]
  0x0000014b630ecf30 JavaThread "C2 CompilerThread0"         daemon [_thread_blocked, id=13068, stack(0x0000001db8a00000,0x0000001db8b00000) (1024K)]
  0x0000014b630cdda0 JavaThread "C1 CompilerThread0"         daemon [_thread_blocked, id=22404, stack(0x0000001db8b00000,0x0000001db8c00000) (1024K)]
  0x0000014b6335f940 JavaThread "Notification Thread"        daemon [_thread_blocked, id=10580, stack(0x0000001db8d00000,0x0000001db8e00000) (1024K)]
  0x0000014b63365920 JavaThread "Common-Cleaner"             daemon [_thread_blocked, id=22984, stack(0x0000001db8e00000,0x0000001db8f00000) (1024K)]
  0x0000014b651a3210 JavaThread "pool-1-thread-1"                   [_thread_in_native, id=3664, stack(0x0000001db9800000,0x0000001db9900000) (1024K)]
  0x0000014b63f9ed60 JavaThread "ForkJoinPool.commonPool-worker-1" daemon [_thread_blocked, id=15436, stack(0x0000001db9900000,0x0000001db9a00000) (1024K)]
  0x0000014b65e51410 JavaThread "ForkJoinPool.commonPool-worker-2" daemon [_thread_blocked, id=1536, stack(0x0000001db9f00000,0x0000001dba000000) (1024K)]
  0x0000014b6678bef0 JavaThread "CompletableFutureDelayScheduler" daemon [_thread_blocked, id=13404, stack(0x0000001dbab00000,0x0000001dbac00000) (1024K)]
  0x0000014b66654b60 JavaThread "OkHttp ConnectionPool"      daemon [_thread_blocked, id=22852, stack(0x0000001dbae00000,0x0000001dbaf00000) (1024K)]
  0x0000014b657b81c0 JavaThread "Okio Watchdog"              daemon [_thread_blocked, id=20648, stack(0x0000001dbaf00000,0x0000001dbb000000) (1024K)]
  0x0000014b657b8ee0 JavaThread "OkHttp Http2Connection"     daemon [_thread_blocked, id=2280, stack(0x0000001dbb100000,0x0000001dbb200000) (1024K)]
  0x0000014b657b6780 JavaThread "ForkJoinPool.commonPool-worker-3" daemon [_thread_blocked, id=25060, stack(0x0000001dbb200000,0x0000001dbb300000) (1024K)]
  0x0000014b657b6e10 JavaThread "ForkJoinPool.commonPool-worker-4" daemon [_thread_blocked, id=22416, stack(0x0000001dbb300000,0x0000001dbb400000) (1024K)]
  0x0000014b657b9c00 JavaThread "OkHttp ConnectionPool"      daemon [_thread_blocked, id=12868, stack(0x0000001dba600000,0x0000001dba700000) (1024K)]
  0x0000014b657b7b30 JavaThread "OkHttp ConnectionPool"      daemon [_thread_blocked, id=23204, stack(0x0000001db9100000,0x0000001db9200000) (1024K)]
  0x0000014b67afb0b0 JavaThread "OkHttp ConnectionPool"      daemon [_thread_blocked, id=23272, stack(0x0000001dba500000,0x0000001dba600000) (1024K)]
  0x0000014b67afcaf0 JavaThread "OkHttp ConnectionPool"      daemon [_thread_blocked, id=12396, stack(0x0000001dba700000,0x0000001dba800000) (1024K)]
  0x0000014b67afb740 JavaThread "OkHttp ConnectionPool"      daemon [_thread_blocked, id=10384, stack(0x0000001dba800000,0x0000001dba900000) (1024K)]
  0x0000014b67afdea0 JavaThread "OkHttp ConnectionPool"      daemon [_thread_blocked, id=23028, stack(0x0000001db9000000,0x0000001db9100000) (1024K)]
  0x0000014b67afaa20 JavaThread "OkHttp ConnectionPool"      daemon [_thread_blocked, id=23612, stack(0x0000001dba900000,0x0000001dbaa00000) (1024K)]
  0x0000014b67b00c90 JavaThread "OkHttp ConnectionPool"      daemon [_thread_blocked, id=14732, stack(0x0000001dbac00000,0x0000001dbad00000) (1024K)]
  0x0000014b67afd810 JavaThread "OkHttp ConnectionPool"      daemon [_thread_blocked, id=17876, stack(0x0000001dbb000000,0x0000001dbb100000) (1024K)]
  0x0000014b67aff8e0 JavaThread "OkHttp ConnectionPool"      daemon [_thread_blocked, id=8204, stack(0x0000001dbb400000,0x0000001dbb500000) (1024K)]
  0x0000014b67b00600 JavaThread "OkHttp ConnectionPool"      daemon [_thread_blocked, id=17484, stack(0x0000001dbb500000,0x0000001dbb600000) (1024K)]
  0x0000014b67afebc0 JavaThread "OkHttp ConnectionPool"      daemon [_thread_blocked, id=17680, stack(0x0000001dbb600000,0x0000001dbb700000) (1024K)]
  0x0000014b67b019b0 JavaThread "OkHttp ConnectionPool"      daemon [_thread_blocked, id=24804, stack(0x0000001dbb700000,0x0000001dbb800000) (1024K)]
  0x0000014b67b02040 JavaThread "OkHttp ConnectionPool"      daemon [_thread_blocked, id=17316, stack(0x0000001dbbb00000,0x0000001dbbc00000) (1024K)]
  0x0000014b64b51000 JavaThread "OkHttp ConnectionPool"      daemon [_thread_blocked, id=17776, stack(0x0000001dbad00000,0x0000001dbae00000) (1024K)]
  0x0000014b64b52a40 JavaThread "OkHttp ConnectionPool"      daemon [_thread_blocked, id=14488, stack(0x0000001db8f00000,0x0000001db9000000) (1024K)]
  0x0000014b64b523b0 JavaThread "OkHttp ConnectionPool"      daemon [_thread_blocked, id=17384, stack(0x0000001dbb800000,0x0000001dbb900000) (1024K)]
  0x0000014b64b530d0 JavaThread "OkHttp ConnectionPool"      daemon [_thread_blocked, id=17896, stack(0x0000001dbb900000,0x0000001dbba00000) (1024K)]
  0x0000014b64b50970 JavaThread "OkHttp ConnectionPool"      daemon [_thread_blocked, id=17764, stack(0x0000001dbba00000,0x0000001dbbb00000) (1024K)]
  0x0000014b64c702d0 JavaThread "C1 CompilerThread1"         daemon [_thread_blocked, id=7064, stack(0x0000001db8c00000,0x0000001db8d00000) (1024K)]
  0x0000014b64b53760 JavaThread "OkHttp ConnectionPool"      daemon [_thread_blocked, id=11764, stack(0x0000001dbbf00000,0x0000001dbc000000) (1024K)]
  0x0000014b64b54480 JavaThread "OkHttp ConnectionPool"      daemon [_thread_blocked, id=8352, stack(0x0000001dbc000000,0x0000001dbc100000) (1024K)]
  0x0000014b64b51690 JavaThread "OkHttp ConnectionPool"      daemon [_thread_blocked, id=18640, stack(0x0000001dbc300000,0x0000001dbc400000) (1024K)]
  0x0000014b64b57270 JavaThread "OkHttp ConnectionPool"      daemon [_thread_blocked, id=9820, stack(0x0000001dbc600000,0x0000001dbc700000) (1024K)]
  0x0000014b64b51d20 JavaThread "OkHttp ConnectionPool"      daemon [_thread_blocked, id=19576, stack(0x0000001dbbd00000,0x0000001dbbe00000) (1024K)]
  0x0000014b64b551a0 JavaThread "OkHttp ConnectionPool"      daemon [_thread_blocked, id=12264, stack(0x0000001dbbe00000,0x0000001dbbf00000) (1024K)]
  0x0000014b64b56be0 JavaThread "OkHttp ConnectionPool"      daemon [_thread_blocked, id=7256, stack(0x0000001dbc400000,0x0000001dbc500000) (1024K)]
  0x0000014b68f77900 JavaThread "OkHttp ConnectionPool"      daemon [_thread_blocked, id=18016, stack(0x0000001dbca00000,0x0000001dbcb00000) (1024K)]
  0x0000014b68f76550 JavaThread "OkHttp ConnectionPool"      daemon [_thread_blocked, id=2776, stack(0x0000001dbc500000,0x0000001dbc600000) (1024K)]
Total: 49

Other Threads:
=>0x0000014b3e4c0be0 VMThread "VM Thread"                           [id=17576, stack(0x0000001db8300000,0x0000001db8400000) (1024K)]
  0x0000014b5e7ca180 WatcherThread "VM Periodic Task Thread"        [id=4048, stack(0x0000001db8200000,0x0000001db8300000) (1024K)]
  0x0000014b3e4c16c0 WorkerThread "GC Thread#0"                     [id=15412, stack(0x0000001db7d00000,0x0000001db7e00000) (1024K)]
  0x0000014b3e4c1320 WorkerThread "GC Thread#1"                     [id=8824, stack(0x0000001db9200000,0x0000001db9300000) (1024K)]
  0x0000014b3e4c1a60 WorkerThread "GC Thread#2"                     [id=15960, stack(0x0000001db9300000,0x0000001db9400000) (1024K)]
  0x0000014b3e4c1e00 WorkerThread "GC Thread#3"                     [id=6448, stack(0x0000001db9400000,0x0000001db9500000) (1024K)]
  0x0000014b3e4c21a0 WorkerThread "GC Thread#4"                     [id=21272, stack(0x0000001db9500000,0x0000001db9600000) (1024K)]
  0x0000014b63e4d740 WorkerThread "GC Thread#5"                     [id=12032, stack(0x0000001db9600000,0x0000001db9700000) (1024K)]
  0x0000014b63e4f0a0 WorkerThread "GC Thread#6"                     [id=8640, stack(0x0000001db9a00000,0x0000001db9b00000) (1024K)]
  0x0000014b63e4f7e0 WorkerThread "GC Thread#7"                     [id=20640, stack(0x0000001db9b00000,0x0000001db9c00000) (1024K)]
  0x0000014b63e4ff20 WorkerThread "GC Thread#8"                     [id=25484, stack(0x0000001db9c00000,0x0000001db9d00000) (1024K)]
  0x0000014b63e4dae0 WorkerThread "GC Thread#9"                     [id=21364, stack(0x0000001db9d00000,0x0000001db9e00000) (1024K)]
  0x0000014b63e4d000 WorkerThread "GC Thread#10"                    [id=24736, stack(0x0000001db9e00000,0x0000001db9f00000) (1024K)]
  0x0000014b63e4d3a0 WorkerThread "GC Thread#11"                    [id=6216, stack(0x0000001dba000000,0x0000001dba100000) (1024K)]
  0x0000014b63e4de80 WorkerThread "GC Thread#12"                    [id=10104, stack(0x0000001dba100000,0x0000001dba200000) (1024K)]
  0x0000014b63e4f440 WorkerThread "GC Thread#13"                    [id=22836, stack(0x0000001db9700000,0x0000001db9800000) (1024K)]
  0x0000014b40b49270 ConcurrentGCThread "G1 Main Marker"            [id=7524, stack(0x0000001db7e00000,0x0000001db7f00000) (1024K)]
  0x0000014b3e4c2540 WorkerThread "G1 Conc#0"                       [id=15400, stack(0x0000001db7f00000,0x0000001db8000000) (1024K)]
  0x0000014b63e4e960 WorkerThread "G1 Conc#1"                       [id=12960, stack(0x0000001dba200000,0x0000001dba300000) (1024K)]
  0x0000014b63e4fb80 WorkerThread "G1 Conc#2"                       [id=22600, stack(0x0000001dba300000,0x0000001dba400000) (1024K)]
  0x0000014b63e4e220 WorkerThread "G1 Conc#3"                       [id=19476, stack(0x0000001dba400000,0x0000001dba500000) (1024K)]
  0x0000014b5e69d6b0 ConcurrentGCThread "G1 Refine#0"               [id=8720, stack(0x0000001db8000000,0x0000001db8100000) (1024K)]
  0x0000014b5e69e0c0 ConcurrentGCThread "G1 Service"                [id=17236, stack(0x0000001db8100000,0x0000001db8200000) (1024K)]
Total: 23

Threads with active compile tasks:
Total: 0

VM state: at safepoint (normal execution)

VM Mutex/Monitor currently owned by a thread:  ([mutex/lock_event])
[0x00007ff89f21d380] Threads_lock - owner thread: 0x0000014b3e4c0be0
[0x00007ff89f21d480] Heap_lock - owner thread: 0x0000014b63f9ed60

Heap address: 0x0000000705200000, size: 4014 MB, Compressed Oops mode: Zero based, Oop shift amount: 3

CDS archive(s) not mapped
Compressed class space mapped at: 0x0000000800000000-0x0000000840000000, reserved size: 1073741824
Narrow klass base: 0x0000000800000000, Narrow klass shift: 0, Narrow klass range: 0x40000000

GC Precious Log:
 CardTable entry size: 512
 Card Set container configuration: InlinePtr #cards 4 size 8 Array Of Cards #cards 16 size 48 Howl #buckets 8 coarsen threshold 3686 Howl Bitmap #cards 512 size 80 coarsen threshold 460 Card regions per heap region 1 cards per card region 4096
 CPUs: 18 total, 18 available
 Memory: 16053M
 Large Page Support: Disabled
 NUMA Support: Disabled
 Compressed Oops: Enabled (Zero based)
 Heap Region Size: 2M
 Heap Min Capacity: 8M
 Heap Initial Capacity: 252M
 Heap Max Capacity: 4014M
 Pre-touch: Disabled
 Parallel Workers: 14
 Concurrent Workers: 4
 Concurrent Refinement Workers: 14
 Periodic GC: Disabled

Heap:
 garbage-first heap   total 296960K, used 216663K [0x0000000705200000, 0x0000000800000000)
  region size 2048K, 5 young (10240K), 5 survivors (10240K)
 Metaspace       used 48697K, committed 49216K, reserved 1114112K
  class space    used 4664K, committed 4928K, reserved 1048576K

Heap Regions: E=young(eden), S=young(survivor), O=old, HS=humongous(starts), HC=humongous(continues), CS=collection set, F=free, TAMS=top-at-mark-start, PB=parsable bottom
|   0|0x0000000705200000, 0x0000000705400000, 0x0000000705400000|100%| O|  |TAMS 0x0000000705200000| PB 0x0000000705200000| Untracked 
|   1|0x0000000705400000, 0x0000000705600000, 0x0000000705600000|100%| O|  |TAMS 0x0000000705400000| PB 0x0000000705400000| Untracked 
|   2|0x0000000705600000, 0x0000000705800000, 0x0000000705800000|100%| O|  |TAMS 0x0000000705600000| PB 0x0000000705600000| Untracked 
|   3|0x0000000705800000, 0x0000000705a00000, 0x0000000705a00000|100%| O|  |TAMS 0x0000000705800000| PB 0x0000000705800000| Untracked 
|   4|0x0000000705a00000, 0x0000000705c00000, 0x0000000705c00000|100%| O|  |TAMS 0x0000000705a00000| PB 0x0000000705a00000| Untracked 
|   5|0x0000000705c00000, 0x0000000705e00000, 0x0000000705e00000|100%| O|  |TAMS 0x0000000705c00000| PB 0x0000000705c00000| Untracked 
|   6|0x0000000705e00000, 0x0000000706000000, 0x0000000706000000|100%| O|  |TAMS 0x0000000705e00000| PB 0x0000000705e00000| Untracked 
|   7|0x0000000706000000, 0x0000000706200000, 0x0000000706200000|100%| O|  |TAMS 0x0000000706000000| PB 0x0000000706000000| Untracked 
|   8|0x0000000706200000, 0x0000000706400000, 0x0000000706400000|100%| O|  |TAMS 0x0000000706200000| PB 0x0000000706200000| Untracked 
|   9|0x0000000706400000, 0x0000000706600000, 0x0000000706600000|100%| O|  |TAMS 0x0000000706400000| PB 0x0000000706400000| Untracked 
|  10|0x0000000706600000, 0x0000000706800000, 0x0000000706800000|100%| O|  |TAMS 0x0000000706600000| PB 0x0000000706600000| Untracked 
|  11|0x0000000706800000, 0x0000000706a00000, 0x0000000706a00000|100%| O|  |TAMS 0x0000000706800000| PB 0x0000000706800000| Untracked 
|  12|0x0000000706a00000, 0x0000000706c00000, 0x0000000706c00000|100%| O|  |TAMS 0x0000000706a00000| PB 0x0000000706a00000| Untracked 
|  13|0x0000000706c00000, 0x0000000706e00000, 0x0000000706e00000|100%| O|  |TAMS 0x0000000706c00000| PB 0x0000000706c00000| Untracked 
|  14|0x0000000706e00000, 0x0000000707000000, 0x0000000707000000|100%| O|  |TAMS 0x0000000706e00000| PB 0x0000000706e00000| Untracked 
|  15|0x0000000707000000, 0x0000000707200000, 0x0000000707200000|100%| O|  |TAMS 0x0000000707000000| PB 0x0000000707000000| Untracked 
|  16|0x0000000707200000, 0x0000000707400000, 0x0000000707400000|100%| O|  |TAMS 0x0000000707200000| PB 0x0000000707200000| Untracked 
|  17|0x0000000707400000, 0x0000000707600000, 0x0000000707600000|100%| O|  |TAMS 0x0000000707400000| PB 0x0000000707400000| Untracked 
|  18|0x0000000707600000, 0x0000000707800000, 0x0000000707800000|100%| O|  |TAMS 0x0000000707600000| PB 0x0000000707600000| Untracked 
|  19|0x0000000707800000, 0x0000000707a00000, 0x0000000707a00000|100%| O|  |TAMS 0x0000000707800000| PB 0x0000000707800000| Untracked 
|  20|0x0000000707a00000, 0x0000000707c00000, 0x0000000707c00000|100%| O|  |TAMS 0x0000000707a00000| PB 0x0000000707a00000| Untracked 
|  21|0x0000000707c00000, 0x0000000707e00000, 0x0000000707e00000|100%| O|  |TAMS 0x0000000707c00000| PB 0x0000000707c00000| Untracked 
|  22|0x0000000707e00000, 0x0000000708000000, 0x0000000708000000|100%| O|  |TAMS 0x0000000707e00000| PB 0x0000000707e00000| Untracked 
|  23|0x0000000708000000, 0x0000000708200000, 0x0000000708200000|100%| O|  |TAMS 0x0000000708000000| PB 0x0000000708000000| Untracked 
|  24|0x0000000708200000, 0x0000000708400000, 0x0000000708400000|100%| O|  |TAMS 0x0000000708200000| PB 0x0000000708200000| Untracked 
|  25|0x0000000708400000, 0x0000000708600000, 0x0000000708600000|100%| O|  |TAMS 0x0000000708400000| PB 0x0000000708400000| Untracked 
|  26|0x0000000708600000, 0x0000000708800000, 0x0000000708800000|100%| O|  |TAMS 0x0000000708600000| PB 0x0000000708600000| Untracked 
|  27|0x0000000708800000, 0x0000000708a00000, 0x0000000708a00000|100%| O|  |TAMS 0x0000000708800000| PB 0x0000000708800000| Untracked 
|  28|0x0000000708a00000, 0x0000000708c00000, 0x0000000708c00000|100%| O|  |TAMS 0x0000000708a00000| PB 0x0000000708a00000| Untracked 
|  29|0x0000000708c00000, 0x0000000708c00000, 0x0000000708e00000|  0%| F|  |TAMS 0x0000000708c00000| PB 0x0000000708c00000| Untracked 
|  30|0x0000000708e00000, 0x0000000709000000, 0x0000000709000000|100%| O|  |TAMS 0x0000000708e00000| PB 0x0000000708e00000| Untracked 
|  31|0x0000000709000000, 0x0000000709200000, 0x0000000709200000|100%| O|  |TAMS 0x0000000709000000| PB 0x0000000709000000| Untracked 
|  32|0x0000000709200000, 0x0000000709400000, 0x0000000709400000|100%| O|  |TAMS 0x0000000709200000| PB 0x0000000709200000| Untracked 
|  33|0x0000000709400000, 0x0000000709600000, 0x0000000709600000|100%| O|  |TAMS 0x0000000709400000| PB 0x0000000709400000| Untracked 
|  34|0x0000000709600000, 0x0000000709800000, 0x0000000709800000|100%| O|  |TAMS 0x0000000709600000| PB 0x0000000709600000| Untracked 
|  35|0x0000000709800000, 0x0000000709a00000, 0x0000000709a00000|100%| O|  |TAMS 0x0000000709800000| PB 0x0000000709800000| Untracked 
|  36|0x0000000709a00000, 0x0000000709c00000, 0x0000000709c00000|100%| O|  |TAMS 0x0000000709a00000| PB 0x0000000709a00000| Untracked 
|  37|0x0000000709c00000, 0x0000000709e00000, 0x0000000709e00000|100%| O|  |TAMS 0x0000000709c00000| PB 0x0000000709c00000| Untracked 
|  38|0x0000000709e00000, 0x000000070a000000, 0x000000070a000000|100%| O|  |TAMS 0x0000000709e00000| PB 0x0000000709e00000| Untracked 
|  39|0x000000070a000000, 0x000000070a200000, 0x000000070a200000|100%| O|  |TAMS 0x000000070a000000| PB 0x000000070a000000| Untracked 
|  40|0x000000070a200000, 0x000000070a400000, 0x000000070a400000|100%| O|  |TAMS 0x000000070a200000| PB 0x000000070a200000| Untracked 
|  41|0x000000070a400000, 0x000000070a600000, 0x000000070a600000|100%| O|  |TAMS 0x000000070a400000| PB 0x000000070a400000| Untracked 
|  42|0x000000070a600000, 0x000000070a800000, 0x000000070a800000|100%| O|  |TAMS 0x000000070a600000| PB 0x000000070a600000| Untracked 
|  43|0x000000070a800000, 0x000000070aa00000, 0x000000070aa00000|100%| O|  |TAMS 0x000000070a800000| PB 0x000000070a800000| Untracked 
|  44|0x000000070aa00000, 0x000000070ac00000, 0x000000070ac00000|100%| O|  |TAMS 0x000000070aa00000| PB 0x000000070aa00000| Untracked 
|  45|0x000000070ac00000, 0x000000070ae00000, 0x000000070ae00000|100%| O|  |TAMS 0x000000070ac00000| PB 0x000000070ac00000| Untracked 
|  46|0x000000070ae00000, 0x000000070b000000, 0x000000070b000000|100%|HS|  |TAMS 0x000000070ae00000| PB 0x000000070ae00000| Complete 
|  47|0x000000070b000000, 0x000000070b200000, 0x000000070b200000|100%|HC|  |TAMS 0x000000070b000000| PB 0x000000070b000000| Complete 
|  48|0x000000070b200000, 0x000000070b400000, 0x000000070b400000|100%| O|  |TAMS 0x000000070b200000| PB 0x000000070b200000| Untracked 
|  49|0x000000070b400000, 0x000000070b600000, 0x000000070b600000|100%| O|  |TAMS 0x000000070b400000| PB 0x000000070b400000| Untracked 
|  50|0x000000070b600000, 0x000000070b800000, 0x000000070b800000|100%| O|  |TAMS 0x000000070b600000| PB 0x000000070b600000| Untracked 
|  51|0x000000070b800000, 0x000000070ba00000, 0x000000070ba00000|100%| O|  |TAMS 0x000000070b800000| PB 0x000000070b800000| Untracked 
|  52|0x000000070ba00000, 0x000000070bc00000, 0x000000070bc00000|100%| O|  |TAMS 0x000000070ba00000| PB 0x000000070ba00000| Untracked 
|  53|0x000000070bc00000, 0x000000070be00000, 0x000000070be00000|100%| O|  |TAMS 0x000000070bc00000| PB 0x000000070bc00000| Untracked 
|  54|0x000000070be00000, 0x000000070c000000, 0x000000070c000000|100%| O|  |TAMS 0x000000070be00000| PB 0x000000070be00000| Untracked 
|  55|0x000000070c000000, 0x000000070c200000, 0x000000070c200000|100%| O|  |TAMS 0x000000070c000000| PB 0x000000070c000000| Untracked 
|  56|0x000000070c200000, 0x000000070c400000, 0x000000070c400000|100%| O|  |TAMS 0x000000070c200000| PB 0x000000070c200000| Untracked 
|  57|0x000000070c400000, 0x000000070c600000, 0x000000070c600000|100%| O|  |TAMS 0x000000070c400000| PB 0x000000070c400000| Untracked 
|  58|0x000000070c600000, 0x000000070c800000, 0x000000070c800000|100%| O|  |TAMS 0x000000070c600000| PB 0x000000070c600000| Untracked 
|  59|0x000000070c800000, 0x000000070ca00000, 0x000000070ca00000|100%| O|  |TAMS 0x000000070c800000| PB 0x000000070c800000| Untracked 
|  60|0x000000070ca00000, 0x000000070ca00000, 0x000000070cc00000|  0%| F|  |TAMS 0x000000070ca00000| PB 0x000000070ca00000| Untracked 
|  61|0x000000070cc00000, 0x000000070ce00000, 0x000000070ce00000|100%| O|  |TAMS 0x000000070cc00000| PB 0x000000070cc00000| Untracked 
|  62|0x000000070ce00000, 0x000000070d000000, 0x000000070d000000|100%| O|  |TAMS 0x000000070ce00000| PB 0x000000070ce00000| Untracked 
|  63|0x000000070d000000, 0x000000070d200000, 0x000000070d200000|100%| O|  |TAMS 0x000000070d000000| PB 0x000000070d000000| Untracked 
|  64|0x000000070d200000, 0x000000070d400000, 0x000000070d400000|100%|HS|  |TAMS 0x000000070d200000| PB 0x000000070d200000| Complete 
|  65|0x000000070d400000, 0x000000070d600000, 0x000000070d600000|100%|HC|  |TAMS 0x000000070d400000| PB 0x000000070d400000| Complete 
|  66|0x000000070d600000, 0x000000070d800000, 0x000000070d800000|100%| O|  |TAMS 0x000000070d600000| PB 0x000000070d600000| Untracked 
|  67|0x000000070d800000, 0x000000070da00000, 0x000000070da00000|100%| O|  |TAMS 0x000000070d800000| PB 0x000000070d800000| Untracked 
|  68|0x000000070da00000, 0x000000070dc00000, 0x000000070dc00000|100%| O|  |TAMS 0x000000070da00000| PB 0x000000070da00000| Untracked 
|  69|0x000000070dc00000, 0x000000070de00000, 0x000000070de00000|100%| O|  |TAMS 0x000000070dc00000| PB 0x000000070dc00000| Untracked 
|  70|0x000000070de00000, 0x000000070e000000, 0x000000070e000000|100%| O|  |TAMS 0x000000070de00000| PB 0x000000070de00000| Untracked 
|  71|0x000000070e000000, 0x000000070e000000, 0x000000070e200000|  0%| F|  |TAMS 0x000000070e000000| PB 0x000000070e000000| Untracked 
|  72|0x000000070e200000, 0x000000070e400000, 0x000000070e400000|100%| O|  |TAMS 0x000000070e200000| PB 0x000000070e200000| Untracked 
|  73|0x000000070e400000, 0x000000070e400000, 0x000000070e600000|  0%| F|  |TAMS 0x000000070e400000| PB 0x000000070e400000| Untracked 
|  74|0x000000070e600000, 0x000000070e800000, 0x000000070e800000|100%| O|  |TAMS 0x000000070e600000| PB 0x000000070e600000| Untracked 
|  75|0x000000070e800000, 0x000000070ea00000, 0x000000070ea00000|100%| O|  |TAMS 0x000000070e800000| PB 0x000000070e800000| Untracked 
|  76|0x000000070ea00000, 0x000000070ec00000, 0x000000070ec00000|100%| O|  |TAMS 0x000000070ea00000| PB 0x000000070ea00000| Untracked 
|  77|0x000000070ec00000, 0x000000070ee00000, 0x000000070ee00000|100%| O|  |TAMS 0x000000070ec00000| PB 0x000000070ec00000| Untracked 
|  78|0x000000070ee00000, 0x000000070f000000, 0x000000070f000000|100%| O|  |TAMS 0x000000070ee00000| PB 0x000000070ee00000| Untracked 
|  79|0x000000070f000000, 0x000000070f200000, 0x000000070f200000|100%| O|  |TAMS 0x000000070f000000| PB 0x000000070f000000| Untracked 
|  80|0x000000070f200000, 0x000000070f400000, 0x000000070f400000|100%| O|  |TAMS 0x000000070f200000| PB 0x000000070f200000| Untracked 
|  81|0x000000070f400000, 0x000000070f600000, 0x000000070f600000|100%| O|  |TAMS 0x000000070f400000| PB 0x000000070f400000| Untracked 
|  82|0x000000070f600000, 0x000000070f800000, 0x000000070f800000|100%| O|  |TAMS 0x000000070f600000| PB 0x000000070f600000| Untracked 
|  83|0x000000070f800000, 0x000000070fa00000, 0x000000070fa00000|100%| O|  |TAMS 0x000000070f800000| PB 0x000000070f800000| Untracked 
|  84|0x000000070fa00000, 0x000000070fc00000, 0x000000070fc00000|100%| O|  |TAMS 0x000000070fa00000| PB 0x000000070fa00000| Untracked 
|  85|0x000000070fc00000, 0x000000070fe00000, 0x000000070fe00000|100%| O|  |TAMS 0x000000070fc00000| PB 0x000000070fc00000| Untracked 
|  86|0x000000070fe00000, 0x0000000710000000, 0x0000000710000000|100%| O|  |TAMS 0x000000070fe00000| PB 0x000000070fe00000| Untracked 
|  87|0x0000000710000000, 0x0000000710200000, 0x0000000710200000|100%| O|  |TAMS 0x0000000710000000| PB 0x0000000710000000| Untracked 
|  88|0x0000000710200000, 0x0000000710400000, 0x0000000710400000|100%| O|  |TAMS 0x0000000710200000| PB 0x0000000710200000| Untracked 
|  89|0x0000000710400000, 0x0000000710600000, 0x0000000710600000|100%| O|  |TAMS 0x0000000710400000| PB 0x0000000710400000| Untracked 
|  90|0x0000000710600000, 0x0000000710800000, 0x0000000710800000|100%| O|  |TAMS 0x0000000710600000| PB 0x0000000710600000| Untracked 
|  91|0x0000000710800000, 0x0000000710a00000, 0x0000000710a00000|100%| O|  |TAMS 0x0000000710800000| PB 0x0000000710800000| Untracked 
|  92|0x0000000710a00000, 0x0000000710c00000, 0x0000000710c00000|100%| O|  |TAMS 0x0000000710a00000| PB 0x0000000710a00000| Untracked 
|  93|0x0000000710c00000, 0x0000000710e00000, 0x0000000710e00000|100%| O|  |TAMS 0x0000000710c00000| PB 0x0000000710c00000| Untracked 
|  94|0x0000000710e00000, 0x0000000711000000, 0x0000000711000000|100%| O|  |TAMS 0x0000000710e00000| PB 0x0000000710e00000| Untracked 
|  95|0x0000000711000000, 0x0000000711200000, 0x0000000711200000|100%| O|  |TAMS 0x0000000711000000| PB 0x0000000711000000| Untracked 
|  96|0x0000000711200000, 0x0000000711400000, 0x0000000711400000|100%| O|  |TAMS 0x0000000711200000| PB 0x0000000711200000| Untracked 
|  97|0x0000000711400000, 0x0000000711600000, 0x0000000711600000|100%| O|  |TAMS 0x0000000711400000| PB 0x0000000711400000| Untracked 
|  98|0x0000000711600000, 0x0000000711800000, 0x0000000711800000|100%| O|  |TAMS 0x0000000711600000| PB 0x0000000711600000| Untracked 
|  99|0x0000000711800000, 0x0000000711a00000, 0x0000000711a00000|100%| O|  |TAMS 0x0000000711800000| PB 0x0000000711800000| Untracked 
| 100|0x0000000711a00000, 0x0000000711c00000, 0x0000000711c00000|100%| O|  |TAMS 0x0000000711a00000| PB 0x0000000711a00000| Untracked 
| 101|0x0000000711c00000, 0x0000000711c00000, 0x0000000711e00000|  0%| F|  |TAMS 0x0000000711c00000| PB 0x0000000711c00000| Untracked 
| 102|0x0000000711e00000, 0x0000000711e00000, 0x0000000712000000|  0%| F|  |TAMS 0x0000000711e00000| PB 0x0000000711e00000| Untracked 
| 103|0x0000000712000000, 0x0000000712000000, 0x0000000712200000|  0%| F|  |TAMS 0x0000000712000000| PB 0x0000000712000000| Untracked 
| 104|0x0000000712200000, 0x0000000712200000, 0x0000000712400000|  0%| F|  |TAMS 0x0000000712200000| PB 0x0000000712200000| Untracked 
| 105|0x0000000712400000, 0x0000000712400000, 0x0000000712600000|  0%| F|  |TAMS 0x0000000712400000| PB 0x0000000712400000| Untracked 
| 106|0x0000000712600000, 0x0000000712600000, 0x0000000712800000|  0%| F|  |TAMS 0x0000000712600000| PB 0x0000000712600000| Untracked 
| 107|0x0000000712800000, 0x0000000712a00000, 0x0000000712a00000|100%| O|  |TAMS 0x0000000712800000| PB 0x0000000712800000| Untracked 
| 108|0x0000000712a00000, 0x0000000712c00000, 0x0000000712c00000|100%| O|  |TAMS 0x0000000712a00000| PB 0x0000000712a00000| Untracked 
| 109|0x0000000712c00000, 0x0000000712d95cc0, 0x0000000712e00000| 79%| O|  |TAMS 0x0000000712c00000| PB 0x0000000712c00000| Untracked 
| 110|0x0000000712e00000, 0x0000000712e00000, 0x0000000713000000|  0%| F|  |TAMS 0x0000000712e00000| PB 0x0000000712e00000| Untracked 
| 111|0x0000000713000000, 0x0000000713000000, 0x0000000713200000|  0%| F|  |TAMS 0x0000000713000000| PB 0x0000000713000000| Untracked 
| 112|0x0000000713200000, 0x0000000713400000, 0x0000000713400000|100%| S|CS|TAMS 0x0000000713200000| PB 0x0000000713200000| Complete 
| 113|0x0000000713400000, 0x0000000713600000, 0x0000000713600000|100%| S|CS|TAMS 0x0000000713400000| PB 0x0000000713400000| Complete 
| 114|0x0000000713600000, 0x0000000713800000, 0x0000000713800000|100%| S|CS|TAMS 0x0000000713600000| PB 0x0000000713600000| Complete 
| 115|0x0000000713800000, 0x0000000713a00000, 0x0000000713a00000|100%| S|CS|TAMS 0x0000000713800000| PB 0x0000000713800000| Complete 
| 116|0x0000000713a00000, 0x0000000713c00000, 0x0000000713c00000|100%| S|CS|TAMS 0x0000000713a00000| PB 0x0000000713a00000| Complete 
| 117|0x0000000713c00000, 0x0000000713c00000, 0x0000000713e00000|  0%| F|  |TAMS 0x0000000713c00000| PB 0x0000000713c00000| Untracked 
| 118|0x0000000713e00000, 0x0000000713e00000, 0x0000000714000000|  0%| F|  |TAMS 0x0000000713e00000| PB 0x0000000713e00000| Untracked 
| 119|0x0000000714000000, 0x0000000714000000, 0x0000000714200000|  0%| F|  |TAMS 0x0000000714000000| PB 0x0000000714000000| Untracked 
| 120|0x0000000714200000, 0x0000000714200000, 0x0000000714400000|  0%| F|  |TAMS 0x0000000714200000| PB 0x0000000714200000| Untracked 
| 121|0x0000000714400000, 0x0000000714400000, 0x0000000714600000|  0%| F|  |TAMS 0x0000000714400000| PB 0x0000000714400000| Untracked 
| 122|0x0000000714600000, 0x0000000714600000, 0x0000000714800000|  0%| F|  |TAMS 0x0000000714600000| PB 0x0000000714600000| Untracked 
| 123|0x0000000714800000, 0x0000000714800000, 0x0000000714a00000|  0%| F|  |TAMS 0x0000000714800000| PB 0x0000000714800000| Untracked 
| 124|0x0000000714a00000, 0x0000000714a00000, 0x0000000714c00000|  0%| F|  |TAMS 0x0000000714a00000| PB 0x0000000714a00000| Untracked 
| 125|0x0000000714c00000, 0x0000000714c00000, 0x0000000714e00000|  0%| F|  |TAMS 0x0000000714c00000| PB 0x0000000714c00000| Untracked 
| 126|0x0000000714e00000, 0x0000000714e00000, 0x0000000715000000|  0%| F|  |TAMS 0x0000000714e00000| PB 0x0000000714e00000| Untracked 
| 127|0x0000000715000000, 0x0000000715000000, 0x0000000715200000|  0%| F|  |TAMS 0x0000000715000000| PB 0x0000000715000000| Untracked 
| 128|0x0000000715200000, 0x0000000715200000, 0x0000000715400000|  0%| F|  |TAMS 0x0000000715200000| PB 0x0000000715200000| Untracked 
| 129|0x0000000715400000, 0x0000000715400000, 0x0000000715600000|  0%| F|  |TAMS 0x0000000715400000| PB 0x0000000715400000| Untracked 
| 130|0x0000000715600000, 0x0000000715600000, 0x0000000715800000|  0%| F|  |TAMS 0x0000000715600000| PB 0x0000000715600000| Untracked 
| 131|0x0000000715800000, 0x0000000715800000, 0x0000000715a00000|  0%| F|  |TAMS 0x0000000715800000| PB 0x0000000715800000| Untracked 
| 132|0x0000000715a00000, 0x0000000715a00000, 0x0000000715c00000|  0%| F|  |TAMS 0x0000000715a00000| PB 0x0000000715a00000| Untracked 
| 133|0x0000000715c00000, 0x0000000715c00000, 0x0000000715e00000|  0%| F|  |TAMS 0x0000000715c00000| PB 0x0000000715c00000| Untracked 
| 134|0x0000000715e00000, 0x0000000715e00000, 0x0000000716000000|  0%| F|  |TAMS 0x0000000715e00000| PB 0x0000000715e00000| Untracked 
| 135|0x0000000716000000, 0x0000000716000000, 0x0000000716200000|  0%| F|  |TAMS 0x0000000716000000| PB 0x0000000716000000| Untracked 
| 136|0x0000000716200000, 0x0000000716200000, 0x0000000716400000|  0%| F|  |TAMS 0x0000000716200000| PB 0x0000000716200000| Untracked 
| 137|0x0000000716400000, 0x0000000716400000, 0x0000000716600000|  0%| F|  |TAMS 0x0000000716400000| PB 0x0000000716400000| Untracked 
| 138|0x0000000716600000, 0x0000000716600000, 0x0000000716800000|  0%| F|  |TAMS 0x0000000716600000| PB 0x0000000716600000| Untracked 
| 139|0x0000000716800000, 0x0000000716800000, 0x0000000716a00000|  0%| F|  |TAMS 0x0000000716800000| PB 0x0000000716800000| Untracked 
| 140|0x0000000716a00000, 0x0000000716a00000, 0x0000000716c00000|  0%| F|  |TAMS 0x0000000716a00000| PB 0x0000000716a00000| Untracked 
| 141|0x0000000716c00000, 0x0000000716c00000, 0x0000000716e00000|  0%| F|  |TAMS 0x0000000716c00000| PB 0x0000000716c00000| Untracked 
| 142|0x0000000716e00000, 0x0000000716e00000, 0x0000000717000000|  0%| F|  |TAMS 0x0000000716e00000| PB 0x0000000716e00000| Untracked 
| 143|0x0000000717000000, 0x0000000717000000, 0x0000000717200000|  0%| F|  |TAMS 0x0000000717000000| PB 0x0000000717000000| Untracked 
|2006|0x00000007ffe00000, 0x0000000800000000, 0x0000000800000000|100%| O|  |TAMS 0x00000007ffe00000| PB 0x00000007ffe00000| Untracked 

Card table byte_map: [0x0000014b577f0000,0x0000014b57fd0000] _byte_map_base: 0x0000014b53fc7000

Marking Bits: (CMBitMap*) 0x0000014b40b38040
 Bits: [0x0000014b57fd0000, 0x0000014b5be88000)

Polling page: 0x0000014b3e7d0000

Metaspace:

Usage:
  Non-class:     43.00 MB used.
      Class:      4.56 MB used.
       Both:     47.56 MB used.

Virtual space:
  Non-class space:       64.00 MB reserved,      43.25 MB ( 68%) committed,  1 nodes.
      Class space:        1.00 GB reserved,       4.81 MB ( <1%) committed,  1 nodes.
             Both:        1.06 GB reserved,      48.06 MB (  4%) committed. 

Chunk freelists:
   Non-Class:  4.31 MB
       Class:  11.10 MB
        Both:  15.41 MB

MaxMetaspaceSize: unlimited
CompressedClassSpaceSize: 1.00 GB
Initial GC threshold: 21.00 MB
Current GC threshold: 79.94 MB
CDS: off
 - commit_granule_bytes: 65536.
 - commit_granule_words: 8192.
 - virtual_space_node_default_size: 8388608.
 - enlarge_chunks_in_place: 1.
 - use_allocation_guard: 0.


Internal statistics:

num_allocs_failed_limit: 3.
num_arena_births: 686.
num_arena_deaths: 82.
num_vsnodes_births: 2.
num_vsnodes_deaths: 0.
num_space_committed: 766.
num_space_uncommitted: 0.
num_chunks_returned_to_freelist: 116.
num_chunks_taken_from_freelist: 2123.
num_chunk_merges: 14.
num_chunk_splits: 1330.
num_chunks_enlarged: 869.
num_inconsistent_stats: 0.

CodeHeap 'non-profiled nmethods': size=119168Kb used=6516Kb max_used=6516Kb free=112651Kb
 bounds [0x0000014b4f210000, 0x0000014b4f870000, 0x0000014b56670000]
CodeHeap 'profiled nmethods': size=119104Kb used=20775Kb max_used=20810Kb free=98328Kb
 bounds [0x0000014b47670000, 0x0000014b48ae0000, 0x0000014b4eac0000]
CodeHeap 'non-nmethods': size=7488Kb used=2161Kb max_used=3351Kb free=5326Kb
 bounds [0x0000014b4eac0000, 0x0000014b4ee20000, 0x0000014b4f210000]
 total_blobs=9711 nmethods=9064 adapters=549
 compilation: enabled
              stopped_count=0, restarted_count=0
 full_count=0

Compilation events (20 events):
Event: 47.121 Thread 0x0000014b630cdda0 nmethod 11054 0x0000014b47c71710 code [0x0000014b47c718a0, 0x0000014b47c719c0]
Event: 47.121 Thread 0x0000014b64c702d0 nmethod 11055 0x0000014b47bda290 code [0x0000014b47bda440, 0x0000014b47bda630]
Event: 47.122 Thread 0x0000014b64c702d0 11056       3       sun.security.provider.certpath.CertPathConstraintsParameters::getKeys (21 bytes)
Event: 47.122 Thread 0x0000014b630cdda0 11057       3       sun.security.x509.X509CertImpl::toImpl (17 bytes)
Event: 47.122 Thread 0x0000014b64c702d0 nmethod 11056 0x0000014b48291790 code [0x0000014b482919a0, 0x0000014b48292050]
Event: 47.122 Thread 0x0000014b630cdda0 nmethod 11057 0x0000014b47bd9b10 code [0x0000014b47bd9ce0, 0x0000014b47bda038]
Event: 47.122 Thread 0x0000014b630cdda0 11059   !   3       sun.security.ssl.SSLSecretDerivation::createHkdfInfo (53 bytes)
Event: 47.122 Thread 0x0000014b630ecf30 11058       4       java.security.MessageDigest::digest (12 bytes)
Event: 47.123 Thread 0x0000014b630cdda0 nmethod 11059 0x0000014b47ffe610 code [0x0000014b47ffe860, 0x0000014b47fff090]
Event: 47.125 Thread 0x0000014b630ecf30 nmethod 11058 0x0000014b4f86c690 code [0x0000014b4f86c860, 0x0000014b4f86cc78]
Event: 47.125 Thread 0x0000014b630ecf30 11060       4       java.util.Arrays::fill (23 bytes)
Event: 47.127 Thread 0x0000014b630ecf30 nmethod 11060 0x0000014b4f86cf10 code [0x0000014b4f86d0a0, 0x0000014b4f86d248]
Event: 47.268 Thread 0x0000014b630cdda0 11061       3       okhttp3.internal.http2.Settings::set (38 bytes)
Event: 47.268 Thread 0x0000014b630cdda0 nmethod 11061 0x0000014b47c45690 code [0x0000014b47c45840, 0x0000014b47c45a08]
Event: 47.521 Thread 0x0000014b64c702d0 11062       3       okhttp3.Headers$Builder::build (9 bytes)
Event: 47.522 Thread 0x0000014b630cdda0 11063       3       okhttp3.Headers::<init> (33 bytes)
Event: 47.522 Thread 0x0000014b64c702d0 nmethod 11062 0x0000014b47c44d10 code [0x0000014b47c44f00, 0x0000014b47c454b0]
Event: 47.522 Thread 0x0000014b630cdda0 nmethod 11063 0x0000014b47dfcd10 code [0x0000014b47dfcee0, 0x0000014b47dfd3e0]
Event: 47.734 Thread 0x0000014b64c702d0 11064       3       com.google.gson.internal.$Gson$Types$ParameterizedTypeImpl::<init> (162 bytes)
Event: 47.735 Thread 0x0000014b64c702d0 nmethod 11064 0x0000014b48898e90 code [0x0000014b488991a0, 0x0000014b4889a630]

GC Heap History (20 events):
Event: 32.739 GC heap after
{Heap after GC invocations=28 (full 0):
 garbage-first heap   total 188416K, used 112640K [0x0000000705200000, 0x0000000800000000)
  region size 2048K, 4 young (8192K), 4 survivors (8192K)
 Metaspace       used 47071K, committed 47552K, reserved 1114112K
  class space    used 4569K, committed 4800K, reserved 1048576K
}
Event: 32.817 GC heap before
{Heap before GC invocations=28 (full 0):
 garbage-first heap   total 188416K, used 155648K [0x0000000705200000, 0x0000000800000000)
  region size 2048K, 25 young (51200K), 4 survivors (8192K)
 Metaspace       used 47138K, committed 47616K, reserved 1114112K
  class space    used 4569K, committed 4800K, reserved 1048576K
}
Event: 32.830 GC heap after
{Heap after GC invocations=29 (full 0):
 garbage-first heap   total 188416K, used 130712K [0x0000000705200000, 0x0000000800000000)
  region size 2048K, 4 young (8192K), 4 survivors (8192K)
 Metaspace       used 47138K, committed 47616K, reserved 1114112K
  class space    used 4569K, committed 4800K, reserved 1048576K
}
Event: 34.415 GC heap before
{Heap before GC invocations=29 (full 0):
 garbage-first heap   total 188416K, used 157336K [0x0000000705200000, 0x0000000800000000)
  region size 2048K, 17 young (34816K), 4 survivors (8192K)
 Metaspace       used 47157K, committed 47616K, reserved 1114112K
  class space    used 4569K, committed 4800K, reserved 1048576K
}
Event: 34.419 GC heap after
{Heap after GC invocations=30 (full 0):
 garbage-first heap   total 292864K, used 133668K [0x0000000705200000, 0x0000000800000000)
  region size 2048K, 1 young (2048K), 1 survivors (2048K)
 Metaspace       used 47157K, committed 47616K, reserved 1114112K
  class space    used 4569K, committed 4800K, reserved 1048576K
}
Event: 38.029 GC heap before
{Heap before GC invocations=31 (full 0):
 garbage-first heap   total 292864K, used 209444K [0x0000000705200000, 0x0000000800000000)
  region size 2048K, 47 young (96256K), 1 survivors (2048K)
 Metaspace       used 47208K, committed 47680K, reserved 1114112K
  class space    used 4564K, committed 4800K, reserved 1048576K
}
Event: 38.033 GC heap after
{Heap after GC invocations=32 (full 0):
 garbage-first heap   total 292864K, used 124619K [0x0000000705200000, 0x0000000800000000)
  region size 2048K, 5 young (10240K), 5 survivors (10240K)
 Metaspace       used 47208K, committed 47680K, reserved 1114112K
  class space    used 4564K, committed 4800K, reserved 1048576K
}
Event: 38.249 GC heap before
{Heap before GC invocations=32 (full 0):
 garbage-first heap   total 292864K, used 249547K [0x0000000705200000, 0x0000000800000000)
  region size 2048K, 61 young (124928K), 5 survivors (10240K)
 Metaspace       used 47505K, committed 47936K, reserved 1114112K
  class space    used 4571K, committed 4800K, reserved 1048576K
}
Event: 38.258 GC heap after
{Heap after GC invocations=33 (full 0):
 garbage-first heap   total 292864K, used 127247K [0x0000000705200000, 0x0000000800000000)
  region size 2048K, 8 young (16384K), 8 survivors (16384K)
 Metaspace       used 47505K, committed 47936K, reserved 1114112K
  class space    used 4571K, committed 4800K, reserved 1048576K
}
Event: 38.442 GC heap before
{Heap before GC invocations=33 (full 0):
 garbage-first heap   total 292864K, used 227599K [0x0000000705200000, 0x0000000800000000)
  region size 2048K, 57 young (116736K), 8 survivors (16384K)
 Metaspace       used 47697K, committed 48128K, reserved 1114112K
  class space    used 4575K, committed 4800K, reserved 1048576K
}
Event: 38.455 GC heap after
{Heap after GC invocations=34 (full 0):
 garbage-first heap   total 292864K, used 146870K [0x0000000705200000, 0x0000000800000000)
  region size 2048K, 8 young (16384K), 8 survivors (16384K)
 Metaspace       used 47697K, committed 48128K, reserved 1114112K
  class space    used 4575K, committed 4800K, reserved 1048576K
}
Event: 38.744 GC heap before
{Heap before GC invocations=35 (full 0):
 garbage-first heap   total 292864K, used 241078K [0x0000000705200000, 0x0000000800000000)
  region size 2048K, 54 young (110592K), 8 survivors (16384K)
 Metaspace       used 48227K, committed 48704K, reserved 1114112K
  class space    used 4629K, committed 4864K, reserved 1048576K
}
Event: 38.752 GC heap after
{Heap after GC invocations=36 (full 0):
 garbage-first heap   total 292864K, used 153536K [0x0000000705200000, 0x0000000800000000)
  region size 2048K, 3 young (6144K), 3 survivors (6144K)
 Metaspace       used 48227K, committed 48704K, reserved 1114112K
  class space    used 4629K, committed 4864K, reserved 1048576K
}
Event: 39.265 GC heap before
{Heap before GC invocations=36 (full 0):
 garbage-first heap   total 292864K, used 247744K [0x0000000705200000, 0x0000000800000000)
  region size 2048K, 49 young (100352K), 3 survivors (6144K)
 Metaspace       used 48448K, committed 48896K, reserved 1114112K
  class space    used 4644K, committed 4864K, reserved 1048576K
}
Event: 39.275 GC heap after
{Heap after GC invocations=37 (full 0):
 garbage-first heap   total 292864K, used 162833K [0x0000000705200000, 0x0000000800000000)
  region size 2048K, 7 young (14336K), 7 survivors (14336K)
 Metaspace       used 48448K, committed 48896K, reserved 1114112K
  class space    used 4644K, committed 4864K, reserved 1048576K
}
Event: 44.883 GC heap before
{Heap before GC invocations=37 (full 0):
 garbage-first heap   total 292864K, used 250897K [0x0000000705200000, 0x0000000800000000)
  region size 2048K, 50 young (102400K), 7 survivors (14336K)
 Metaspace       used 48578K, committed 49088K, reserved 1114112K
  class space    used 4659K, committed 4928K, reserved 1048576K
}
Event: 44.893 GC heap after
{Heap after GC invocations=38 (full 0):
 garbage-first heap   total 292864K, used 177077K [0x0000000705200000, 0x0000000800000000)
  region size 2048K, 7 young (14336K), 7 survivors (14336K)
 Metaspace       used 48578K, committed 49088K, reserved 1114112K
  class space    used 4659K, committed 4928K, reserved 1048576K
}
Event: 45.220 GC heap before
{Heap before GC invocations=39 (full 0):
 garbage-first heap   total 296960K, used 252853K [0x0000000705200000, 0x0000000800000000)
  region size 2048K, 44 young (90112K), 7 survivors (14336K)
 Metaspace       used 48660K, committed 49216K, reserved 1114112K
  class space    used 4664K, committed 4928K, reserved 1048576K
}
Event: 45.229 GC heap after
{Heap after GC invocations=40 (full 0):
 garbage-first heap   total 296960K, used 199859K [0x0000000705200000, 0x0000000800000000)
  region size 2048K, 6 young (12288K), 6 survivors (12288K)
 Metaspace       used 48660K, committed 49216K, reserved 1114112K
  class space    used 4664K, committed 4928K, reserved 1048576K
}
Event: 47.747 GC heap before
{Heap before GC invocations=40 (full 0):
 garbage-first heap   total 296960K, used 255155K [0x0000000705200000, 0x0000000800000000)
  region size 2048K, 33 young (67584K), 6 survivors (12288K)
 Metaspace       used 48697K, committed 49216K, reserved 1114112K
  class space    used 4664K, committed 4928K, reserved 1048576K
}

Dll operation events (6 events):
Event: 0.005 Loaded shared library C:\Program Files\Ballerina\dependencies\jdk-21.0.5+11-jre\bin\java.dll
Event: 0.104 Loaded shared library C:\Program Files\Ballerina\dependencies\jdk-21.0.5+11-jre\bin\net.dll
Event: 0.106 Loaded shared library C:\Program Files\Ballerina\dependencies\jdk-21.0.5+11-jre\bin\nio.dll
Event: 0.113 Loaded shared library C:\Program Files\Ballerina\dependencies\jdk-21.0.5+11-jre\bin\zip.dll
Event: 0.240 Loaded shared library C:\Program Files\Ballerina\dependencies\jdk-21.0.5+11-jre\bin\jimage.dll
Event: 4.226 Loaded shared library C:\Program Files\Ballerina\dependencies\jdk-21.0.5+11-jre\bin\extnet.dll

Deoptimization events (20 events):
Event: 45.232 Thread 0x0000014b63f9ed60 Uncommon trap: trap_request=0xffffff45 fr.pc=0x0000014b4f5c06e8 relative=0x0000000000001808
Event: 45.232 Thread 0x0000014b63f9ed60 Uncommon trap: reason=unstable_if action=reinterpret pc=0x0000014b4f5c06e8 method=io.ballerina.compiler.internal.parser.BallerinaParser.getBuiltinTypeSyntaxKind(Lio/ballerina/compiler/syntax/tree/SyntaxKind;)Lio/ballerina/compiler/syntax/tree/SyntaxKind; 
Event: 45.232 Thread 0x0000014b63f9ed60 DEOPT PACKING pc=0x0000014b4f5c06e8 sp=0x0000001db99fd550
Event: 45.232 Thread 0x0000014b63f9ed60 DEOPT UNPACKING pc=0x0000014b4eb146a2 sp=0x0000001db99fd3d0 mode 2
Event: 45.232 Thread 0x0000014b63f9ed60 Uncommon trap: trap_request=0xffffff45 fr.pc=0x0000014b4f3dc3bc relative=0x000000000000093c
Event: 45.232 Thread 0x0000014b63f9ed60 Uncommon trap: reason=unstable_if action=reinterpret pc=0x0000014b4f3dc3bc method=io.ballerina.compiler.internal.parser.BallerinaParser.getBuiltinTypeSyntaxKind(Lio/ballerina/compiler/syntax/tree/SyntaxKind;)Lio/ballerina/compiler/syntax/tree/SyntaxKind; 
Event: 45.232 Thread 0x0000014b63f9ed60 DEOPT PACKING pc=0x0000014b4f3dc3bc sp=0x0000001db99fd4c0
Event: 45.232 Thread 0x0000014b63f9ed60 DEOPT UNPACKING pc=0x0000014b4eb146a2 sp=0x0000001db99fd3c8 mode 2
Event: 45.252 Thread 0x0000014b63f9ed60 Uncommon trap: trap_request=0xffffff45 fr.pc=0x0000014b4f83905c relative=0x000000000000019c
Event: 45.252 Thread 0x0000014b63f9ed60 Uncommon trap: reason=unstable_if action=reinterpret pc=0x0000014b4f83905c method=io.ballerina.compiler.internal.parser.BallerinaParser.isTopLevelQualifier(Lio/ballerina/compiler/syntax/tree/SyntaxKind;)Z @ 72 c2
Event: 45.252 Thread 0x0000014b63f9ed60 DEOPT PACKING pc=0x0000014b4f83905c sp=0x0000001db99fdc40
Event: 45.252 Thread 0x0000014b63f9ed60 DEOPT UNPACKING pc=0x0000014b4eb146a2 sp=0x0000001db99fdbc8 mode 2
Event: 45.262 Thread 0x0000014b63f9ed60 Uncommon trap: trap_request=0xffffff45 fr.pc=0x0000014b4f3e489c relative=0x00000000000057fc
Event: 45.262 Thread 0x0000014b63f9ed60 Uncommon trap: reason=unstable_if action=reinterpret pc=0x0000014b4f3e489c method=io.ballerina.compiler.internal.parser.BallerinaLexer.readToken()Lio/ballerina/compiler/internal/parser/tree/STToken; @ 56 c2
Event: 45.262 Thread 0x0000014b63f9ed60 DEOPT PACKING pc=0x0000014b4f3e489c sp=0x0000001db99fc860
Event: 45.262 Thread 0x0000014b63f9ed60 DEOPT UNPACKING pc=0x0000014b4eb146a2 sp=0x0000001db99fc820 mode 2
Event: 45.527 Thread 0x0000014b63f9ed60 DEOPT PACKING pc=0x0000014b48237ef0 sp=0x0000001db99fc5d0
Event: 45.527 Thread 0x0000014b63f9ed60 DEOPT UNPACKING pc=0x0000014b4eb14e42 sp=0x0000001db99fba50 mode 0
Event: 47.122 Thread 0x0000014b63f9ed60 DEOPT PACKING pc=0x0000014b48241a59 sp=0x0000001db99fc3a0
Event: 47.122 Thread 0x0000014b63f9ed60 DEOPT UNPACKING pc=0x0000014b4eb14e42 sp=0x0000001db99fb820 mode 0

Classes loaded (20 events):
Event: 8.438 Loading class java/text/MessageFormat$Field
Event: 8.438 Loading class java/text/Format$Field
Event: 8.438 Loading class java/text/AttributedCharacterIterator$Attribute
Event: 8.439 Loading class java/text/AttributedCharacterIterator$Attribute done
Event: 8.439 Loading class java/text/Format$Field done
Event: 8.439 Loading class java/text/MessageFormat$Field done
Event: 8.468 Loading class java/net/URLClassLoader$1
Event: 8.468 Loading class java/net/URLClassLoader$1 done
Event: 8.470 Loading class java/io/FilePermissionCollection
Event: 8.470 Loading class java/io/FilePermissionCollection done
Event: 12.601 Loading class sun/invoke/util/VerifyAccess$1
Event: 12.601 Loading class sun/invoke/util/VerifyAccess$1 done
Event: 12.678 Loading class java/io/RandomAccessFile$1
Event: 12.678 Loading class java/io/RandomAccessFile$1 done
Event: 38.559 Loading class java/lang/StringUTF16$CodePointsSpliterator
Event: 38.559 Loading class java/lang/StringUTF16$CodePointsSpliterator done
Event: 38.560 Loading class java/util/stream/ReduceOps$CountingSink$OfInt
Event: 38.560 Loading class java/util/stream/ReduceOps$CountingSink
Event: 38.560 Loading class java/util/stream/ReduceOps$CountingSink done
Event: 38.560 Loading class java/util/stream/ReduceOps$CountingSink$OfInt done

Classes unloaded (20 events):
Event: 32.499 Thread 0x0000014b3e4c0be0 Unloading class 0x00000008004ad848 'io/ballerina/stdlib/constraint/compiler/annotation/tag/AnnotationTagFloat'
Event: 32.499 Thread 0x0000014b3e4c0be0 Unloading class 0x00000008004ad5d0 'io/ballerina/stdlib/constraint/compiler/annotation/tag/AnnotationTagInt'
Event: 32.499 Thread 0x0000014b3e4c0be0 Unloading class 0x00000008004ad3e0 'io/ballerina/stdlib/constraint/compiler/annotation/tag/DigitsConstrainedAnnotationTag'
Event: 32.499 Thread 0x0000014b3e4c0be0 Unloading class 0x00000008004ad1f0 'io/ballerina/stdlib/constraint/compiler/annotation/tag/ValueConstrainedAnnotationTag'
Event: 32.499 Thread 0x0000014b3e4c0be0 Unloading class 0x00000008004ad000 'io/ballerina/stdlib/constraint/compiler/annotation/tag/AnnotationTag'
Event: 32.499 Thread 0x0000014b3e4c0be0 Unloading class 0x00000008004acc78 'io/ballerina/stdlib/constraint/compiler/ConstraintCompatibilityMatrix'
Event: 32.499 Thread 0x0000014b3e4c0be0 Unloading class 0x00000008004aca80 'io/ballerina/stdlib/constraint/compiler/ConstraintCompilerPluginUtils'
Event: 32.499 Thread 0x0000014b3e4c0be0 Unloading class 0x00000008004ac840 'io/ballerina/stdlib/constraint/compiler/TypeConstraintValidator$$Lambda+0x00000008004ac840'
Event: 32.499 Thread 0x0000014b3e4c0be0 Unloading class 0x00000008004ac620 'io/ballerina/stdlib/constraint/compiler/TypeConstraintValidator'
Event: 32.499 Thread 0x0000014b3e4c0be0 Unloading class 0x00000008004ac400 'io/ballerina/stdlib/constraint/compiler/RecordFieldConstraintValidator'
Event: 32.499 Thread 0x0000014b3e4c0be0 Unloading class 0x00000008004ac200 'io/ballerina/stdlib/constraint/compiler/ConstraintCodeAnalyzer'
Event: 32.499 Thread 0x0000014b3e4c0be0 Unloading class 0x00000008004ac000 'io/ballerina/stdlib/constraint/compiler/ConstraintCompilerPlugin'
Event: 34.438 Thread 0x0000014b3e4c0be0 Unloading class 0x00000008004b9a00 'io/ballerina/stdlib/io/compiler/staticcodeanalyzer/IOCodeAnalyzer'
Event: 34.438 Thread 0x0000014b3e4c0be0 Unloading class 0x00000008004b9800 'io/ballerina/stdlib/io/compiler/IOCompilerPlugin'
Event: 34.438 Thread 0x0000014b3e4c0be0 Unloading class 0x00000008004b9200 'io/ballerina/stdlib/log/compiler/staticcodeanalyzer/StaticCodeAnalyzer'
Event: 34.438 Thread 0x0000014b3e4c0be0 Unloading class 0x00000008004b9000 'io/ballerina/stdlib/log/compiler/LogCompilerPlugin'
Event: 34.438 Thread 0x0000014b3e4c0be0 Unloading class 0x00000008004c8000 'io/ballerina/stdlib/os/compiler/staticcodeanalyzer/OSStaticCodeAnalyzer'
Event: 34.438 Thread 0x0000014b3e4c0be0 Unloading class 0x00000008004c7c00 'io/ballerina/stdlib/os/compiler/OSCompilerPlugin'
Event: 34.438 Thread 0x0000014b3e4c0be0 Unloading class 0x00000008004c4a00 'io/ballerina/stdlib/log/compiler/staticcodeanalyzer/StaticCodeAnalyzer'
Event: 34.438 Thread 0x0000014b3e4c0be0 Unloading class 0x00000008004c4800 'io/ballerina/stdlib/log/compiler/LogCompilerPlugin'

Classes redefined (0 events):
No events

Internal exceptions (20 events):
Event: 46.860 Thread 0x0000014b63f9ed60 Exception <a 'sun/nio/fs/WindowsException'{0x0000000713f51240}> (0x0000000713f51240) 
thrown [s\src\hotspot\share\prims\jni.cpp, line 520]
Event: 46.860 Thread 0x0000014b63f9ed60 Exception <a 'sun/nio/fs/WindowsException'{0x0000000713f53168}> (0x0000000713f53168) 
thrown [s\src\hotspot\share\prims\jni.cpp, line 520]
Event: 46.860 Thread 0x0000014b63f9ed60 Exception <a 'sun/nio/fs/WindowsException'{0x0000000713f615b0}> (0x0000000713f615b0) 
thrown [s\src\hotspot\share\prims\jni.cpp, line 520]
Event: 46.860 Thread 0x0000014b63f9ed60 Exception <a 'sun/nio/fs/WindowsException'{0x0000000713f72db8}> (0x0000000713f72db8) 
thrown [s\src\hotspot\share\prims\jni.cpp, line 520]
Event: 46.860 Thread 0x0000014b63f9ed60 Exception <a 'sun/nio/fs/WindowsException'{0x0000000713f74080}> (0x0000000713f74080) 
thrown [s\src\hotspot\share\prims\jni.cpp, line 520]
Event: 46.860 Thread 0x0000014b63f9ed60 Exception <a 'sun/nio/fs/WindowsException'{0x0000000713f75358}> (0x0000000713f75358) 
thrown [s\src\hotspot\share\prims\jni.cpp, line 520]
Event: 46.860 Thread 0x0000014b63f9ed60 Exception <a 'sun/nio/fs/WindowsException'{0x0000000713f76630}> (0x0000000713f76630) 
thrown [s\src\hotspot\share\prims\jni.cpp, line 520]
Event: 46.860 Thread 0x0000014b63f9ed60 Exception <a 'sun/nio/fs/WindowsException'{0x0000000713f77908}> (0x0000000713f77908) 
thrown [s\src\hotspot\share\prims\jni.cpp, line 520]
Event: 46.860 Thread 0x0000014b63f9ed60 Exception <a 'sun/nio/fs/WindowsException'{0x0000000713f78be0}> (0x0000000713f78be0) 
thrown [s\src\hotspot\share\prims\jni.cpp, line 520]
Event: 46.860 Thread 0x0000014b63f9ed60 Exception <a 'sun/nio/fs/WindowsException'{0x0000000713f79ea8}> (0x0000000713f79ea8) 
thrown [s\src\hotspot\share\prims\jni.cpp, line 520]
Event: 46.860 Thread 0x0000014b63f9ed60 Exception <a 'sun/nio/fs/WindowsException'{0x0000000713f7b180}> (0x0000000713f7b180) 
thrown [s\src\hotspot\share\prims\jni.cpp, line 520]
Event: 46.860 Thread 0x0000014b63f9ed60 Exception <a 'sun/nio/fs/WindowsException'{0x0000000713f7c4a8}> (0x0000000713f7c4a8) 
thrown [s\src\hotspot\share\prims\jni.cpp, line 520]
Event: 46.860 Thread 0x0000014b63f9ed60 Exception <a 'sun/nio/fs/WindowsException'{0x0000000713f7d7a8}> (0x0000000713f7d7a8) 
thrown [s\src\hotspot\share\prims\jni.cpp, line 520]
Event: 46.860 Thread 0x0000014b63f9ed60 Exception <a 'sun/nio/fs/WindowsException'{0x0000000713f7ea98}> (0x0000000713f7ea98) 
thrown [s\src\hotspot\share\prims\jni.cpp, line 520]
Event: 46.860 Thread 0x0000014b63f9ed60 Exception <a 'sun/nio/fs/WindowsException'{0x0000000713f80130}> (0x0000000713f80130) 
thrown [s\src\hotspot\share\prims\jni.cpp, line 520]
Event: 46.860 Thread 0x0000014b63f9ed60 Exception <a 'sun/nio/fs/WindowsException'{0x0000000713f80a58}> (0x0000000713f80a58) 
thrown [s\src\hotspot\share\prims\jni.cpp, line 520]
Event: 46.860 Thread 0x0000014b63f9ed60 Exception <a 'sun/nio/fs/WindowsException'{0x0000000713f81360}> (0x0000000713f81360) 
thrown [s\src\hotspot\share\prims\jni.cpp, line 520]
Event: 46.860 Thread 0x0000014b63f9ed60 Exception <a 'sun/nio/fs/WindowsException'{0x0000000713f81c68}> (0x0000000713f81c68) 
thrown [s\src\hotspot\share\prims\jni.cpp, line 520]
Event: 46.860 Thread 0x0000014b63f9ed60 Exception <a 'sun/nio/fs/WindowsException'{0x0000000713f82318}> (0x0000000713f82318) 
thrown [s\src\hotspot\share\prims\jni.cpp, line 520]
Event: 47.735 Thread 0x0000014b68f75ec0 Exception <a 'java/io/IOException'{0x0000000713c15b78}> (0x0000000713c15b78) 
thrown [s\src\hotspot\share\prims\jni.cpp, line 520]

ZGC Phase Switch (0 events):
No events

VM Operations (20 events):
Event: 40.287 Executing VM operation: Cleanup done
Event: 41.288 Executing VM operation: Cleanup
Event: 41.288 Executing VM operation: Cleanup done
Event: 42.289 Executing VM operation: Cleanup
Event: 42.289 Executing VM operation: Cleanup done
Event: 44.304 Executing VM operation: Cleanup
Event: 44.304 Executing VM operation: Cleanup done
Event: 44.883 Executing VM operation: G1CollectForAllocation (G1 Evacuation Pause)
Event: 44.893 Executing VM operation: G1CollectForAllocation (G1 Evacuation Pause) done
Event: 44.930 Executing VM operation: G1PauseRemark
Event: 44.936 Executing VM operation: G1PauseRemark done
Event: 44.981 Executing VM operation: G1PauseCleanup
Event: 44.981 Executing VM operation: G1PauseCleanup done
Event: 45.220 Executing VM operation: G1CollectForAllocation (G1 Evacuation Pause)
Event: 45.230 Executing VM operation: G1CollectForAllocation (G1 Evacuation Pause) done
Event: 46.237 Executing VM operation: Cleanup
Event: 46.237 Executing VM operation: Cleanup done
Event: 47.238 Executing VM operation: Cleanup
Event: 47.238 Executing VM operation: Cleanup done
Event: 47.747 Executing VM operation: G1CollectForAllocation (G1 Evacuation Pause)

Memory protections (0 events):
No events

Nmethod flushes (20 events):
Event: 44.936 Thread 0x0000014b3e4c0be0 flushing  nmethod 0x0000014b4769d890
Event: 44.936 Thread 0x0000014b3e4c0be0 flushing  nmethod 0x0000014b479e2510
Event: 44.936 Thread 0x0000014b3e4c0be0 flushing  nmethod 0x0000014b47b66c90
Event: 44.936 Thread 0x0000014b3e4c0be0 flushing  nmethod 0x0000014b47ba9110
Event: 44.936 Thread 0x0000014b3e4c0be0 flushing  nmethod 0x0000014b47bd9b10
Event: 44.936 Thread 0x0000014b3e4c0be0 flushing  nmethod 0x0000014b47bd9f90
Event: 44.936 Thread 0x0000014b3e4c0be0 flushing  nmethod 0x0000014b47c5e190
Event: 44.936 Thread 0x0000014b3e4c0be0 flushing  nmethod 0x0000014b47c60a10
Event: 44.936 Thread 0x0000014b3e4c0be0 flushing  nmethod 0x0000014b47d77b10
Event: 44.936 Thread 0x0000014b3e4c0be0 flushing  nmethod 0x0000014b47e87d90
Event: 44.936 Thread 0x0000014b3e4c0be0 flushing  nmethod 0x0000014b47fb8390
Event: 44.936 Thread 0x0000014b3e4c0be0 flushing  nmethod 0x0000014b4807c110
Event: 44.936 Thread 0x0000014b3e4c0be0 flushing  nmethod 0x0000014b48134210
Event: 44.936 Thread 0x0000014b3e4c0be0 flushing  nmethod 0x0000014b48164690
Event: 44.936 Thread 0x0000014b3e4c0be0 flushing  nmethod 0x0000014b48167a90
Event: 44.936 Thread 0x0000014b3e4c0be0 flushing  nmethod 0x0000014b48169390
Event: 44.936 Thread 0x0000014b3e4c0be0 flushing  nmethod 0x0000014b48169710
Event: 44.936 Thread 0x0000014b3e4c0be0 flushing  nmethod 0x0000014b48169d90
Event: 44.936 Thread 0x0000014b3e4c0be0 flushing  nmethod 0x0000014b4816ab90
Event: 44.936 Thread 0x0000014b3e4c0be0 flushing  nmethod 0x0000014b481f0110

Events (20 events):
Event: 44.876 Thread 0x0000014b64c702d0 Thread added: 0x0000014b64c71740
Event: 44.878 Thread 0x0000014b64c702d0 Thread added: 0x0000014b64c73280
Event: 44.923 Thread 0x0000014b630cdda0 Thread added: 0x0000014b64c6fc00
Event: 45.525 Thread 0x0000014b64c6fc00 Thread exited: 0x0000014b64c6fc00
Event: 45.525 Thread 0x0000014b64c73280 Thread exited: 0x0000014b64c73280
Event: 45.525 Thread 0x0000014b64c71740 Thread exited: 0x0000014b64c71740
Event: 45.528 Thread 0x0000014b63f9ed60 Thread added: 0x0000014b68f77270
Event: 45.529 Thread 0x0000014b63f9ed60 Thread added: 0x0000014b68f77900
Event: 46.073 Thread 0x0000014b68f77270 Thread added: 0x0000014b68f75ec0
Event: 46.842 Thread 0x0000014b64c6f530 Thread exited: 0x0000014b64c6f530
Event: 46.843 Thread 0x0000014b64c724e0 Thread exited: 0x0000014b64c724e0
Event: 46.843 Thread 0x0000014b64c709a0 Thread exited: 0x0000014b64c709a0
Event: 46.844 Thread 0x0000014b64c72bb0 Thread exited: 0x0000014b64c72bb0
Event: 46.845 Thread 0x0000014b68f77270 Thread exited: 0x0000014b68f77270
Event: 46.845 Thread 0x0000014b68f75ec0 Thread exited: 0x0000014b68f75ec0
Event: 47.123 Thread 0x0000014b63f9ed60 Thread added: 0x0000014b68f75ec0
Event: 47.123 Thread 0x0000014b63f9ed60 Thread added: 0x0000014b68f76550
Event: 47.268 Thread 0x0000014b68f75ec0 Thread added: 0x0000014b68f77270
Event: 47.735 Thread 0x0000014b68f77270 Thread exited: 0x0000014b68f77270
Event: 47.735 Thread 0x0000014b68f75ec0 Thread exited: 0x0000014b68f75ec0


Dynamic libraries:
0x00007ff6a8020000 - 0x00007ff6a802e000 	C:\Program Files\Ballerina\dependencies\jdk-21.0.5+11-jre\bin\java.exe
0x00007ff8f2b40000 - 0x00007ff8f2da7000 	C:\Windows\SYSTEM32\ntdll.dll
0x00007ff8f1b60000 - 0x00007ff8f1c29000 	C:\Windows\System32\KERNEL32.DLL
0x00007ff8f0090000 - 0x00007ff8f0480000 	C:\Windows\System32\KERNELBASE.dll
0x00007ff8eff40000 - 0x00007ff8f008b000 	C:\Windows\System32\ucrtbase.dll
0x00007ff8d9530000 - 0x00007ff8d9548000 	C:\Program Files\Ballerina\dependencies\jdk-21.0.5+11-jre\bin\jli.dll
0x00007ff8d9510000 - 0x00007ff8d952e000 	C:\Program Files\Ballerina\dependencies\jdk-21.0.5+11-jre\bin\VCRUNTIME140.dll
0x00007ff8f1f90000 - 0x00007ff8f2155000 	C:\Windows\System32\USER32.dll
0x00007ff8f0760000 - 0x00007ff8f0787000 	C:\Windows\System32\win32u.dll
0x00007ff8ca860000 - 0x00007ff8caafa000 	C:\Windows\WinSxS\amd64_microsoft.windows.common-controls_6595b64144ccf1df_6.0.26100.4768_none_3e0c112ce331287c\COMCTL32.dll
0x00007ff8f0b50000 - 0x00007ff8f0b7b000 	C:\Windows\System32\GDI32.dll
0x00007ff8f2990000 - 0x00007ff8f2a39000 	C:\Windows\System32\msvcrt.dll
0x00007ff8f0790000 - 0x00007ff8f08c8000 	C:\Windows\System32\gdi32full.dll
0x00007ff8efe90000 - 0x00007ff8eff33000 	C:\Windows\System32\msvcp_win.dll
0x00007ff8f0950000 - 0x00007ff8f097f000 	C:\Windows\System32\IMM32.DLL
0x00007ff8cba60000 - 0x00007ff8cbb52000 	C:\Program Files\Windhawk\Engine\1.6.1\64\windhawk.dll
0x00007ff8f1ca0000 - 0x00007ff8f1d54000 	C:\Windows\System32\ADVAPI32.dll
0x00007ff8f2a40000 - 0x00007ff8f2ae6000 	C:\Windows\System32\sechost.dll
0x00007ff8f1980000 - 0x00007ff8f1a98000 	C:\Windows\System32\RPCRT4.dll
0x00007ff8e9380000 - 0x00007ff8e938c000 	C:\Program Files\Ballerina\dependencies\jdk-21.0.5+11-jre\bin\vcruntime140_1.dll
0x00007ff8a9930000 - 0x00007ff8a99bd000 	C:\Program Files\Ballerina\dependencies\jdk-21.0.5+11-jre\bin\msvcp140.dll
0x00007ff89e570000 - 0x00007ff89f2ff000 	C:\Program Files\Ballerina\dependencies\jdk-21.0.5+11-jre\bin\server\jvm.dll
0x00007ff8f0df0000 - 0x00007ff8f0e64000 	C:\Windows\System32\WS2_32.dll
0x00007ff8efad0000 - 0x00007ff8efb2e000 	C:\Windows\SYSTEM32\POWRPROF.dll
0x00007ff8d3be0000 - 0x00007ff8d3c15000 	C:\Windows\SYSTEM32\WINMM.dll
0x00007ff8e5cd0000 - 0x00007ff8e5cdb000 	C:\Windows\SYSTEM32\VERSION.dll
0x00007ff8efab0000 - 0x00007ff8efac4000 	C:\Windows\SYSTEM32\UMPDC.dll
0x00007ff8ee9c0000 - 0x00007ff8ee9db000 	C:\Windows\SYSTEM32\kernel.appcore.dll
0x00007ff8e5e20000 - 0x00007ff8e5e2a000 	C:\Program Files\Ballerina\dependencies\jdk-21.0.5+11-jre\bin\jimage.dll
0x00007ff8ed0b0000 - 0x00007ff8ed2f1000 	C:\Windows\SYSTEM32\DBGHELP.DLL
0x00007ff8f0e70000 - 0x00007ff8f11f5000 	C:\Windows\System32\combase.dll
0x00007ff8f1ea0000 - 0x00007ff8f1f80000 	C:\Windows\System32\OLEAUT32.dll
0x00007ff8d3d50000 - 0x00007ff8d3d93000 	C:\Windows\SYSTEM32\dbgcore.DLL
0x0000014b40160000 - 0x0000014b401f9000 	C:\Windows\System32\bcryptPrimitives.dll
0x00007ff8d94f0000 - 0x00007ff8d950f000 	C:\Program Files\Ballerina\dependencies\jdk-21.0.5+11-jre\bin\java.dll
0x00007ff8f1200000 - 0x00007ff8f194d000 	C:\Windows\System32\SHELL32.dll
0x00007ff8efc70000 - 0x00007ff8efde3000 	C:\Windows\System32\wintypes.dll
0x00007ff8ed810000 - 0x00007ff8ee070000 	C:\Windows\SYSTEM32\windows.storage.dll
0x00007ff8f2180000 - 0x00007ff8f2275000 	C:\Windows\System32\SHCORE.dll
0x00007ff8f1d60000 - 0x00007ff8f1dca000 	C:\Windows\System32\shlwapi.dll
0x00007ff8efb90000 - 0x00007ff8efbb9000 	C:\Windows\SYSTEM32\profapi.dll
0x00007ff8deaf0000 - 0x00007ff8deb00000 	C:\Program Files\Ballerina\dependencies\jdk-21.0.5+11-jre\bin\net.dll
0x00007ff8e5f30000 - 0x00007ff8e604e000 	C:\Windows\SYSTEM32\WINHTTP.dll
0x00007ff8eef30000 - 0x00007ff8eef9b000 	C:\Windows\system32\mswsock.dll
0x00007ff8d94d0000 - 0x00007ff8d94e6000 	C:\Program Files\Ballerina\dependencies\jdk-21.0.5+11-jre\bin\nio.dll
0x00007ff8b7ad0000 - 0x00007ff8b7ae8000 	C:\Program Files\Ballerina\dependencies\jdk-21.0.5+11-jre\bin\zip.dll
0x00007ff8ef170000 - 0x00007ff8ef18b000 	C:\Windows\SYSTEM32\CRYPTSP.dll
0x00007ff8ee920000 - 0x00007ff8ee95b000 	C:\Windows\system32\rsaenh.dll
0x00007ff8eefd0000 - 0x00007ff8eeffb000 	C:\Windows\SYSTEM32\USERENV.dll
0x00007ff8efb60000 - 0x00007ff8efb86000 	C:\Windows\SYSTEM32\bcrypt.dll
0x00007ff8ef190000 - 0x00007ff8ef19c000 	C:\Windows\SYSTEM32\CRYPTBASE.dll
0x00007ff8ee3a0000 - 0x00007ff8ee3d3000 	C:\Windows\SYSTEM32\IPHLPAPI.DLL
0x00007ff8f1b50000 - 0x00007ff8f1b5a000 	C:\Windows\System32\NSI.dll
0x00007ff8ee430000 - 0x00007ff8ee556000 	C:\Windows\SYSTEM32\DNSAPI.dll
0x00007ff8e5ee0000 - 0x00007ff8e5eeb000 	C:\Windows\System32\rasadhlp.dll
0x00007ff8e9010000 - 0x00007ff8e9096000 	C:\Windows\System32\fwpuclnt.dll
0x00007ff8dea70000 - 0x00007ff8dea79000 	C:\Program Files\Ballerina\dependencies\jdk-21.0.5+11-jre\bin\extnet.dll

dbghelp: loaded successfully - version: 4.0.5 - missing functions: none
symbol engine: initialized successfully - sym options: 0x614 - pdb path: .;C:\Program Files\Ballerina\dependencies\jdk-21.0.5+11-jre\bin;C:\Windows\SYSTEM32;C:\Windows\WinSxS\amd64_microsoft.windows.common-controls_6595b64144ccf1df_6.0.26100.4768_none_3e0c112ce331287c;C:\Program Files\Windhawk\Engine\1.6.1\64;C:\Program Files\Ballerina\dependencies\jdk-21.0.5+11-jre\bin\server

VM Arguments:
jvm_args: -Dballerina.home=C:\Program Files\Ballerina\distributions\ballerina-2201.12.9 
java_command: org.ballerinalang.langserver.launchers.stdio.Main
java_class_path (initial): C:\Program Files\Ballerina\distributions\ballerina-2201.12.9\bre\lib\annotations-2201.12.9.jar;C:\Program Files\Ballerina\distributions\ballerina-2201.12.9\bre\lib\array-2201.12.9.jar;C:\Program Files\Ballerina\distributions\ballerina-2201.12.9\bre\lib\asm-9.7.jar;C:\Program Files\Ballerina\distributions\ballerina-2201.12.9\bre\lib\asm-analysis-9.7.jar;C:\Program Files\Ballerina\distributions\ballerina-2201.12.9\bre\lib\asm-commons-9.7.jar;C:\Program Files\Ballerina\distributions\ballerina-2201.12.9\bre\lib\asm-tree-9.7.jar;C:\Program Files\Ballerina\distributions\ballerina-2201.12.9\bre\lib\asm-util-9.7.jar;C:\Program Files\Ballerina\distributions\ballerina-2201.12.9\bre\lib\asyncapi-cli-0.11.0.jar;C:\Program Files\Ballerina\distributions\ballerina-2201.12.9\bre\lib\atomikos-util-5.0.8.jar;C:\Program Files\Ballerina\distributions\ballerina-2201.12.9\bre\lib\axiom-api-1.4.0.jar;C:\Program Files\Ballerina\distributions\ballerina-2201.12.9\bre\lib\axiom-impl-1.4.0.jar;C:\Program Files\Ballerina\distributions\ballerina-2201.12.9\bre\lib\ballerina-bindgen-2201.12.9.jar;C:\Program Files\Ballerina\distributions\ballerina-2201.12.9\bre\lib\ballerina-cli-2201.12.9.jar;C:\Program Files\Ballerina\distributions\ballerina-2201.12.9\bre\lib\ballerina-io-internal-2201.12.9.jar;C:\Program Files\Ballerina\distributions\ballerina-2201.12.9\bre\lib\ballerina-lang-2201.12.9.jar;C:\Program Files\Ballerina\distributions\ballerina-2201.12.9\bre\lib\ballerina-linter-2201.12.9.jar;C:\Program Files\Ballerina\distributions\ballerina-2201.12.9\bre\lib\ballerina-metrics-extension-2201.12.9.jar;C:\Program Files\Ballerina\distributions\ballerina-2201.12.9\bre\lib\ballerina-parser-2201.12.9.jar;C:\Program Files\Ballerina\distributions\ballerina-2201.12.9\bre\lib\ballerina-profiler-1.0.jar;C:\Program Files\Ballerina\distributions\ballerina-2201.12.9\bre\lib\ballerina-rt-2201.12.9.jar;C:\Program Files\Ballerina\distributions\ballerina-2201.12.9\bre\lib\ballerina-to-openapi-2.3.2.jar;C:\Program Files\Ballerina\distributions\ballerina-2201.12.9\bre\lib\ballerina-tools-api-2201.12.9.jar;C:\Program Files\Ballerina\distributions\ballerina-2201.12.9\bre\lib\bool-2201.12.9.jar;C:\Program Files\Ballerina\distributions\ballerina-2201.12.9\bre\lib\central-client-2201.12.9.jar;C:\Program Files\Ballerina\distributions\ballerina-2201.12.9\bre\lib\commons-beanutils-1.9.4.jar;C:\Program Files\Ballerina\distributions\ballerina-2201.12.9\bre\lib\commons-codec-1.14.jar;C:\Program Files\Ballerina\distributions\ballerina-2201.12.9\bre\lib\commons-collections-3.2.2.jar;C:\Program Files\Ballerina\distributions\ballerina-2201.12.9\bre\lib\commons-compress-1.26.2.jar;C:\Program Files\Ballerina\distributions\ballerina-2201.12.9\bre\lib\commons-text-1.10.0.jar;C:\Program Files\Ballerina\distributions\ballerina-2201.12.9\bre\lib\compiler-0.8.9.jar;C:\Program Files\Ballerina\distributions\ballerina-2201.12.9\bre\lib\configurable-schema-generator-2201.12.9.jar;C:\Program Files\Ballerina\distributions\ballerina-2201.12.9\bre\lib\decimal-2201.12.9.jar;C:\Program Files\Ballerina\distributions\ballerina-2201.12.9\bre\lib\docerina-2201.12.9.jar;C:\Program Files\Ballerina\distributions\ballerina-2201.12.9\bre\lib\error-2201.12.9.jar;C:\Program Files\Ballerina\distributions\ballerina-2201.12.9\bre\lib\floatingpoint-2201.12.9.jar;C:\Program Files\Ballerina\distributions\ballerina-2201.12.9\bre\lib\formatter-cli-2201.12.9.jar;C:\Program Files\Ballerina\distributions\ballerina-2201.12.9\bre\lib\formatter-core-2201.12.9.jar;C:\Program Files\Ballerina\distributions\ballerina-2201.12.9\bre\lib\function-2201.12.9.jar;C:\Program Files\Ballerina\distributions\ballerina-2201.12.9\bre\lib\future-2201.12.9.jar;C:\Program Files\Ballerina\distributions\ballerina-2201.12.9\bre\lib\geronimo-stax-api_1.0_spec-1.0.1.jar;C:\Program Files\Ballerina\distributions\ballerina-2201.12.9\bre\lib\graphql-cli-0.13.0.jar;C:\Program Files\Ballerina\distributions\ballerina-2201.12.9\bre\lib\graphql-code-generator-0.13.0.jar;C:\Program Files\Ballerina\distributions\ballerina-2201.12.9\bre\lib\graphql-schema-file-generator-0.13.0.jar;C:\Program Files\Ballerina\distributions\ballerina-2201.12.9\bre\lib\gson-2.10.1.jar;C:\Program Files\Ballerina\distributions\ballerina-2201.12.9\bre\lib\identifier-util-2201.12.9.jar;C:\Program Files\Ballerina\distributions\ballerina-2201.12.9\bre\lib\integer-2201.12.9.jar;C:\Program Files\Ballerina\distributions\ballerina-2201.12.9\bre\lib\internal-2201.12.9.jar;C:\Program Files\Ballerina\distributions\ballerina-2201.12.9\bre\lib\jackson-annotations-2.15.3.jar;C:\Program Files\Ballerina\distributions\ballerina-2201.12.9\bre\lib\jackson-core-2.15.3.jar;C:\Program Files\Ballerina\distributions\ballerina-2201.12.9\bre\lib\jackson-databind-2.15.3.jar;C:\Program Files\Ballerina\distributions\ballerina-2201.12.9\bre\lib\jackson-dataformat-yaml-2.15.3.jar;C:\Program Files\Ballerina\distributions\ballerina-2201.12.9\bre\lib\jackson-datatype-jsr310-2.15.3.jar;C:\Program Files\Ballerina\distributions\ballerina-2201.12.9\bre\lib\jacocoagent.jar;C:\Program Files\Ballerina\distributions\ballerina-2201.12.9\bre\lib\jaeger-core-0.31.0.jar;C:\Program Files\Ballerina\distributions\ballerina-2201.12.9\bre\lib\jaeger-thrift-0.31.0.jar;C:\Program Files\Ballerina\distributions\ballerina-2201.12.9\bre\lib\java-diff-utils-4.5.jar;C:\Program Files\Ballerina\distributions\ballerina-2201.12.9\bre\lib\javax.mail-1.6.2.jar;C:\Program Files\Ballerina\distributions\ballerina-2201.12.9\bre\lib\javax.transaction-api-1.3.jar;C:\Program Files\Ballerina\distributions\ballerina-2201.12.9\bre\lib\jballerina.java-2201.12.9.jar;C:\Program Files\Ballerina\distributions\ballerina-2201.12.9\bre\lib\jline-3.25.0.jar;C:\Program Files\Ballerina\distributions\ballerina-2201.12.9\bre\lib\kotlin-stdlib-1.6.0.jar;C:\Program Files\Ballerina\distributions\ballerina-2201.12.9\bre\lib\kotlin-stdlib-common-1.6.0.jar;C:\Program Files\Ballerina\distributions\ballerina-2201.12.9\bre\lib\map-2201.12.9.jar;C:\Program Files\Ballerina\distributions\ballerina-2201.12.9\bre\lib\maven-resolver-2201.12.9.jar;C:\Program Files\Ballerina\distributions\ballerina-2201.12.9\bre\lib\netty-buffer-4.1.118.Final.jar;C:\Program Files\Ballerina\distributions\ballerina-2201.12.9\bre\lib\netty-common-4.1.118.Final.jar;C:\Program Files\Ballerina\distributions\ballerina-2201.12.9\bre\lib\netty-resolver-4.1.118.Final.jar;C:\Program Files\Ballerina\distributions\ballerina-2201.12.9\bre\lib\netty-transport-4.1.118.Final.jar;C:\Program Files\Ballerina\distributions\ballerina-2201.12.9\bre\lib\netty-transport-native-epoll-4.1.118.Final.jar;C:\Program Files\Ballerina\distributions\ballerina-2201.12.9\bre\lib\netty-transport-native-kqueue-4.1.118.Final.jar;C:\Program Files\Ballerina\distributions\ballerina-2201.12.9\bre\lib\object-2201.12.9.jar;C:\Program Files\Ballerina\distributions\ballerina-2201.12.9\bre\lib\okhttp-3.14.0.jar;C:\Program Files\Ballerina\distributions\ballerina-2201.12.9\bre\lib\okio-jvm-3.4.0.jar;C:\Program Files\Ballerina\distributions\ballerina-2201.12.9\bre\lib\openapi-bal-task-plugin-2.3.2.jar;C:\Program Files\Ballerina\distributions\ballerina-2201.12.9\bre\lib\openapi-build-extension-2.3.2.jar;C:\Program Files\Ballerina\distributions\ballerina-2201.12.9\bre\lib\openapi-cli-2.3.2.jar;C:\Program Files\Ballerina\distributions\ballerina-2201.12.9\bre\lib\openapi-core-2.3.2.jar;C:\Program Files\Ballerina\distributions\ballerina-2201.12.9\bre\lib\openapi-validator-2.3.2.jar;C:\Program Files\Ballerina\distributions\ballerina-2201.12.9\bre\lib\org.jacoco.core-0.8.12.jar;C:\Program Files\Ballerina\distributions\ballerina-2201.12.9\bre\lib\org.jacoco.report-0.8.12.jar;C:\Program Files\Ballerina\distributions\ballerina-2201.12.9\bre\lib\org.wso2.carbon.core-5.1.0.jar;C:\Program Files\Ballerina\distributions\ballerina-2201.12.9\bre\lib\org.wso2.carbon.messaging-2.3.7.jar;C:\Program Files\Ballerina\distributions\ballerina-2201.12.9\bre\lib\org.wso2.carbon.metrics.core-2.3.7.jar;C:\Program Files\Ballerina\distributions\ballerina-2201.12.9\bre\lib\org.wso2.securevault-1.0.0-wso2v2.jar;C:\Program Files\Ballerina\distributions\ballerina-2201.12.9\bre\lib\org.wso2.transport.http.netty-6.3.11.jar;C:\Program Files\Ballerina\distributions\ballerina-2201.12.9\bre\lib\org.wso2.transport.local-file-system-6.0.55.jar;C:\Program Files\Ballerina\distributions\ballerina-2201.12.9\bre\lib\package-semantic-analyzer-1.0.0.jar;C:\Program Files\Ballerina\distributions\ballerina-2201.12.9\bre\lib\persist-cli-1.6.0.jar;C:\Program Files\Ballerina\distributions\ballerina-2201.12.9\bre\lib\picocli-4.0.1.jar;C:\Program Files\Ballerina\distributions\ballerina-2201.12.9\bre\lib\progressbar-0.7.4.jar;C:\Program Files\Ballerina\distributions\ballerina-2201.12.9\bre\lib\protoc-cli-0.5.0.jar;C:\Program Files\Ballerina\distributions\ballerina-2201.12.9\bre\lib\query-2201.12.9.jar;C:\Program Files\Ballerina\distributions\ballerina-2201.12.9\bre\lib\regexp-2201.12.9.jar;C:\Program Files\Ballerina\distributions\ballerina-2201.12.9\bre\lib\runtime-2201.12.9.jar;C:\Program Files\Ballerina\distributions\ballerina-2201.12.9\bre\lib\semver-checker-cli-2201.12.9.jar;C:\Program Files\Ballerina\distributions\ballerina-2201.12.9\bre\lib\semver-checker-core-2201.12.9.jar;C:\Program Files\Ballerina\distributions\ballerina-2201.12.9\bre\lib\shell-cli-2201.12.9.jar;C:\Program Files\Ballerina\distributions\ballerina-2201.12.9\bre\lib\shell-core-2201.12.9.jar;C:\Program Files\Ballerina\distributions\ballerina-2201.12.9\bre\lib\snakeyaml-2.0.jar;C:\Program Files\Ballerina\distributions\ballerina-2201.12.9\bre\lib\sqlite-jdbc-3.47.0.0.jar;C:\Program Files\Ballerina\distributions\ballerina-2201.12.9\bre\lib\stax2-api-4.2.1.jar;C:\Program Files\Ballerina\distributions\ballerina-2201.12.9\bre\lib\staxon-core-1.2.0.wso2v2.jar;C:\Program Files\Ballerina\distributions\ballerina-2201.12.9\bre\lib\stream-2201.12.9.jar;C:\Program Files\Ballerina\distributions\ballerina-2201.12.9\bre\lib\string-2201.12.9.jar;C:\Program Files\Ballerina\distributions\ballerina-2201.12.9\bre\lib\syntax-api-calls-gen-2201.12.9.jar;C:\Program Files\Ballerina\distributions\ballerina-2201.12.9\bre\lib\table-2201.12.9.jar;C:\Program Files\Ballerina\distributions\ballerina-2201.12.9\bre\lib\testerina-core-2201.12.9.jar;C:\Program Files\Ballerina\distributions\ballerina-2201.12.9\bre\lib\testerina-runtime-2201.12.9.jar;C:\Program Files\Ballerina\distributions\ballerina-2201.12.9\bre\lib\toml-parser-2201.12.9.jar;C:\Program Files\Ballerina\distributions\ballerina-2201.12.9\bre\lib\transaction-2201.12.9.jar;C:\Program Files\Ballerina\distributions\ballerina-2201.12.9\bre\lib\transactions-5.0.8.jar;C:\Program Files\Ballerina\distributions\ballerina-2201.12.9\bre\lib\transactions-api-5.0.8.jar;C:\Program Files\Ballerina\distributions\ballerina-2201.12.9\bre\lib\transactions-jta-5.0.8.jar;C:\Program Files\Ballerina\distributions\ballerina-2201.12.9\bre\lib\typedesc-2201.12.9.jar;C:\Program Files\Ballerina\distributions\ballerina-2201.12.9\bre\lib\value-2201.12.9.jar;C:\Program Files\Ballerina\distributions\ballerina-2201.12.9\bre\lib\woodstox-core-6.5.0.jar;C:\Program Files\Ballerina\distributions\ballerina-2201.12.9\bre\lib\xml-2201.12.9.jar;C:\Program Files\Ballerina\distributions\ballerina-2201.12.9\lib\tools\lang-server\lib\ballerinalang-data-mapper-2201.12.9.jar;C:\Program Files\Ballerina\distributions\ballerina-2201.12.9\lib\tools\lang-server\lib\cloud-tooling-3.3.2.jar;C:\Program Files\Ballerina\distributions\ballerina-2201.12.9\lib\tools\lang-server\lib\commons-io-2.15.1.jar;C:\Program Files\Ballerina\distributions\ballerina-2201.12.9\lib\tools\lang-server\lib\guava-32.0.1-jre.jar;C:\Program Files\Ballerina\distributions\ballerina-2201.12.9\lib\tools\lang-server\lib\json-to-record-converter-2201.12.9.jar;C:\Program Files\Ballerina\distributions\ballerina-2201.12.9\lib\tools\lang-server\lib\openapi-ls-extension-2.3.2.jar;C:\Program Files\Ballerina\distributions\ballerina-2201.12.9\lib\tools\lang-server\lib\partial-parser-2201.12.9.jar;C:\Program Files\Ballerina\distributions\ballerina-2201.12.9\lib\tools\lang-server\lib\performance-analyzer-services-2201.12.9.jar;C:\Program Files\Ballerina\distributions\ballerina-2201.12.9\lib\tools\lang-server\lib\trigger-service-2201.12.9.jar;C:\Program Files\Ballerina\distributions\ballerina-2201.12.9\lib\tools\lang-server\lib\xml-to-record-converter-2201.12.9.jar;C:\Program Files\Ballerina\distributions\ballerina-2201.12.9\lib\tools\debug-adapter\lib\commons-io-2.15.1.jar;C:\Program Files\Ballerina\distributions\ballerina-2201.12.9\lib\tools\debug-adapter\lib\debug-adapter-cli-2201.12.9.jar;C:\Program Files\Ballerina\distributions\ballerina-2201.12.9\lib\tools\debug-adapter\lib\debug-adapter-core-2201.12.9.jar;C:\Program Files\Ballerina\distributions\ballerina-2201.12.9\lib\tools\debug-adapter\lib\java-semver-0.9.0.jar;c:\Users\Avishka\.vscode\extensions\wso2.ballerina-5.3.3\ls\ballerina-language-server-1.1.1.jar
Launcher Type: SUN_STANDARD

[Global flags]
     intx CICompilerCount                          = 12                                        {product} {ergonomic}
     uint ConcGCThreads                            = 4                                         {product} {ergonomic}
     uint G1ConcRefinementThreads                  = 14                                        {product} {ergonomic}
   size_t G1HeapRegionSize                         = 2097152                                   {product} {ergonomic}
    uintx GCDrainStackTargetSize                   = 64                                        {product} {ergonomic}
   size_t InitialHeapSize                          = 264241152                                 {product} {ergonomic}
   size_t MarkStackSize                            = 4194304                                   {product} {ergonomic}
   size_t MaxHeapSize                              = 4208984064                                {product} {ergonomic}
   size_t MaxNewSize                               = 2524971008                                {product} {ergonomic}
   size_t MinHeapDeltaBytes                        = 2097152                                   {product} {ergonomic}
   size_t MinHeapSize                              = 8388608                                   {product} {ergonomic}
    uintx NonNMethodCodeHeapSize                   = 7602480                                {pd product} {ergonomic}
    uintx NonProfiledCodeHeapSize                  = 122027880                              {pd product} {ergonomic}
    uintx ProfiledCodeHeapSize                     = 122027880                              {pd product} {ergonomic}
    uintx ReservedCodeCacheSize                    = 251658240                              {pd product} {ergonomic}
     bool SegmentedCodeCache                       = true                                      {product} {ergonomic}
   size_t SoftMaxHeapSize                          = 4208984064                             {manageable} {ergonomic}
     bool UseCompressedOops                        = true                           {product lp64_product} {ergonomic}
     bool UseG1GC                                  = true                                      {product} {ergonomic}
     bool UseLargePagesIndividualAllocation        = false                                  {pd product} {ergonomic}

Logging:
Log output configuration:
 #0: stdout all=warning uptime,level,tags foldmultilines=false
 #1: stderr all=off uptime,level,tags foldmultilines=false

Environment Variables:
JAVA_HOME=C:\Program Files\Java\jdk-17
PATH=C:\Program Files\Common Files\Oracle\Java\javapath;C:\Windows\system32;C:\Windows;C:\Windows\System32\Wbem;C:\Windows\System32\WindowsPowerShell\v1.0\;C:\Windows\System32\OpenSSH\;C:\Program Files\nodejs\;C:\ProgramData\Microsoft\Windows\Start Menu\Programs\Node.js;C:\Program Files\dotnet\;C:\Users\Avishka\Downloads\jdk-17.0.12_windows-x64_bin.exe;C:\Program Files\Git\cmd;C:\Flutter\flutter\bin;C:\Program Files\MariaDB 11.7\bin;C:\Users\Avishka\Downloads\exiftool-13.30_64\exiftool-13.30_64;C:\Users\Avishka\Downloads\dotnet-sdk-8.0.411-win-x64.exe;C:\Users\Avishka\Desktop\apache-cassandra-4.0.18\bin;C:\Users\Avishka\Desktop\apache-cassandra-4.0.18\bin;C:\Users\Avishka\Desktop\mongosh-2.5.6-win32-x64\bin;C:\Program Files\MongoDB\Server\8.0\bin;C:\Users\Avishka\Documents\apache-maven-3.8.9\bin;C:\Users\Avishka\Documents\apache-maven-3.8.9\bin;C:\Program Files\Ballerina\\bin;C:\Program Files\Ballerina\bin\bal.bat;C:\Program Files\Common Files\Oracle\Java\javapath;C:\Windows\system32;C:\Windows;C:\Windows\System32\Wbem;C:\Windows\System32\WindowsPowerShell\v1.0\;C:\Windows\System32\OpenSSH\;C:\Program Files\nodejs\;C:\ProgramData\Microsoft\Windows\Start Menu\Programs\Node.js;C:\Program Files\dotnet\;C:\Users\Avishka\Downloads\jdk-17.0.12_windows-x64_bin.exe;C:\Program Files\Git\cmd;C:\Flutter\flutter\bin;C:\Program Files\MariaDB 11.7\bin;C:\Users\Avishka\Downloads\exiftool-13.30_64\exiftool-13.30_64;C:\Users\Avishka\Downloads\dotnet-sdk-8.0.411-win-x64.exe;C:\Users\Avishka\Desktop\apache-cassandra-4.0.18\bin;C:\Users\Avishka\Desktop\apache-cassandra-4.0.18\bin;C:\Users\Avishka\Desktop\mongosh-2.5.6-win32-x64\bin;C:\Program Files\MongoDB\Server\8.0\bin;C:\Users\Avishka\Documents\apache-maven-3.8.9\bin;C:\Users\Avishka\Documents\apache-maven-3.8.9\bin;C:\Program Files\Ballerina\\bin;C:\Program Files\Ballerina\bin\bal.bat;;C:\Program Files\Java\jdk-17\bin;C:\Users\Avishka\AppData\Local\Programs\Microsoft VS Code\bin;C:\Users\Avishka\.dotnet\tools
USERNAME=Avishka
OS=Windows_NT
PROCESSOR_IDENTIFIER=Intel64 Family 6 Model 170 Stepping 4, GenuineIntel
TMP=C:\Users\Avishka\AppData\Local\Temp
TEMP=C:\Users\Avishka\AppData\Local\Temp




Periodic native trim disabled

---------------  S Y S T E M  ---------------

OS:
 Windows 11 , 64 bit Build 26100 (10.0.26100.4768)
OS uptime: 0 days 2:02 hours
Hyper-V role detected

CPU: total 18 (initial active 18) (9 cores per cpu, 2 threads per core) family 6 model 170 stepping 4 microcode 0x24, cx8, cmov, fxsr, ht, mmx, 3dnowpref, sse, sse2, sse3, ssse3, sse4.1, sse4.2, popcnt, lzcnt, tsc, tscinvbit, avx, avx2, aes, erms, clmul, bmi1, bmi2, adx, sha, fma, vzeroupper, clflush, clflushopt, clwb, hv, serialize, rdtscp, rdpid, fsrm, f16c, cet_ibt, cet_ss
Processor Information for processor 0
  Max Mhz: 1200, Current Mhz: 1200, Mhz Limit: 1200
Processor Information for processor 1
  Max Mhz: 1200, Current Mhz: 1200, Mhz Limit: 1200
Processor Information for processor 2
  Max Mhz: 700, Current Mhz: 700, Mhz Limit: 700
Processor Information for processor 3
  Max Mhz: 700, Current Mhz: 700, Mhz Limit: 700
Processor Information for processor 4
  Max Mhz: 700, Current Mhz: 700, Mhz Limit: 700
Processor Information for processor 5
  Max Mhz: 700, Current Mhz: 700, Mhz Limit: 700
Processor Information for processor 6
  Max Mhz: 700, Current Mhz: 700, Mhz Limit: 700
Processor Information for processor 7
  Max Mhz: 700, Current Mhz: 700, Mhz Limit: 700
Processor Information for processor 8
  Max Mhz: 700, Current Mhz: 700, Mhz Limit: 700
Processor Information for processor 9
  Max Mhz: 700, Current Mhz: 700, Mhz Limit: 700
Processor Information for processor 10
  Max Mhz: 1200, Current Mhz: 1200, Mhz Limit: 1200
Processor Information for processor 11
  Max Mhz: 1200, Current Mhz: 1200, Mhz Limit: 1200
Processor Information for processor 12
  Max Mhz: 1200, Current Mhz: 1200, Mhz Limit: 1200
Processor Information for processor 13
  Max Mhz: 1200, Current Mhz: 1200, Mhz Limit: 1200
Processor Information for processor 14
  Max Mhz: 1200, Current Mhz: 1200, Mhz Limit: 1200
Processor Information for processor 15
  Max Mhz: 1200, Current Mhz: 1200, Mhz Limit: 1200
Processor Information for processor 16
  Max Mhz: 700, Current Mhz: 700, Mhz Limit: 700
Processor Information for processor 17
  Max Mhz: 700, Current Mhz: 700, Mhz Limit: 700

Memory: 4k page, system-wide physical 16053M (2325M free)
TotalPageFile size 20149M (AvailPageFile size 364M)
current process WorkingSet (physical memory assigned to process): 440M, peak: 494M
current process commit charge ("private bytes"): 498M, peak: 584M

vm_info: OpenJDK 64-Bit Server VM (21.0.5+11-LTS) for windows-amd64 JRE (21.0.5+11-LTS), built on 2024-10-15T00:00:00Z by "admin" with MS VC++ 17.7 (VS2022)

END.
