#
# There is insufficient memory for the Java Runtime Environment to continue.
# Native memory allocation (mmap) failed to map 308281344 bytes. Error detail: G1 virtual space
# Possible reasons:
#   The system is out of physical RAM or swap space
#   This process is running with CompressedOops enabled, and the Java Heap may be blocking the growth of the native heap
# Possible solutions:
#   Reduce memory load on the system
#   Increase physical memory or swap space
#   Check if swap backing store is full
#   Decrease Java heap size (-Xmx/-Xms)
#   Decrease number of Java threads
#   Decrease Java thread stack sizes (-Xss)
#   Set larger code cache with -XX:ReservedCodeCacheSize=
#   JVM is running with Zero Based Compressed Oops mode in which the Java heap is
#     placed in the first 32GB address space. The Java Heap base address is the
#     maximum limit for the native heap growth. Please use -XX:HeapBaseMinAddress
#     to set the Java Heap base and to place the Java Heap above 32GB virtual address.
# This output file may be truncated or incomplete.
#
#  Out of Memory Error (os_windows.cpp:3616), pid=13360, tid=14744
#
# JRE version: OpenJDK Runtime Environment Temurin-21.0.5+11 (21.0.5+11) (build 21.0.5+11-LTS)
# Java VM: OpenJDK 64-Bit Server VM Temurin-21.0.5+11 (21.0.5+11-LTS, mixed mode, tiered, compressed oops, compressed class ptrs, g1 gc, windows-amd64)
# No core dump will be written. Minidumps are not enabled by default on client versions of Windows
#

---------------  S U M M A R Y ------------

Command Line: -Dballerina.home=C:\Program Files\Ballerina\distributions\ballerina-2201.12.9 org.ballerinalang.langserver.launchers.stdio.Main

Host: Intel(R) Core(TM) Ultra 5 125H, 18 cores, 15G,  Windows 11 , 64 bit Build 26100 (10.0.26100.4768)
Time: Sat Aug 30 12:08:51 2025 Sri Lanka Standard Time elapsed time: 51.804018 seconds (0d 0h 0m 51s)

---------------  T H R E A D  ---------------

Current thread (0x000001e36d8cf8d0):  VMThread "VM Thread"          [id=14744, stack(0x0000002106700000,0x0000002106800000) (1024K)]

Stack: [0x0000002106700000,0x0000002106800000]
Native frames: (J=compiled Java code, j=interpreted, Vv=VM code, C=native code)
V  [jvm.dll+0x6cd4e9]
V  [jvm.dll+0x8a7941]
V  [jvm.dll+0x8a9e6e]
V  [jvm.dll+0x8aa543]
V  [jvm.dll+0x27f6d6]
V  [jvm.dll+0x6c9c25]
V  [jvm.dll+0x6be84a]
V  [jvm.dll+0x355c6a]
V  [jvm.dll+0x35d836]
V  [jvm.dll+0x3af40e]
V  [jvm.dll+0x3af6b8]
V  [jvm.dll+0x329dfc]
V  [jvm.dll+0x329e87]
V  [jvm.dll+0x36dc4c]
V  [jvm.dll+0x36c498]
V  [jvm.dll+0x3295c1]
V  [jvm.dll+0x36bb0a]
V  [jvm.dll+0x8b025f]
V  [jvm.dll+0x8b15e4]
V  [jvm.dll+0x8b1b20]
V  [jvm.dll+0x8b1dc3]
V  [jvm.dll+0x8514fb]
V  [jvm.dll+0x6cbbed]
C  [ucrtbase.dll+0x37b0]
C  [KERNEL32.DLL+0x2e8d7]
C  [ntdll.dll+0x3c34c]

VM_Operation (0x0000002107ffc0f0): G1CollectForAllocation, mode: safepoint, requested by thread 0x000001e372b36850


---------------  P R O C E S S  ---------------

Threads class SMR info:
_java_thread_list=0x000001e3736abe80, length=60, elements={
0x000001e34d001ca0, 0x000001e36d916e30, 0x000001e36d917880, 0x000001e36d923d00,
0x000001e36d924360, 0x000001e36d948fd0, 0x000001e36d949a20, 0x000001e36d94a7a0,
0x000001e36d94e730, 0x000001e36dbb6e20, 0x000001e36dbcf220, 0x000001e373ce3220,
0x000001e372b36850, 0x000001e373c7dde0, 0x000001e3726078a0, 0x000001e3733cd240,
0x000001e3733cdf60, 0x000001e3733cbe90, 0x000001e3733ccbb0, 0x000001e3733cc520,
0x000001e3733cd8d0, 0x000001e3733cec80, 0x000001e373d48760, 0x000001e373d47a40,
0x000001e373d48df0, 0x000001e373d4a1a0, 0x000001e373d46d20, 0x000001e373d480d0,
0x000001e373d473b0, 0x000001e373d4a830, 0x000001e373d4c900, 0x000001e373d4d620,
0x000001e373d4cf90, 0x000001e373d4e340, 0x000001e373d4aec0, 0x000001e373d4bbe0,
0x000001e373d4b550, 0x000001e373d4dcb0, 0x000001e373d4c270, 0x000001e3737b9f40,
0x000001e3737b8500, 0x000001e3737b9220, 0x000001e3737b98b0, 0x000001e3737ba5d0,
0x000001e3737bac60, 0x000001e3737b77e0, 0x000001e3737bb2f0, 0x000001e3737bc010,
0x000001e3737bc6a0, 0x000001e3737b7e70, 0x000001e37548a740, 0x000001e37548ae10,
0x000001e37548b4e0, 0x000001e3754892d0, 0x000001e37548d6f0, 0x000001e37548e490,
0x000001e37548eb60, 0x000001e37548f230, 0x000001e37548f900, 0x000001e37548c280
}

Java Threads: ( => current thread )
  0x000001e34d001ca0 JavaThread "main"                              [_thread_blocked, id=2352, stack(0x0000002106000000,0x0000002106100000) (1024K)]
  0x000001e36d916e30 JavaThread "Reference Handler"          daemon [_thread_blocked, id=20308, stack(0x0000002106800000,0x0000002106900000) (1024K)]
  0x000001e36d917880 JavaThread "Finalizer"                  daemon [_thread_blocked, id=25252, stack(0x0000002106900000,0x0000002106a00000) (1024K)]
  0x000001e36d923d00 JavaThread "Signal Dispatcher"          daemon [_thread_blocked, id=13484, stack(0x0000002106a00000,0x0000002106b00000) (1024K)]
  0x000001e36d924360 JavaThread "Attach Listener"            daemon [_thread_blocked, id=19576, stack(0x0000002106b00000,0x0000002106c00000) (1024K)]
  0x000001e36d948fd0 JavaThread "Service Thread"             daemon [_thread_blocked, id=7524, stack(0x0000002106c00000,0x0000002106d00000) (1024K)]
  0x000001e36d949a20 JavaThread "Monitor Deflation Thread"   daemon [_thread_blocked, id=2244, stack(0x0000002106d00000,0x0000002106e00000) (1024K)]
  0x000001e36d94a7a0 JavaThread "C2 CompilerThread0"         daemon [_thread_blocked, id=16020, stack(0x0000002106e00000,0x0000002106f00000) (1024K)]
  0x000001e36d94e730 JavaThread "C1 CompilerThread0"         daemon [_thread_blocked, id=19276, stack(0x0000002106f00000,0x0000002107000000) (1024K)]
  0x000001e36dbb6e20 JavaThread "Notification Thread"        daemon [_thread_blocked, id=20684, stack(0x0000002107100000,0x0000002107200000) (1024K)]
  0x000001e36dbcf220 JavaThread "Common-Cleaner"             daemon [_thread_blocked, id=22752, stack(0x0000002107200000,0x0000002107300000) (1024K)]
  0x000001e373ce3220 JavaThread "pool-1-thread-1"                   [_thread_in_native, id=8276, stack(0x0000002107c00000,0x0000002107d00000) (1024K)]
  0x000001e372b36850 JavaThread "ForkJoinPool.commonPool-worker-1" daemon [_thread_blocked, id=19668, stack(0x0000002107f00000,0x0000002108000000) (1024K)]
  0x000001e373c7dde0 JavaThread "ForkJoinPool.commonPool-worker-2" daemon [_thread_blocked, id=20048, stack(0x0000002108500000,0x0000002108600000) (1024K)]
  0x000001e3726078a0 JavaThread "CompletableFutureDelayScheduler" daemon [_thread_blocked, id=19640, stack(0x0000002108f00000,0x0000002109000000) (1024K)]
  0x000001e3733cd240 JavaThread "OkHttp ConnectionPool"      daemon [_thread_blocked, id=13644, stack(0x0000002109100000,0x0000002109200000) (1024K)]
  0x000001e3733cdf60 JavaThread "Okio Watchdog"              daemon [_thread_blocked, id=25156, stack(0x0000002109200000,0x0000002109300000) (1024K)]
  0x000001e3733cbe90 JavaThread "OkHttp Http2Connection"     daemon [_thread_blocked, id=24516, stack(0x0000002109400000,0x0000002109500000) (1024K)]
  0x000001e3733ccbb0 JavaThread "ForkJoinPool.commonPool-worker-3" daemon [_thread_blocked, id=13372, stack(0x0000002107000000,0x0000002107100000) (1024K)]
  0x000001e3733cc520 JavaThread "ForkJoinPool.commonPool-worker-4" daemon [_thread_blocked, id=16000, stack(0x0000002107400000,0x0000002107500000) (1024K)]
  0x000001e3733cd8d0 JavaThread "OkHttp ConnectionPool"      daemon [_thread_blocked, id=9120, stack(0x0000002107b00000,0x0000002107c00000) (1024K)]
  0x000001e3733cec80 JavaThread "OkHttp ConnectionPool"      daemon [_thread_blocked, id=23284, stack(0x0000002107a00000,0x0000002107b00000) (1024K)]
  0x000001e373d48760 JavaThread "OkHttp ConnectionPool"      daemon [_thread_blocked, id=25312, stack(0x0000002108d00000,0x0000002108e00000) (1024K)]
  0x000001e373d47a40 JavaThread "OkHttp ConnectionPool"      daemon [_thread_blocked, id=4136, stack(0x0000002107d00000,0x0000002107e00000) (1024K)]
  0x000001e373d48df0 JavaThread "OkHttp ConnectionPool"      daemon [_thread_blocked, id=21680, stack(0x0000002107e00000,0x0000002107f00000) (1024K)]
  0x000001e373d4a1a0 JavaThread "OkHttp ConnectionPool"      daemon [_thread_blocked, id=2624, stack(0x0000002109300000,0x0000002109400000) (1024K)]
  0x000001e373d46d20 JavaThread "OkHttp ConnectionPool"      daemon [_thread_blocked, id=22000, stack(0x0000002108e00000,0x0000002108f00000) (1024K)]
  0x000001e373d480d0 JavaThread "OkHttp ConnectionPool"      daemon [_thread_blocked, id=10536, stack(0x0000002109600000,0x0000002109700000) (1024K)]
  0x000001e373d473b0 JavaThread "OkHttp ConnectionPool"      daemon [_thread_blocked, id=21016, stack(0x0000002109700000,0x0000002109800000) (1024K)]
  0x000001e373d4a830 JavaThread "OkHttp ConnectionPool"      daemon [_thread_blocked, id=3032, stack(0x0000002108c00000,0x0000002108d00000) (1024K)]
  0x000001e373d4c900 JavaThread "OkHttp ConnectionPool"      daemon [_thread_blocked, id=24736, stack(0x0000002109800000,0x0000002109900000) (1024K)]
  0x000001e373d4d620 JavaThread "OkHttp ConnectionPool"      daemon [_thread_blocked, id=6792, stack(0x0000002109900000,0x0000002109a00000) (1024K)]
  0x000001e373d4cf90 JavaThread "OkHttp ConnectionPool"      daemon [_thread_blocked, id=16904, stack(0x0000002109b00000,0x0000002109c00000) (1024K)]
  0x000001e373d4e340 JavaThread "OkHttp ConnectionPool"      daemon [_thread_blocked, id=19780, stack(0x000000210a000000,0x000000210a100000) (1024K)]
  0x000001e373d4aec0 JavaThread "OkHttp ConnectionPool"      daemon [_thread_blocked, id=14680, stack(0x0000002109500000,0x0000002109600000) (1024K)]
  0x000001e373d4bbe0 JavaThread "OkHttp ConnectionPool"      daemon [_thread_blocked, id=22572, stack(0x0000002109c00000,0x0000002109d00000) (1024K)]
  0x000001e373d4b550 JavaThread "OkHttp ConnectionPool"      daemon [_thread_blocked, id=24920, stack(0x000000210a400000,0x000000210a500000) (1024K)]
  0x000001e373d4dcb0 JavaThread "OkHttp ConnectionPool"      daemon [_thread_blocked, id=12888, stack(0x0000002109a00000,0x0000002109b00000) (1024K)]
  0x000001e373d4c270 JavaThread "OkHttp ConnectionPool"      daemon [_thread_blocked, id=17668, stack(0x0000002109d00000,0x0000002109e00000) (1024K)]
  0x000001e3737b9f40 JavaThread "OkHttp ConnectionPool"      daemon [_thread_blocked, id=23304, stack(0x000000210a500000,0x000000210a600000) (1024K)]
  0x000001e3737b8500 JavaThread "OkHttp ConnectionPool"      daemon [_thread_blocked, id=24132, stack(0x0000002109e00000,0x0000002109f00000) (1024K)]
  0x000001e3737b9220 JavaThread "OkHttp ConnectionPool"      daemon [_thread_blocked, id=12852, stack(0x000000210a300000,0x000000210a400000) (1024K)]
  0x000001e3737b98b0 JavaThread "OkHttp ConnectionPool"      daemon [_thread_blocked, id=496, stack(0x0000002109f00000,0x000000210a000000) (1024K)]
  0x000001e3737ba5d0 JavaThread "OkHttp ConnectionPool"      daemon [_thread_blocked, id=15684, stack(0x000000210a600000,0x000000210a700000) (1024K)]
  0x000001e3737bac60 JavaThread "OkHttp ConnectionPool"      daemon [_thread_blocked, id=22092, stack(0x000000210a700000,0x000000210a800000) (1024K)]
  0x000001e3737b77e0 JavaThread "OkHttp ConnectionPool"      daemon [_thread_blocked, id=6716, stack(0x000000210a800000,0x000000210a900000) (1024K)]
  0x000001e3737bb2f0 JavaThread "OkHttp ConnectionPool"      daemon [_thread_blocked, id=22364, stack(0x000000210af00000,0x000000210b000000) (1024K)]
  0x000001e3737bc010 JavaThread "OkHttp ConnectionPool"      daemon [_thread_blocked, id=23976, stack(0x000000210a900000,0x000000210aa00000) (1024K)]
  0x000001e3737bc6a0 JavaThread "OkHttp ConnectionPool"      daemon [_thread_blocked, id=5024, stack(0x000000210ac00000,0x000000210ad00000) (1024K)]
  0x000001e3737b7e70 JavaThread "OkHttp ConnectionPool"      daemon [_thread_blocked, id=6952, stack(0x000000210ab00000,0x000000210ac00000) (1024K)]
  0x000001e37548a740 JavaThread "C2 CompilerThread1"         daemon [_thread_blocked, id=12612, stack(0x0000002107300000,0x0000002107400000) (1024K)]
  0x000001e37548ae10 JavaThread "C2 CompilerThread2"         daemon [_thread_blocked, id=14828, stack(0x000000210aa00000,0x000000210ab00000) (1024K)]
  0x000001e37548b4e0 JavaThread "C2 CompilerThread3"         daemon [_thread_blocked, id=18316, stack(0x000000210ad00000,0x000000210ae00000) (1024K)]
  0x000001e3754892d0 JavaThread "C2 CompilerThread4"         daemon [_thread_blocked, id=24256, stack(0x000000210ae00000,0x000000210af00000) (1024K)]
  0x000001e37548d6f0 JavaThread "C2 CompilerThread5"         daemon [_thread_blocked, id=13172, stack(0x000000210b000000,0x000000210b100000) (1024K)]
  0x000001e37548e490 JavaThread "C1 CompilerThread1"         daemon [_thread_blocked, id=8452, stack(0x000000210b100000,0x000000210b200000) (1024K)]
  0x000001e37548eb60 JavaThread "C2 CompilerThread6"         daemon [_thread_blocked, id=20600, stack(0x000000210b200000,0x000000210b300000) (1024K)]
  0x000001e37548f230 JavaThread "C1 CompilerThread2"         daemon [_thread_blocked, id=12780, stack(0x000000210b300000,0x000000210b400000) (1024K)]
  0x000001e37548f900 JavaThread "C1 CompilerThread3"         daemon [_thread_blocked, id=2460, stack(0x000000210b400000,0x000000210b500000) (1024K)]
  0x000001e37548c280 JavaThread "C2 CompilerThread7"         daemon [_thread_blocked, id=6448, stack(0x000000210b500000,0x000000210b600000) (1024K)]
Total: 60

Other Threads:
=>0x000001e36d8cf8d0 VMThread "VM Thread"                           [id=14744, stack(0x0000002106700000,0x0000002106800000) (1024K)]
  0x000001e36cb592d0 WatcherThread "VM Periodic Task Thread"        [id=17492, stack(0x0000002106600000,0x0000002106700000) (1024K)]
  0x000001e34f416160 WorkerThread "GC Thread#0"                     [id=12892, stack(0x0000002106100000,0x0000002106200000) (1024K)]
  0x000001e372936bf0 WorkerThread "GC Thread#1"                     [id=18084, stack(0x0000002107500000,0x0000002107600000) (1024K)]
  0x000001e3728da7e0 WorkerThread "GC Thread#2"                     [id=12364, stack(0x0000002107600000,0x0000002107700000) (1024K)]
  0x000001e3728dab80 WorkerThread "GC Thread#3"                     [id=3504, stack(0x0000002107700000,0x0000002107800000) (1024K)]
  0x000001e372912a10 WorkerThread "GC Thread#4"                     [id=16704, stack(0x0000002107800000,0x0000002107900000) (1024K)]
  0x000001e372912fc0 WorkerThread "GC Thread#5"                     [id=12080, stack(0x0000002107900000,0x0000002107a00000) (1024K)]
  0x000001e3740c0ad0 WorkerThread "GC Thread#6"                     [id=9372, stack(0x0000002108000000,0x0000002108100000) (1024K)]
  0x000001e373652a90 WorkerThread "GC Thread#7"                     [id=5624, stack(0x0000002108100000,0x0000002108200000) (1024K)]
  0x000001e3738577f0 WorkerThread "GC Thread#8"                     [id=17784, stack(0x0000002108200000,0x0000002108300000) (1024K)]
  0x000001e3741eed60 WorkerThread "GC Thread#9"                     [id=23428, stack(0x0000002108300000,0x0000002108400000) (1024K)]
  0x000001e3734aea30 WorkerThread "GC Thread#10"                    [id=24056, stack(0x0000002108400000,0x0000002108500000) (1024K)]
  0x000001e3734ad0d0 WorkerThread "GC Thread#11"                    [id=23116, stack(0x0000002108600000,0x0000002108700000) (1024K)]
  0x000001e3734ae2f0 WorkerThread "GC Thread#12"                    [id=4036, stack(0x0000002108700000,0x0000002108800000) (1024K)]
  0x000001e3757eb5a0 WorkerThread "GC Thread#13"                    [id=18384, stack(0x0000002108b00000,0x0000002108c00000) (1024K)]
  0x000001e34f426b20 ConcurrentGCThread "G1 Main Marker"            [id=6844, stack(0x0000002106200000,0x0000002106300000) (1024K)]
  0x000001e34f4283b0 WorkerThread "G1 Conc#0"                       [id=12228, stack(0x0000002106300000,0x0000002106400000) (1024K)]
  0x000001e3734ad810 WorkerThread "G1 Conc#1"                       [id=17444, stack(0x0000002108800000,0x0000002108900000) (1024K)]
  0x000001e3734ad470 WorkerThread "G1 Conc#2"                       [id=18132, stack(0x0000002108900000,0x0000002108a00000) (1024K)]
  0x000001e3734adbb0 WorkerThread "G1 Conc#3"                       [id=18524, stack(0x0000002108a00000,0x0000002108b00000) (1024K)]
  0x000001e36ca2bd80 ConcurrentGCThread "G1 Refine#0"               [id=19092, stack(0x0000002106400000,0x0000002106500000) (1024K)]
  0x000001e36ca2d5b0 ConcurrentGCThread "G1 Service"                [id=20264, stack(0x0000002106500000,0x0000002106600000) (1024K)]
Total: 23

Threads with active compile tasks:
C2 CompilerThread0  51819 11308       4       io.ballerina.types.EnumerableSubtype::compareEnumerable (195 bytes)
C1 CompilerThread0  51819 11332       3       org.wso2.ballerinalang.compiler.semantics.analyzer.TypeChecker::visit (1120 bytes)
C2 CompilerThread1  51819 11359       4       io.ballerina.types.Common::bddEveryPositive (126 bytes)
C2 CompilerThread2  51819 10974       4       io.ballerina.compiler.internal.parser.BallerinaParser::parseTerminalExpression (917 bytes)
C2 CompilerThread3  51819 10982       4       io.ballerina.compiler.internal.parser.BallerinaParser::parseTypeDescriptorInternal (77 bytes)
C2 CompilerThread4  51819 11356       4       java.util.WeakHashMap::get (75 bytes)
C2 CompilerThread5  51819 11024       4       io.ballerina.compiler.internal.parser.BallerinaParser::parseStatement (1106 bytes)
C2 CompilerThread6  51819 11347       4       io.ballerina.types.typeops.StringOps::intersect (149 bytes)
C2 CompilerThread7  51819 11360       4       io.ballerina.types.subtypedata.BddNodeImpl::equals (8 bytes)
Total: 9

VM state: at safepoint (normal execution)

VM Mutex/Monitor currently owned by a thread:  ([mutex/lock_event])
[0x00007ff83584d380] Threads_lock - owner thread: 0x000001e36d8cf8d0
[0x00007ff83584d480] Heap_lock - owner thread: 0x000001e372b36850

Heap address: 0x0000000705200000, size: 4014 MB, Compressed Oops mode: Zero based, Oop shift amount: 3

CDS archive(s) not mapped
Compressed class space mapped at: 0x0000000800000000-0x0000000840000000, reserved size: 1073741824
Narrow klass base: 0x0000000800000000, Narrow klass shift: 0, Narrow klass range: 0x40000000

GC Precious Log:
 CardTable entry size: 512
 Card Set container configuration: InlinePtr #cards 4 size 8 Array Of Cards #cards 16 size 48 Howl #buckets 8 coarsen threshold 3686 Howl Bitmap #cards 512 size 80 coarsen threshold 460 Card regions per heap region 1 cards per card region 4096
 CPUs: 18 total, 18 available
 Memory: 16053M
 Large Page Support: Disabled
 NUMA Support: Disabled
 Compressed Oops: Enabled (Zero based)
 Heap Region Size: 2M
 Heap Min Capacity: 8M
 Heap Initial Capacity: 252M
 Heap Max Capacity: 4014M
 Pre-touch: Disabled
 Parallel Workers: 14
 Concurrent Workers: 4
 Concurrent Refinement Workers: 14
 Periodic GC: Disabled

Heap:
 garbage-first heap   total 331776K, used 160347K [0x0000000705200000, 0x0000000800000000)
  region size 2048K, 2 young (4096K), 2 survivors (4096K)
 Metaspace       used 48519K, committed 49024K, reserved 1114112K
  class space    used 4623K, committed 4864K, reserved 1048576K

Heap Regions: E=young(eden), S=young(survivor), O=old, HS=humongous(starts), HC=humongous(continues), CS=collection set, F=free, TAMS=top-at-mark-start, PB=parsable bottom
|   0|0x0000000705200000, 0x0000000705400000, 0x0000000705400000|100%| O|  |TAMS 0x0000000705200000| PB 0x0000000705200000| Untracked 
|   1|0x0000000705400000, 0x0000000705600000, 0x0000000705600000|100%| O|  |TAMS 0x0000000705400000| PB 0x0000000705400000| Untracked 
|   2|0x0000000705600000, 0x0000000705800000, 0x0000000705800000|100%| O|  |TAMS 0x0000000705600000| PB 0x0000000705600000| Untracked 
|   3|0x0000000705800000, 0x0000000705a00000, 0x0000000705a00000|100%| O|  |TAMS 0x0000000705800000| PB 0x0000000705800000| Untracked 
|   4|0x0000000705a00000, 0x0000000705c00000, 0x0000000705c00000|100%| O|  |TAMS 0x0000000705a00000| PB 0x0000000705a00000| Untracked 
|   5|0x0000000705c00000, 0x0000000705e00000, 0x0000000705e00000|100%| O|  |TAMS 0x0000000705c00000| PB 0x0000000705c00000| Untracked 
|   6|0x0000000705e00000, 0x0000000706000000, 0x0000000706000000|100%| O|  |TAMS 0x0000000705e00000| PB 0x0000000705e00000| Untracked 
|   7|0x0000000706000000, 0x0000000706200000, 0x0000000706200000|100%| O|  |TAMS 0x0000000706000000| PB 0x0000000706000000| Untracked 
|   8|0x0000000706200000, 0x0000000706400000, 0x0000000706400000|100%| O|  |TAMS 0x0000000706200000| PB 0x0000000706200000| Untracked 
|   9|0x0000000706400000, 0x0000000706600000, 0x0000000706600000|100%| O|  |TAMS 0x0000000706400000| PB 0x0000000706400000| Untracked 
|  10|0x0000000706600000, 0x0000000706800000, 0x0000000706800000|100%| O|  |TAMS 0x0000000706600000| PB 0x0000000706600000| Untracked 
|  11|0x0000000706800000, 0x0000000706a00000, 0x0000000706a00000|100%| O|  |TAMS 0x0000000706800000| PB 0x0000000706800000| Untracked 
|  12|0x0000000706a00000, 0x0000000706c00000, 0x0000000706c00000|100%| O|  |TAMS 0x0000000706a00000| PB 0x0000000706a00000| Untracked 
|  13|0x0000000706c00000, 0x0000000706c00000, 0x0000000706e00000|  0%| F|  |TAMS 0x0000000706c00000| PB 0x0000000706c00000| Untracked 
|  14|0x0000000706e00000, 0x0000000707000000, 0x0000000707000000|100%| O|  |TAMS 0x0000000706e00000| PB 0x0000000706e00000| Untracked 
|  15|0x0000000707000000, 0x0000000707200000, 0x0000000707200000|100%| O|  |TAMS 0x0000000707000000| PB 0x0000000707000000| Untracked 
|  16|0x0000000707200000, 0x0000000707400000, 0x0000000707400000|100%| O|  |TAMS 0x0000000707200000| PB 0x0000000707200000| Untracked 
|  17|0x0000000707400000, 0x0000000707600000, 0x0000000707600000|100%| O|  |TAMS 0x0000000707400000| PB 0x0000000707400000| Untracked 
|  18|0x0000000707600000, 0x0000000707800000, 0x0000000707800000|100%| O|  |TAMS 0x0000000707600000| PB 0x0000000707600000| Untracked 
|  19|0x0000000707800000, 0x0000000707a00000, 0x0000000707a00000|100%| O|  |TAMS 0x0000000707800000| PB 0x0000000707800000| Untracked 
|  20|0x0000000707a00000, 0x0000000707c00000, 0x0000000707c00000|100%| O|  |TAMS 0x0000000707a00000| PB 0x0000000707a00000| Untracked 
|  21|0x0000000707c00000, 0x0000000707c00000, 0x0000000707e00000|  0%| F|  |TAMS 0x0000000707c00000| PB 0x0000000707c00000| Untracked 
|  22|0x0000000707e00000, 0x0000000708000000, 0x0000000708000000|100%| O|  |TAMS 0x0000000707e00000| PB 0x0000000707e00000| Untracked 
|  23|0x0000000708000000, 0x0000000708200000, 0x0000000708200000|100%| O|  |TAMS 0x0000000708000000| PB 0x0000000708000000| Untracked 
|  24|0x0000000708200000, 0x0000000708400000, 0x0000000708400000|100%| O|  |TAMS 0x0000000708200000| PB 0x0000000708200000| Untracked 
|  25|0x0000000708400000, 0x0000000708600000, 0x0000000708600000|100%| O|  |TAMS 0x0000000708400000| PB 0x0000000708400000| Untracked 
|  26|0x0000000708600000, 0x0000000708696cd0, 0x0000000708800000| 29%| O|  |TAMS 0x0000000708600000| PB 0x0000000708600000| Untracked 
|  27|0x0000000708800000, 0x0000000708a00000, 0x0000000708a00000|100%| O|  |TAMS 0x0000000708800000| PB 0x0000000708800000| Untracked 
|  28|0x0000000708a00000, 0x0000000708c00000, 0x0000000708c00000|100%| O|  |TAMS 0x0000000708a00000| PB 0x0000000708a00000| Untracked 
|  29|0x0000000708c00000, 0x0000000708e00000, 0x0000000708e00000|100%| O|  |TAMS 0x0000000708c00000| PB 0x0000000708c00000| Untracked 
|  30|0x0000000708e00000, 0x0000000708e00000, 0x0000000709000000|  0%| F|  |TAMS 0x0000000708e00000| PB 0x0000000708e00000| Untracked 
|  31|0x0000000709000000, 0x0000000709000000, 0x0000000709200000|  0%| F|  |TAMS 0x0000000709000000| PB 0x0000000709000000| Untracked 
|  32|0x0000000709200000, 0x0000000709400000, 0x0000000709400000|100%| O|  |TAMS 0x0000000709200000| PB 0x0000000709200000| Untracked 
|  33|0x0000000709400000, 0x0000000709600000, 0x0000000709600000|100%| O|  |TAMS 0x0000000709400000| PB 0x0000000709400000| Untracked 
|  34|0x0000000709600000, 0x0000000709800000, 0x0000000709800000|100%| O|  |TAMS 0x0000000709600000| PB 0x0000000709600000| Untracked 
|  35|0x0000000709800000, 0x0000000709a00000, 0x0000000709a00000|100%| O|  |TAMS 0x0000000709800000| PB 0x0000000709800000| Untracked 
|  36|0x0000000709a00000, 0x0000000709c00000, 0x0000000709c00000|100%| O|  |TAMS 0x0000000709a00000| PB 0x0000000709a00000| Untracked 
|  37|0x0000000709c00000, 0x0000000709e00000, 0x0000000709e00000|100%| O|  |TAMS 0x0000000709c00000| PB 0x0000000709c00000| Untracked 
|  38|0x0000000709e00000, 0x000000070a000000, 0x000000070a000000|100%| O|  |TAMS 0x0000000709e00000| PB 0x0000000709e00000| Untracked 
|  39|0x000000070a000000, 0x000000070a000000, 0x000000070a200000|  0%| F|  |TAMS 0x000000070a000000| PB 0x000000070a000000| Untracked 
|  40|0x000000070a200000, 0x000000070a200000, 0x000000070a400000|  0%| F|  |TAMS 0x000000070a200000| PB 0x000000070a200000| Untracked 
|  41|0x000000070a400000, 0x000000070a400000, 0x000000070a600000|  0%| F|  |TAMS 0x000000070a400000| PB 0x000000070a400000| Untracked 
|  42|0x000000070a600000, 0x000000070a800000, 0x000000070a800000|100%| O|  |TAMS 0x000000070a600000| PB 0x000000070a600000| Untracked 
|  43|0x000000070a800000, 0x000000070aa00000, 0x000000070aa00000|100%| O|  |TAMS 0x000000070a800000| PB 0x000000070a800000| Untracked 
|  44|0x000000070aa00000, 0x000000070ac00000, 0x000000070ac00000|100%| O|  |TAMS 0x000000070aa00000| PB 0x000000070aa00000| Untracked 
|  45|0x000000070ac00000, 0x000000070ac00000, 0x000000070ae00000|  0%| F|  |TAMS 0x000000070ac00000| PB 0x000000070ac00000| Untracked 
|  46|0x000000070ae00000, 0x000000070ae00000, 0x000000070b000000|  0%| F|  |TAMS 0x000000070ae00000| PB 0x000000070ae00000| Untracked 
|  47|0x000000070b000000, 0x000000070b200000, 0x000000070b200000|100%| O|  |TAMS 0x000000070b000000| PB 0x000000070b000000| Untracked 
|  48|0x000000070b200000, 0x000000070b400000, 0x000000070b400000|100%| O|  |TAMS 0x000000070b200000| PB 0x000000070b200000| Untracked 
|  49|0x000000070b400000, 0x000000070b600000, 0x000000070b600000|100%| O|  |TAMS 0x000000070b400000| PB 0x000000070b400000| Untracked 
|  50|0x000000070b600000, 0x000000070b600000, 0x000000070b800000|  0%| F|  |TAMS 0x000000070b600000| PB 0x000000070b600000| Untracked 
|  51|0x000000070b800000, 0x000000070b800000, 0x000000070ba00000|  0%| F|  |TAMS 0x000000070b800000| PB 0x000000070b800000| Untracked 
|  52|0x000000070ba00000, 0x000000070ba00000, 0x000000070bc00000|  0%| F|  |TAMS 0x000000070ba00000| PB 0x000000070ba00000| Untracked 
|  53|0x000000070bc00000, 0x000000070bc00000, 0x000000070be00000|  0%| F|  |TAMS 0x000000070bc00000| PB 0x000000070bc00000| Untracked 
|  54|0x000000070be00000, 0x000000070c000000, 0x000000070c000000|100%| O|  |TAMS 0x000000070be00000| PB 0x000000070be00000| Untracked 
|  55|0x000000070c000000, 0x000000070c000000, 0x000000070c200000|  0%| F|  |TAMS 0x000000070c000000| PB 0x000000070c000000| Untracked 
|  56|0x000000070c200000, 0x000000070c200000, 0x000000070c400000|  0%| F|  |TAMS 0x000000070c200000| PB 0x000000070c200000| Untracked 
|  57|0x000000070c400000, 0x000000070c400000, 0x000000070c600000|  0%| F|  |TAMS 0x000000070c400000| PB 0x000000070c400000| Untracked 
|  58|0x000000070c600000, 0x000000070c600000, 0x000000070c800000|  0%| F|  |TAMS 0x000000070c600000| PB 0x000000070c600000| Untracked 
|  59|0x000000070c800000, 0x000000070c800000, 0x000000070ca00000|  0%| F|  |TAMS 0x000000070c800000| PB 0x000000070c800000| Untracked 
|  60|0x000000070ca00000, 0x000000070cc00000, 0x000000070cc00000|100%| O|  |TAMS 0x000000070ca00000| PB 0x000000070ca00000| Untracked 
|  61|0x000000070cc00000, 0x000000070ce00000, 0x000000070ce00000|100%| O|  |TAMS 0x000000070cc00000| PB 0x000000070cc00000| Untracked 
|  62|0x000000070ce00000, 0x000000070d000000, 0x000000070d000000|100%| O|Cm|TAMS 0x000000070ce00000| PB 0x000000070ce00000| Complete 
|  63|0x000000070d000000, 0x000000070d000000, 0x000000070d200000|  0%| F|  |TAMS 0x000000070d000000| PB 0x000000070d000000| Untracked 
|  64|0x000000070d200000, 0x000000070d400000, 0x000000070d400000|100%| O|  |TAMS 0x000000070d200000| PB 0x000000070d200000| Untracked 
|  65|0x000000070d400000, 0x000000070d400000, 0x000000070d600000|  0%| F|  |TAMS 0x000000070d400000| PB 0x000000070d400000| Untracked 
|  66|0x000000070d600000, 0x000000070d600000, 0x000000070d800000|  0%| F|  |TAMS 0x000000070d600000| PB 0x000000070d600000| Untracked 
|  67|0x000000070d800000, 0x000000070d800000, 0x000000070da00000|  0%| F|  |TAMS 0x000000070d800000| PB 0x000000070d800000| Untracked 
|  68|0x000000070da00000, 0x000000070da00000, 0x000000070dc00000|  0%| F|  |TAMS 0x000000070da00000| PB 0x000000070da00000| Untracked 
|  69|0x000000070dc00000, 0x000000070dc00000, 0x000000070de00000|  0%| F|  |TAMS 0x000000070dc00000| PB 0x000000070dc00000| Untracked 
|  70|0x000000070de00000, 0x000000070de00000, 0x000000070e000000|  0%| F|  |TAMS 0x000000070de00000| PB 0x000000070de00000| Untracked 
|  71|0x000000070e000000, 0x000000070e000000, 0x000000070e200000|  0%| F|  |TAMS 0x000000070e000000| PB 0x000000070e000000| Untracked 
|  72|0x000000070e200000, 0x000000070e200000, 0x000000070e400000|  0%| F|  |TAMS 0x000000070e200000| PB 0x000000070e200000| Untracked 
|  73|0x000000070e400000, 0x000000070e400000, 0x000000070e600000|  0%| F|  |TAMS 0x000000070e400000| PB 0x000000070e400000| Untracked 
|  74|0x000000070e600000, 0x000000070e800000, 0x000000070e800000|100%| O|Cm|TAMS 0x000000070e600000| PB 0x000000070e600000| Complete 
|  75|0x000000070e800000, 0x000000070ea00000, 0x000000070ea00000|100%| O|  |TAMS 0x000000070e800000| PB 0x000000070e800000| Untracked 
|  76|0x000000070ea00000, 0x000000070ec00000, 0x000000070ec00000|100%| O|  |TAMS 0x000000070ea00000| PB 0x000000070ea00000| Untracked 
|  77|0x000000070ec00000, 0x000000070ee00000, 0x000000070ee00000|100%| O|  |TAMS 0x000000070ec00000| PB 0x000000070ec00000| Untracked 
|  78|0x000000070ee00000, 0x000000070f000000, 0x000000070f000000|100%| O|  |TAMS 0x000000070ee00000| PB 0x000000070ee00000| Untracked 
|  79|0x000000070f000000, 0x000000070f200000, 0x000000070f200000|100%| O|  |TAMS 0x000000070f000000| PB 0x000000070f000000| Untracked 
|  80|0x000000070f200000, 0x000000070f400000, 0x000000070f400000|100%| O|Cm|TAMS 0x000000070f200000| PB 0x000000070f200000| Complete 
|  81|0x000000070f400000, 0x000000070f400000, 0x000000070f600000|  0%| F|  |TAMS 0x000000070f400000| PB 0x000000070f400000| Untracked 
|  82|0x000000070f600000, 0x000000070f800000, 0x000000070f800000|100%| O|Cm|TAMS 0x000000070f600000| PB 0x000000070f600000| Complete 
|  83|0x000000070f800000, 0x000000070fa00000, 0x000000070fa00000|100%| O|  |TAMS 0x000000070f800000| PB 0x000000070f800000| Untracked 
|  84|0x000000070fa00000, 0x000000070fc00000, 0x000000070fc00000|100%| O|  |TAMS 0x000000070fa00000| PB 0x000000070fa00000| Untracked 
|  85|0x000000070fc00000, 0x000000070fe00000, 0x000000070fe00000|100%| O|  |TAMS 0x000000070fc00000| PB 0x000000070fc00000| Untracked 
|  86|0x000000070fe00000, 0x0000000710000000, 0x0000000710000000|100%| O|  |TAMS 0x000000070fe00000| PB 0x000000070fe00000| Untracked 
|  87|0x0000000710000000, 0x0000000710200000, 0x0000000710200000|100%| O|  |TAMS 0x0000000710000000| PB 0x0000000710000000| Untracked 
|  88|0x0000000710200000, 0x0000000710400000, 0x0000000710400000|100%| O|  |TAMS 0x0000000710200000| PB 0x0000000710200000| Untracked 
|  89|0x0000000710400000, 0x0000000710600000, 0x0000000710600000|100%| O|Cm|TAMS 0x0000000710400000| PB 0x0000000710400000| Complete 
|  90|0x0000000710600000, 0x0000000710800000, 0x0000000710800000|100%| O|  |TAMS 0x0000000710600000| PB 0x0000000710600000| Untracked 
|  91|0x0000000710800000, 0x0000000710a00000, 0x0000000710a00000|100%| O|  |TAMS 0x0000000710800000| PB 0x0000000710800000| Untracked 
|  92|0x0000000710a00000, 0x0000000710c00000, 0x0000000710c00000|100%| O|  |TAMS 0x0000000710a00000| PB 0x0000000710a00000| Untracked 
|  93|0x0000000710c00000, 0x0000000710e00000, 0x0000000710e00000|100%| O|  |TAMS 0x0000000710c00000| PB 0x0000000710c00000| Untracked 
|  94|0x0000000710e00000, 0x0000000711000000, 0x0000000711000000|100%| O|  |TAMS 0x0000000710e00000| PB 0x0000000710e00000| Untracked 
|  95|0x0000000711000000, 0x0000000711200000, 0x0000000711200000|100%| O|  |TAMS 0x0000000711000000| PB 0x0000000711000000| Untracked 
|  96|0x0000000711200000, 0x0000000711400000, 0x0000000711400000|100%| O|  |TAMS 0x0000000711200000| PB 0x0000000711200000| Untracked 
|  97|0x0000000711400000, 0x0000000711600000, 0x0000000711600000|100%| O|  |TAMS 0x0000000711400000| PB 0x0000000711400000| Untracked 
|  98|0x0000000711600000, 0x0000000711800000, 0x0000000711800000|100%| O|  |TAMS 0x0000000711600000| PB 0x0000000711600000| Untracked 
|  99|0x0000000711800000, 0x0000000711a00000, 0x0000000711a00000|100%| O|  |TAMS 0x0000000711800000| PB 0x0000000711800000| Untracked 
| 100|0x0000000711a00000, 0x0000000711c00000, 0x0000000711c00000|100%| O|  |TAMS 0x0000000711a00000| PB 0x0000000711a00000| Untracked 
| 101|0x0000000711c00000, 0x0000000711e00000, 0x0000000711e00000|100%| O|  |TAMS 0x0000000711c00000| PB 0x0000000711c00000| Untracked 
| 102|0x0000000711e00000, 0x0000000712000000, 0x0000000712000000|100%| O|  |TAMS 0x0000000711e00000| PB 0x0000000711e00000| Untracked 
| 103|0x0000000712000000, 0x0000000712200000, 0x0000000712200000|100%| O|  |TAMS 0x0000000712000000| PB 0x0000000712000000| Untracked 
| 104|0x0000000712200000, 0x0000000712400000, 0x0000000712400000|100%| O|  |TAMS 0x0000000712200000| PB 0x0000000712200000| Untracked 
| 105|0x0000000712400000, 0x0000000712600000, 0x0000000712600000|100%| O|  |TAMS 0x0000000712400000| PB 0x0000000712400000| Untracked 
| 106|0x0000000712600000, 0x0000000712600000, 0x0000000712800000|  0%| F|  |TAMS 0x0000000712600000| PB 0x0000000712600000| Untracked 
| 107|0x0000000712800000, 0x0000000712800000, 0x0000000712a00000|  0%| F|  |TAMS 0x0000000712800000| PB 0x0000000712800000| Untracked 
| 108|0x0000000712a00000, 0x0000000712a00000, 0x0000000712c00000|  0%| F|  |TAMS 0x0000000712a00000| PB 0x0000000712a00000| Untracked 
| 109|0x0000000712c00000, 0x0000000712c00000, 0x0000000712e00000|  0%| F|  |TAMS 0x0000000712c00000| PB 0x0000000712c00000| Untracked 
| 110|0x0000000712e00000, 0x0000000712e00000, 0x0000000713000000|  0%| F|  |TAMS 0x0000000712e00000| PB 0x0000000712e00000| Untracked 
| 111|0x0000000713000000, 0x0000000713000000, 0x0000000713200000|  0%| F|  |TAMS 0x0000000713000000| PB 0x0000000713000000| Untracked 
| 112|0x0000000713200000, 0x0000000713400000, 0x0000000713400000|100%| S|CS|TAMS 0x0000000713200000| PB 0x0000000713200000| Complete 
| 113|0x0000000713400000, 0x0000000713600000, 0x0000000713600000|100%| S|CS|TAMS 0x0000000713400000| PB 0x0000000713400000| Complete 
| 114|0x0000000713600000, 0x0000000713600000, 0x0000000713800000|  0%| F|  |TAMS 0x0000000713600000| PB 0x0000000713600000| Untracked 
| 115|0x0000000713800000, 0x0000000713800000, 0x0000000713a00000|  0%| F|  |TAMS 0x0000000713800000| PB 0x0000000713800000| Untracked 
| 116|0x0000000713a00000, 0x0000000713a00000, 0x0000000713c00000|  0%| F|  |TAMS 0x0000000713a00000| PB 0x0000000713a00000| Untracked 
| 117|0x0000000713c00000, 0x0000000713c00000, 0x0000000713e00000|  0%| F|  |TAMS 0x0000000713c00000| PB 0x0000000713c00000| Untracked 
| 118|0x0000000713e00000, 0x0000000713e00000, 0x0000000714000000|  0%| F|  |TAMS 0x0000000713e00000| PB 0x0000000713e00000| Untracked 
| 119|0x0000000714000000, 0x0000000714000000, 0x0000000714200000|  0%| F|  |TAMS 0x0000000714000000| PB 0x0000000714000000| Untracked 
| 120|0x0000000714200000, 0x0000000714200000, 0x0000000714400000|  0%| F|  |TAMS 0x0000000714200000| PB 0x0000000714200000| Untracked 
| 121|0x0000000714400000, 0x0000000714400000, 0x0000000714600000|  0%| F|  |TAMS 0x0000000714400000| PB 0x0000000714400000| Untracked 
| 122|0x0000000714600000, 0x0000000714600000, 0x0000000714800000|  0%| F|  |TAMS 0x0000000714600000| PB 0x0000000714600000| Untracked 
| 123|0x0000000714800000, 0x0000000714800000, 0x0000000714a00000|  0%| F|  |TAMS 0x0000000714800000| PB 0x0000000714800000| Untracked 
| 124|0x0000000714a00000, 0x0000000714a00000, 0x0000000714c00000|  0%| F|  |TAMS 0x0000000714a00000| PB 0x0000000714a00000| Untracked 
| 125|0x0000000714c00000, 0x0000000714c00000, 0x0000000714e00000|  0%| F|  |TAMS 0x0000000714c00000| PB 0x0000000714c00000| Untracked 
| 126|0x0000000714e00000, 0x0000000714e00000, 0x0000000715000000|  0%| F|  |TAMS 0x0000000714e00000| PB 0x0000000714e00000| Untracked 
| 127|0x0000000715000000, 0x0000000715000000, 0x0000000715200000|  0%| F|  |TAMS 0x0000000715000000| PB 0x0000000715000000| Untracked 
| 128|0x0000000715200000, 0x0000000715200000, 0x0000000715400000|  0%| F|  |TAMS 0x0000000715200000| PB 0x0000000715200000| Untracked 
| 129|0x0000000715400000, 0x0000000715400000, 0x0000000715600000|  0%| F|  |TAMS 0x0000000715400000| PB 0x0000000715400000| Untracked 
| 130|0x0000000715600000, 0x0000000715600000, 0x0000000715800000|  0%| F|  |TAMS 0x0000000715600000| PB 0x0000000715600000| Untracked 
| 131|0x0000000715800000, 0x0000000715800000, 0x0000000715a00000|  0%| F|  |TAMS 0x0000000715800000| PB 0x0000000715800000| Untracked 
| 132|0x0000000715a00000, 0x0000000715a00000, 0x0000000715c00000|  0%| F|  |TAMS 0x0000000715a00000| PB 0x0000000715a00000| Untracked 
| 133|0x0000000715c00000, 0x0000000715c00000, 0x0000000715e00000|  0%| F|  |TAMS 0x0000000715c00000| PB 0x0000000715c00000| Untracked 
| 134|0x0000000715e00000, 0x0000000715e00000, 0x0000000716000000|  0%| F|  |TAMS 0x0000000715e00000| PB 0x0000000715e00000| Untracked 
| 135|0x0000000716000000, 0x0000000716000000, 0x0000000716200000|  0%| F|  |TAMS 0x0000000716000000| PB 0x0000000716000000| Untracked 
| 136|0x0000000716200000, 0x0000000716200000, 0x0000000716400000|  0%| F|  |TAMS 0x0000000716200000| PB 0x0000000716200000| Untracked 
| 137|0x0000000716400000, 0x0000000716400000, 0x0000000716600000|  0%| F|  |TAMS 0x0000000716400000| PB 0x0000000716400000| Untracked 
| 138|0x0000000716600000, 0x0000000716600000, 0x0000000716800000|  0%| F|  |TAMS 0x0000000716600000| PB 0x0000000716600000| Untracked 
| 139|0x0000000716800000, 0x0000000716800000, 0x0000000716a00000|  0%| F|  |TAMS 0x0000000716800000| PB 0x0000000716800000| Untracked 
| 140|0x0000000716a00000, 0x0000000716a00000, 0x0000000716c00000|  0%| F|  |TAMS 0x0000000716a00000| PB 0x0000000716a00000| Untracked 
| 141|0x0000000716c00000, 0x0000000716c00000, 0x0000000716e00000|  0%| F|  |TAMS 0x0000000716c00000| PB 0x0000000716c00000| Untracked 
| 142|0x0000000716e00000, 0x0000000716e00000, 0x0000000717000000|  0%| F|  |TAMS 0x0000000716e00000| PB 0x0000000716e00000| Untracked 
| 143|0x0000000717000000, 0x0000000717000000, 0x0000000717200000|  0%| F|  |TAMS 0x0000000717000000| PB 0x0000000717000000| Untracked 
| 144|0x0000000717200000, 0x0000000717200000, 0x0000000717400000|  0%| F|  |TAMS 0x0000000717200000| PB 0x0000000717200000| Untracked 
| 145|0x0000000717400000, 0x0000000717400000, 0x0000000717600000|  0%| F|  |TAMS 0x0000000717400000| PB 0x0000000717400000| Untracked 
| 146|0x0000000717600000, 0x0000000717600000, 0x0000000717800000|  0%| F|  |TAMS 0x0000000717600000| PB 0x0000000717600000| Untracked 
| 147|0x0000000717800000, 0x0000000717800000, 0x0000000717a00000|  0%| F|  |TAMS 0x0000000717800000| PB 0x0000000717800000| Untracked 
| 148|0x0000000717a00000, 0x0000000717a00000, 0x0000000717c00000|  0%| F|  |TAMS 0x0000000717a00000| PB 0x0000000717a00000| Untracked 
| 149|0x0000000717c00000, 0x0000000717c00000, 0x0000000717e00000|  0%| F|  |TAMS 0x0000000717c00000| PB 0x0000000717c00000| Untracked 
| 150|0x0000000717e00000, 0x0000000717e00000, 0x0000000718000000|  0%| F|  |TAMS 0x0000000717e00000| PB 0x0000000717e00000| Untracked 
| 151|0x0000000718000000, 0x0000000718000000, 0x0000000718200000|  0%| F|  |TAMS 0x0000000718000000| PB 0x0000000718000000| Untracked 
| 152|0x0000000718200000, 0x0000000718200000, 0x0000000718400000|  0%| F|  |TAMS 0x0000000718200000| PB 0x0000000718200000| Untracked 
| 153|0x0000000718400000, 0x0000000718400000, 0x0000000718600000|  0%| F|  |TAMS 0x0000000718400000| PB 0x0000000718400000| Untracked 
| 154|0x0000000718600000, 0x0000000718600000, 0x0000000718800000|  0%| F|  |TAMS 0x0000000718600000| PB 0x0000000718600000| Untracked 
| 155|0x0000000718800000, 0x0000000718800000, 0x0000000718a00000|  0%| F|  |TAMS 0x0000000718800000| PB 0x0000000718800000| Untracked 
| 156|0x0000000718a00000, 0x0000000718a00000, 0x0000000718c00000|  0%| F|  |TAMS 0x0000000718a00000| PB 0x0000000718a00000| Untracked 
| 157|0x0000000718c00000, 0x0000000718c00000, 0x0000000718e00000|  0%| F|  |TAMS 0x0000000718c00000| PB 0x0000000718c00000| Untracked 
| 158|0x0000000718e00000, 0x0000000718e00000, 0x0000000719000000|  0%| F|  |TAMS 0x0000000718e00000| PB 0x0000000718e00000| Untracked 
| 159|0x0000000719000000, 0x0000000719000000, 0x0000000719200000|  0%| F|  |TAMS 0x0000000719000000| PB 0x0000000719000000| Untracked 
| 160|0x0000000719200000, 0x0000000719200000, 0x0000000719400000|  0%| F|  |TAMS 0x0000000719200000| PB 0x0000000719200000| Untracked 
|2006|0x00000007ffe00000, 0x00000007ffe00000, 0x0000000800000000|  0%| F|  |TAMS 0x00000007ffe00000| PB 0x00000007ffe00000| Untracked 

Card table byte_map: [0x000001e3660c0000,0x000001e3668a0000] _byte_map_base: 0x000001e362897000

Marking Bits: (CMBitMap*) 0x000001e34f416770
 Bits: [0x000001e3668a0000, 0x000001e36a758000)

Polling page: 0x000001e34cf60000

Metaspace:

Usage:
  Non-class:     42.87 MB used.
      Class:      4.52 MB used.
       Both:     47.38 MB used.

Virtual space:
  Non-class space:       64.00 MB reserved,      43.12 MB ( 67%) committed,  1 nodes.
      Class space:        1.00 GB reserved,       4.75 MB ( <1%) committed,  1 nodes.
             Both:        1.06 GB reserved,      47.88 MB (  4%) committed. 

Chunk freelists:
   Non-Class:  4.06 MB
       Class:  11.16 MB
        Both:  15.22 MB

MaxMetaspaceSize: unlimited
CompressedClassSpaceSize: 1.00 GB
Initial GC threshold: 21.00 MB
Current GC threshold: 79.81 MB
CDS: off
 - commit_granule_bytes: 65536.
 - commit_granule_words: 8192.
 - virtual_space_node_default_size: 8388608.
 - enlarge_chunks_in_place: 1.
 - use_allocation_guard: 0.


Internal statistics:

num_allocs_failed_limit: 3.
num_arena_births: 684.
num_arena_deaths: 94.
num_vsnodes_births: 2.
num_vsnodes_deaths: 0.
num_space_committed: 765.
num_space_uncommitted: 1.
num_chunks_returned_to_freelist: 153.
num_chunks_taken_from_freelist: 2116.
num_chunk_merges: 20.
num_chunk_splits: 1324.
num_chunks_enlarged: 898.
num_inconsistent_stats: 0.

CodeHeap 'non-profiled nmethods': size=119168Kb used=6361Kb max_used=6485Kb free=112806Kb
 bounds [0x000001e35daf0000, 0x000001e35e150000, 0x000001e364f50000]
CodeHeap 'profiled nmethods': size=119104Kb used=21075Kb max_used=21075Kb free=98028Kb
 bounds [0x000001e355f50000, 0x000001e357410000, 0x000001e35d3a0000]
CodeHeap 'non-nmethods': size=7488Kb used=3290Kb max_used=3372Kb free=4197Kb
 bounds [0x000001e35d3a0000, 0x000001e35d700000, 0x000001e35daf0000]
 total_blobs=9767 nmethods=9118 adapters=549
 compilation: enabled
              stopped_count=0, restarted_count=0
 full_count=0

Compilation events (20 events):
Event: 49.745 Thread 0x000001e37548f230 nmethod 11334 0x000001e3573e9b90 code [0x000001e3573ea1e0, 0x000001e3573ee008]
Event: 49.745 Thread 0x000001e37548f900 nmethod 11351 0x000001e3563cd390 code [0x000001e3563cd560, 0x000001e3563cd800]
Event: 49.746 Thread 0x000001e37548eb60 11347       4       io.ballerina.types.typeops.StringOps::intersect (149 bytes)
Event: 49.747 Thread 0x000001e37548f900 11354       3       java.lang.invoke.MethodHandle::maybeCustomize (38 bytes)
Event: 49.747 Thread 0x000001e3754892d0 nmethod 11264 0x000001e35dfdc710 code [0x000001e35dfdc8e0, 0x000001e35dfdcf00]
Event: 49.748 Thread 0x000001e37548f900 nmethod 11354 0x000001e3569c9010 code [0x000001e3569c91e0, 0x000001e3569c96b8]
Event: 49.748 Thread 0x000001e37548e490 11355       3       java.lang.invoke.LambdaForm$MH/0x00000008004dec00::invoke (9 bytes)
Event: 49.748 Thread 0x000001e37548c280 nmethod 11282 0x000001e35dfdbc10 code [0x000001e35dfdbde0, 0x000001e35dfdc3c8]
Event: 49.748 Thread 0x000001e37548f900 11352       3       jdk.internal.misc.Unsafe::compareAndSetByte (21 bytes)
Event: 49.749 Thread 0x000001e37548e490 nmethod 11355 0x000001e35694a590 code [0x000001e35694a720, 0x000001e35694a8d8]
Event: 49.749 Thread 0x000001e37548f900 nmethod 11352 0x000001e356ade610 code [0x000001e356ade7c0, 0x000001e356ade958]
Event: 49.749 Thread 0x000001e37548e490 11353       3       jdk.internal.misc.Unsafe::compareAndExchangeByte (114 bytes)
Event: 49.750 Thread 0x000001e37548e490 nmethod 11353 0x000001e356aa7510 code [0x000001e356aa76e0, 0x000001e356aa7a20]
Event: 49.751 Thread 0x000001e3754892d0 11356       4       java.util.WeakHashMap::get (75 bytes)
Event: 49.752 Thread 0x000001e37548c280 11357       4       java.util.Arrays::equals (57 bytes)
Event: 49.757 Thread 0x000001e37548a740 nmethod 11244 0x000001e35df39410 code [0x000001e35df395c0, 0x000001e35df397f8]
Event: 49.760 Thread 0x000001e37548a740 11359       4       io.ballerina.types.Common::bddEveryPositive (126 bytes)
Event: 49.762 Thread 0x000001e37548c280 nmethod 11357 0x000001e35dfdb690 code [0x000001e35dfdb820, 0x000001e35dfdb9a0]
Event: 49.763 Thread 0x000001e37548c280 11360       4       io.ballerina.types.subtypedata.BddNodeImpl::equals (8 bytes)
Event: 49.765 Thread 0x000001e36d94e730 nmethod 11332 0x000001e3573ef390 code [0x000001e3573f07e0, 0x000001e357400eb0]

GC Heap History (20 events):
Event: 36.852 GC heap after
{Heap after GC invocations=38 (full 0):
 garbage-first heap   total 208896K, used 135168K [0x0000000705200000, 0x0000000800000000)
  region size 2048K, 4 young (8192K), 4 survivors (8192K)
 Metaspace       used 47433K, committed 47872K, reserved 1114112K
  class space    used 4568K, committed 4800K, reserved 1048576K
}
Event: 36.935 GC heap before
{Heap before GC invocations=38 (full 0):
 garbage-first heap   total 208896K, used 182272K [0x0000000705200000, 0x0000000800000000)
  region size 2048K, 27 young (55296K), 4 survivors (8192K)
 Metaspace       used 47556K, committed 48000K, reserved 1114112K
  class space    used 4569K, committed 4800K, reserved 1048576K
}
Event: 36.949 GC heap after
{Heap after GC invocations=39 (full 0):
 garbage-first heap   total 325632K, used 138613K [0x0000000705200000, 0x0000000800000000)
  region size 2048K, 4 young (8192K), 4 survivors (8192K)
 Metaspace       used 47556K, committed 48000K, reserved 1114112K
  class space    used 4569K, committed 4800K, reserved 1048576K
}
Event: 37.368 GC heap before
{Heap before GC invocations=39 (full 0):
 garbage-first heap   total 325632K, used 261493K [0x0000000705200000, 0x0000000800000000)
  region size 2048K, 64 young (131072K), 4 survivors (8192K)
 Metaspace       used 48213K, committed 48704K, reserved 1114112K
  class space    used 4627K, committed 4864K, reserved 1048576K
}
Event: 37.376 GC heap after
{Heap after GC invocations=40 (full 0):
 garbage-first heap   total 325632K, used 144757K [0x0000000705200000, 0x0000000800000000)
  region size 2048K, 7 young (14336K), 7 survivors (14336K)
 Metaspace       used 48213K, committed 48704K, reserved 1114112K
  class space    used 4627K, committed 4864K, reserved 1048576K
}
Event: 43.247 GC heap before
{Heap before GC invocations=40 (full 0):
 garbage-first heap   total 325632K, used 273781K [0x0000000705200000, 0x0000000800000000)
  region size 2048K, 70 young (143360K), 7 survivors (14336K)
 Metaspace       used 48449K, committed 48896K, reserved 1114112K
  class space    used 4651K, committed 4864K, reserved 1048576K
}
Event: 43.255 GC heap after
{Heap after GC invocations=41 (full 0):
 garbage-first heap   total 325632K, used 158391K [0x0000000705200000, 0x0000000800000000)
  region size 2048K, 9 young (18432K), 9 survivors (18432K)
 Metaspace       used 48449K, committed 48896K, reserved 1114112K
  class space    used 4651K, committed 4864K, reserved 1048576K
}
Event: 43.669 GC heap before
{Heap before GC invocations=41 (full 0):
 garbage-first heap   total 325632K, used 277175K [0x0000000705200000, 0x0000000800000000)
  region size 2048K, 67 young (137216K), 9 survivors (18432K)
 Metaspace       used 48561K, committed 48960K, reserved 1114112K
  class space    used 4660K, committed 4864K, reserved 1048576K
}
Event: 43.684 GC heap after
{Heap after GC invocations=42 (full 0):
 garbage-first heap   total 325632K, used 183016K [0x0000000705200000, 0x0000000800000000)
  region size 2048K, 9 young (18432K), 9 survivors (18432K)
 Metaspace       used 48561K, committed 48960K, reserved 1114112K
  class space    used 4660K, committed 4864K, reserved 1048576K
}
Event: 47.770 GC heap before
{Heap before GC invocations=43 (full 0):
 garbage-first heap   total 325632K, used 273128K [0x0000000705200000, 0x0000000800000000)
  region size 2048K, 53 young (108544K), 9 survivors (18432K)
 Metaspace       used 48603K, committed 49088K, reserved 1114112K
  class space    used 4660K, committed 4864K, reserved 1048576K
}
Event: 47.780 GC heap after
{Heap after GC invocations=44 (full 0):
 garbage-first heap   total 325632K, used 204800K [0x0000000705200000, 0x0000000800000000)
  region size 2048K, 7 young (14336K), 7 survivors (14336K)
 Metaspace       used 48603K, committed 49088K, reserved 1114112K
  class space    used 4660K, committed 4864K, reserved 1048576K
}
Event: 49.172 GC heap before
{Heap before GC invocations=44 (full 0):
 garbage-first heap   total 325632K, used 278528K [0x0000000705200000, 0x0000000800000000)
  region size 2048K, 43 young (88064K), 7 survivors (14336K)
 Metaspace       used 48633K, committed 49088K, reserved 1114112K
  class space    used 4660K, committed 4864K, reserved 1048576K
}
Event: 49.182 GC heap after
{Heap after GC invocations=45 (full 0):
 garbage-first heap   total 325632K, used 216023K [0x0000000705200000, 0x0000000800000000)
  region size 2048K, 6 young (12288K), 6 survivors (12288K)
 Metaspace       used 48633K, committed 49088K, reserved 1114112K
  class space    used 4660K, committed 4864K, reserved 1048576K
}
Event: 49.302 GC heap before
{Heap before GC invocations=45 (full 0):
 garbage-first heap   total 325632K, used 283607K [0x0000000705200000, 0x0000000800000000)
  region size 2048K, 39 young (79872K), 6 survivors (12288K)
 Metaspace       used 48670K, committed 49152K, reserved 1114112K
  class space    used 4660K, committed 4864K, reserved 1048576K
}
Event: 49.308 GC heap after
{Heap after GC invocations=46 (full 0):
 garbage-first heap   total 325632K, used 224036K [0x0000000705200000, 0x0000000800000000)
  region size 2048K, 4 young (8192K), 4 survivors (8192K)
 Metaspace       used 48670K, committed 49152K, reserved 1114112K
  class space    used 4660K, committed 4864K, reserved 1048576K
}
Event: 49.484 GC heap before
{Heap before GC invocations=47 (full 0):
 garbage-first heap   total 331776K, used 262948K [0x0000000705200000, 0x0000000800000000)
  region size 2048K, 36 young (73728K), 4 survivors (8192K)
 Metaspace       used 48396K, committed 49024K, reserved 1114112K
  class space    used 4620K, committed 4864K, reserved 1048576K
}
Event: 49.494 GC heap after
{Heap after GC invocations=48 (full 0):
 garbage-first heap   total 331776K, used 212803K [0x0000000705200000, 0x0000000800000000)
  region size 2048K, 5 young (10240K), 5 survivors (10240K)
 Metaspace       used 48396K, committed 49024K, reserved 1114112K
  class space    used 4620K, committed 4864K, reserved 1048576K
}
Event: 49.643 GC heap before
{Heap before GC invocations=48 (full 0):
 garbage-first heap   total 331776K, used 286531K [0x0000000705200000, 0x0000000800000000)
  region size 2048K, 41 young (83968K), 5 survivors (10240K)
 Metaspace       used 48472K, committed 49024K, reserved 1114112K
  class space    used 4620K, committed 4864K, reserved 1048576K
}
Event: 49.654 GC heap after
{Heap after GC invocations=49 (full 0):
 garbage-first heap   total 331776K, used 190876K [0x0000000705200000, 0x0000000800000000)
  region size 2048K, 6 young (12288K), 6 survivors (12288K)
 Metaspace       used 48472K, committed 49024K, reserved 1114112K
  class space    used 4620K, committed 4864K, reserved 1048576K
}
Event: 49.776 GC heap before
{Heap before GC invocations=49 (full 0):
 garbage-first heap   total 331776K, used 276892K [0x0000000705200000, 0x0000000800000000)
  region size 2048K, 48 young (98304K), 6 survivors (12288K)
 Metaspace       used 48519K, committed 49024K, reserved 1114112K
  class space    used 4623K, committed 4864K, reserved 1048576K
}

Dll operation events (6 events):
Event: 0.005 Loaded shared library C:\Program Files\Ballerina\dependencies\jdk-21.0.5+11-jre\bin\java.dll
Event: 0.096 Loaded shared library C:\Program Files\Ballerina\dependencies\jdk-21.0.5+11-jre\bin\net.dll
Event: 0.097 Loaded shared library C:\Program Files\Ballerina\dependencies\jdk-21.0.5+11-jre\bin\nio.dll
Event: 0.102 Loaded shared library C:\Program Files\Ballerina\dependencies\jdk-21.0.5+11-jre\bin\zip.dll
Event: 0.214 Loaded shared library C:\Program Files\Ballerina\dependencies\jdk-21.0.5+11-jre\bin\jimage.dll
Event: 3.588 Loaded shared library C:\Program Files\Ballerina\dependencies\jdk-21.0.5+11-jre\bin\extnet.dll

Deoptimization events (20 events):
Event: 49.673 Thread 0x000001e372b36850 Uncommon trap: trap_request=0xffffffc6 fr.pc=0x000001e35dc4f19c relative=0x000000000000071c
Event: 49.673 Thread 0x000001e372b36850 Uncommon trap: reason=bimorphic_or_optimized_type_check action=maybe_recompile pc=0x000001e35dc4f19c method=java.util.stream.AbstractPipeline.evaluate(Ljava/util/Spliterator;ZLjava/util/function/IntFunction;)Ljava/util/stream/Node; @ 38 c2
Event: 49.673 Thread 0x000001e372b36850 DEOPT PACKING pc=0x000001e35dc4f19c sp=0x0000002107ffb920
Event: 49.673 Thread 0x000001e372b36850 DEOPT UNPACKING pc=0x000001e35d3f46a2 sp=0x0000002107ffb890 mode 2
Event: 49.673 Thread 0x000001e372b36850 Uncommon trap: trap_request=0xffffffc6 fr.pc=0x000001e35dc518a0 relative=0x00000000000006a0
Event: 49.674 Thread 0x000001e372b36850 Uncommon trap: reason=bimorphic_or_optimized_type_check action=maybe_recompile pc=0x000001e35dc518a0 method=java.util.stream.AbstractPipeline.evaluate(Ljava/util/Spliterator;ZLjava/util/function/IntFunction;)Ljava/util/stream/Node; @ 38 c2
Event: 49.674 Thread 0x000001e372b36850 DEOPT PACKING pc=0x000001e35dc518a0 sp=0x0000002107ffb8b0
Event: 49.674 Thread 0x000001e372b36850 DEOPT UNPACKING pc=0x000001e35d3f46a2 sp=0x0000002107ffb898 mode 2
Event: 49.699 Thread 0x000001e372b36850 Uncommon trap: trap_request=0xffffff45 fr.pc=0x000001e35dd9b6a8 relative=0x0000000000002288
Event: 49.699 Thread 0x000001e372b36850 Uncommon trap: reason=unstable_if action=reinterpret pc=0x000001e35dd9b6a8 method=java.util.HashMap.getNode(Ljava/lang/Object;)Ljava/util/HashMap$Node; @ 131 c2
Event: 49.699 Thread 0x000001e372b36850 DEOPT PACKING pc=0x000001e35dd9b6a8 sp=0x0000002107ffc2e0
Event: 49.699 Thread 0x000001e372b36850 DEOPT UNPACKING pc=0x000001e35d3f46a2 sp=0x0000002107ffc1b0 mode 2
Event: 49.721 Thread 0x000001e372b36850 Uncommon trap: trap_request=0xffffff45 fr.pc=0x000001e35df325ac relative=0x000000000000068c
Event: 49.722 Thread 0x000001e372b36850 Uncommon trap: reason=unstable_if action=reinterpret pc=0x000001e35df325ac method=org.wso2.ballerinalang.compiler.semantics.analyzer.Types.isInherentlyImmutableType(Lorg/wso2/ballerinalang/compiler/semantics/model/types/BType;)Z @ 19 c2
Event: 49.722 Thread 0x000001e372b36850 DEOPT PACKING pc=0x000001e35df325ac sp=0x0000002107ffc320
Event: 49.722 Thread 0x000001e372b36850 DEOPT UNPACKING pc=0x000001e35d3f46a2 sp=0x0000002107ffc2b0 mode 2
Event: 49.742 Thread 0x000001e372b36850 Uncommon trap: trap_request=0xffffff45 fr.pc=0x000001e35dcd2a2c relative=0x000000000000008c
Event: 49.742 Thread 0x000001e372b36850 Uncommon trap: reason=unstable_if action=reinterpret pc=0x000001e35dcd2a2c method=java.lang.invoke.MethodHandle.maybeCustomize()V @ 7 c2
Event: 49.742 Thread 0x000001e372b36850 DEOPT PACKING pc=0x000001e35dcd2a2c sp=0x0000002107ffbce0
Event: 49.742 Thread 0x000001e372b36850 DEOPT UNPACKING pc=0x000001e35d3f46a2 sp=0x0000002107ffbc60 mode 2

Classes loaded (20 events):
Event: 7.592 Loading class java/text/MessageFormat$Field
Event: 7.592 Loading class java/text/Format$Field
Event: 7.592 Loading class java/text/AttributedCharacterIterator$Attribute
Event: 7.592 Loading class java/text/AttributedCharacterIterator$Attribute done
Event: 7.592 Loading class java/text/Format$Field done
Event: 7.592 Loading class java/text/MessageFormat$Field done
Event: 7.625 Loading class java/net/URLClassLoader$1
Event: 7.625 Loading class java/net/URLClassLoader$1 done
Event: 7.627 Loading class java/io/FilePermissionCollection
Event: 7.627 Loading class java/io/FilePermissionCollection done
Event: 11.884 Loading class sun/invoke/util/VerifyAccess$1
Event: 11.884 Loading class sun/invoke/util/VerifyAccess$1 done
Event: 15.131 Loading class java/io/RandomAccessFile$1
Event: 15.131 Loading class java/io/RandomAccessFile$1 done
Event: 37.082 Loading class java/lang/StringUTF16$CodePointsSpliterator
Event: 37.083 Loading class java/lang/StringUTF16$CodePointsSpliterator done
Event: 37.083 Loading class java/util/stream/ReduceOps$CountingSink$OfInt
Event: 37.083 Loading class java/util/stream/ReduceOps$CountingSink
Event: 37.083 Loading class java/util/stream/ReduceOps$CountingSink done
Event: 37.083 Loading class java/util/stream/ReduceOps$CountingSink$OfInt done

Classes unloaded (20 events):
Event: 49.351 Thread 0x000001e36d8cf8d0 Unloading class 0x00000008004cf850 'io/ballerina/stdlib/websocket/plugin/WebSocketServiceValidator$$Lambda+0x00000008004cf850'
Event: 49.351 Thread 0x000001e36d8cf8d0 Unloading class 0x00000008004cf648 'io/ballerina/stdlib/websocket/plugin/WebSocketServiceValidator'
Event: 49.351 Thread 0x000001e36d8cf8d0 Unloading class 0x00000008004cf420 'io/ballerina/stdlib/websocket/plugin/WebSocketServiceValidatorTask$$Lambda+0x00000008004cf420'
Event: 49.351 Thread 0x000001e36d8cf8d0 Unloading class 0x00000008004cf1e0 'io/ballerina/stdlib/websocket/plugin/WebSocketServiceValidatorTask$$Lambda+0x00000008004cf1e0'
Event: 49.351 Thread 0x000001e36d8cf8d0 Unloading class 0x00000008004cefe8 'io/ballerina/stdlib/websocket/plugin/Utils'
Event: 49.351 Thread 0x000001e36d8cf8d0 Unloading class 0x00000008004cedc8 'io/ballerina/stdlib/websocket/plugin/WebSocketServiceValidatorTask'
Event: 49.351 Thread 0x000001e36d8cf8d0 Unloading class 0x00000008004ce468 'io/ballerina/stdlib/websocket/plugin/ListenerInitExpressionNodeVisitor'
Event: 49.351 Thread 0x000001e36d8cf8d0 Unloading class 0x00000008004ce248 'io/ballerina/stdlib/websocket/plugin/WebSocketUpgradeServiceValidatorTask'
Event: 49.351 Thread 0x000001e36d8cf8d0 Unloading class 0x00000008004ce000 'io/ballerina/stdlib/websocket/plugin/OnMessageCodeTemplate'
Event: 49.351 Thread 0x000001e36d8cf8d0 Unloading class 0x00000008004cddb0 'io/ballerina/stdlib/websocket/plugin/OnPongCodeTemplate'
Event: 49.351 Thread 0x000001e36d8cf8d0 Unloading class 0x00000008004cdb68 'io/ballerina/stdlib/websocket/plugin/OnPingCodeTemplate'
Event: 49.351 Thread 0x000001e36d8cf8d0 Unloading class 0x00000008004cd920 'io/ballerina/stdlib/websocket/plugin/OnErrorCodeTemplate'
Event: 49.351 Thread 0x000001e36d8cf8d0 Unloading class 0x00000008004cd6d8 'io/ballerina/stdlib/websocket/plugin/OnIdleTimeoutCodeTemplate'
Event: 49.351 Thread 0x000001e36d8cf8d0 Unloading class 0x00000008004cd490 'io/ballerina/stdlib/websocket/plugin/OnOpenCodeTemplate'
Event: 49.351 Thread 0x000001e36d8cf8d0 Unloading class 0x00000008004cd248 'io/ballerina/stdlib/websocket/plugin/OnCloseCodeTemplate'
Event: 49.351 Thread 0x000001e36d8cf8d0 Unloading class 0x00000008004cd000 'io/ballerina/stdlib/websocket/plugin/OnBinaryMessageCodeTemplate'
Event: 49.351 Thread 0x000001e36d8cf8d0 Unloading class 0x00000008004cac00 'io/ballerina/stdlib/websocket/plugin/OnTextMessageCodeTemplate'
Event: 49.351 Thread 0x000001e36d8cf8d0 Unloading class 0x00000008004bcc00 'io/ballerina/stdlib/websocket/plugin/AddWebSocketCodeTemplate'
Event: 49.351 Thread 0x000001e36d8cf8d0 Unloading class 0x00000008004bca00 'io/ballerina/stdlib/websocket/plugin/WebSocketServiceAnalyzer'
Event: 49.351 Thread 0x000001e36d8cf8d0 Unloading class 0x00000008004bc800 'io/ballerina/stdlib/websocket/plugin/WebSocketCompilerPlugin'

Classes redefined (0 events):
No events

Internal exceptions (20 events):
Event: 49.083 Thread 0x000001e372b36850 Exception <a 'sun/nio/fs/WindowsException'{0x0000000717fb8238}> (0x0000000717fb8238) 
thrown [s\src\hotspot\share\prims\jni.cpp, line 520]
Event: 49.086 Thread 0x000001e372b36850 Exception <a 'sun/nio/fs/WindowsException'{0x0000000717fd5da0}> (0x0000000717fd5da0) 
thrown [s\src\hotspot\share\prims\jni.cpp, line 520]
Event: 49.086 Thread 0x000001e372b36850 Exception <a 'sun/nio/fs/WindowsException'{0x0000000717fd68e8}> (0x0000000717fd68e8) 
thrown [s\src\hotspot\share\prims\jni.cpp, line 520]
Event: 49.087 Thread 0x000001e372b36850 Exception <a 'sun/nio/fs/WindowsException'{0x0000000717ff6b08}> (0x0000000717ff6b08) 
thrown [s\src\hotspot\share\prims\jni.cpp, line 520]
Event: 49.087 Thread 0x000001e372b36850 Exception <a 'sun/nio/fs/WindowsException'{0x0000000717ff7440}> (0x0000000717ff7440) 
thrown [s\src\hotspot\share\prims\jni.cpp, line 520]
Event: 49.087 Thread 0x000001e372b36850 Exception <a 'sun/nio/fs/WindowsException'{0x0000000717ff7d58}> (0x0000000717ff7d58) 
thrown [s\src\hotspot\share\prims\jni.cpp, line 520]
Event: 49.087 Thread 0x000001e372b36850 Exception <a 'sun/nio/fs/WindowsException'{0x0000000717ff8670}> (0x0000000717ff8670) 
thrown [s\src\hotspot\share\prims\jni.cpp, line 520]
Event: 49.088 Thread 0x000001e372b36850 Exception <a 'sun/nio/fs/WindowsException'{0x0000000717ff8d28}> (0x0000000717ff8d28) 
thrown [s\src\hotspot\share\prims\jni.cpp, line 520]
Event: 49.088 Thread 0x000001e372b36850 Exception <a 'sun/nio/fs/WindowsException'{0x0000000717ff9940}> (0x0000000717ff9940) 
thrown [s\src\hotspot\share\prims\jni.cpp, line 520]
Event: 49.089 Thread 0x000001e372b36850 Exception <a 'sun/nio/fs/WindowsException'{0x0000000717c0d238}> (0x0000000717c0d238) 
thrown [s\src\hotspot\share\prims\jni.cpp, line 520]
Event: 49.089 Thread 0x000001e372b36850 Exception <a 'sun/nio/fs/WindowsException'{0x0000000717c0da88}> (0x0000000717c0da88) 
thrown [s\src\hotspot\share\prims\jni.cpp, line 520]
Event: 49.093 Thread 0x000001e372b36850 Exception <a 'sun/nio/fs/WindowsException'{0x0000000717c2eb40}> (0x0000000717c2eb40) 
thrown [s\src\hotspot\share\prims\jni.cpp, line 520]
Event: 49.093 Thread 0x000001e372b36850 Exception <a 'sun/nio/fs/WindowsException'{0x0000000717c2f678}> (0x0000000717c2f678) 
thrown [s\src\hotspot\share\prims\jni.cpp, line 520]
Event: 49.095 Thread 0x000001e372b36850 Exception <a 'sun/nio/fs/WindowsException'{0x0000000717c534b0}> (0x0000000717c534b0) 
thrown [s\src\hotspot\share\prims\jni.cpp, line 520]
Event: 49.096 Thread 0x000001e372b36850 Exception <a 'sun/nio/fs/WindowsException'{0x0000000717c5cfb0}> (0x0000000717c5cfb0) 
thrown [s\src\hotspot\share\prims\jni.cpp, line 520]
Event: 49.096 Thread 0x000001e372b36850 Exception <a 'sun/nio/fs/WindowsException'{0x0000000717c5d978}> (0x0000000717c5d978) 
thrown [s\src\hotspot\share\prims\jni.cpp, line 520]
Event: 49.096 Thread 0x000001e372b36850 Exception <a 'sun/nio/fs/WindowsException'{0x0000000717c5e1c8}> (0x0000000717c5e1c8) 
thrown [s\src\hotspot\share\prims\jni.cpp, line 520]
Event: 49.098 Thread 0x000001e372b36850 Exception <a 'sun/nio/fs/WindowsException'{0x0000000717c75cc0}> (0x0000000717c75cc0) 
thrown [s\src\hotspot\share\prims\jni.cpp, line 520]
Event: 49.098 Thread 0x000001e372b36850 Exception <a 'sun/nio/fs/WindowsException'{0x0000000717c76808}> (0x0000000717c76808) 
thrown [s\src\hotspot\share\prims\jni.cpp, line 520]
Event: 49.654 Thread 0x000001e372b36850 Implicit null exception at 0x000001e35df8223c to 0x000001e35df82d0c

ZGC Phase Switch (0 events):
No events

VM Operations (20 events):
Event: 45.788 Executing VM operation: Cleanup done
Event: 46.788 Executing VM operation: Cleanup
Event: 46.788 Executing VM operation: Cleanup done
Event: 47.770 Executing VM operation: G1CollectForAllocation (G1 Evacuation Pause)
Event: 47.780 Executing VM operation: G1CollectForAllocation (G1 Evacuation Pause) done
Event: 48.786 Executing VM operation: Cleanup
Event: 48.786 Executing VM operation: Cleanup done
Event: 49.172 Executing VM operation: G1CollectForAllocation (G1 Evacuation Pause)
Event: 49.182 Executing VM operation: G1CollectForAllocation (G1 Evacuation Pause) done
Event: 49.302 Executing VM operation: G1CollectForAllocation (G1 Evacuation Pause)
Event: 49.308 Executing VM operation: G1CollectForAllocation (G1 Evacuation Pause) done
Event: 49.351 Executing VM operation: G1PauseRemark
Event: 49.377 Executing VM operation: G1PauseRemark done
Event: 49.403 Executing VM operation: G1PauseCleanup
Event: 49.403 Executing VM operation: G1PauseCleanup done
Event: 49.484 Executing VM operation: G1CollectForAllocation (G1 Evacuation Pause)
Event: 49.494 Executing VM operation: G1CollectForAllocation (G1 Evacuation Pause) done
Event: 49.643 Executing VM operation: G1CollectForAllocation (G1 Evacuation Pause)
Event: 49.654 Executing VM operation: G1CollectForAllocation (G1 Evacuation Pause) done
Event: 49.776 Executing VM operation: G1CollectForAllocation (G1 Evacuation Pause)

Memory protections (0 events):
No events

Nmethod flushes (20 events):
Event: 49.376 Thread 0x000001e36d8cf8d0 flushing  nmethod 0x000001e3565e3090
Event: 49.376 Thread 0x000001e36d8cf8d0 flushing  nmethod 0x000001e3565e5c90
Event: 49.376 Thread 0x000001e36d8cf8d0 flushing  nmethod 0x000001e3565fd710
Event: 49.376 Thread 0x000001e36d8cf8d0 flushing  nmethod 0x000001e356737910
Event: 49.376 Thread 0x000001e36d8cf8d0 flushing  nmethod 0x000001e356738490
Event: 49.376 Thread 0x000001e36d8cf8d0 flushing  nmethod 0x000001e35686aa90
Event: 49.376 Thread 0x000001e36d8cf8d0 flushing  nmethod 0x000001e35687e410
Event: 49.376 Thread 0x000001e36d8cf8d0 flushing  nmethod 0x000001e356885490
Event: 49.376 Thread 0x000001e36d8cf8d0 flushing  nmethod 0x000001e356907a10
Event: 49.376 Thread 0x000001e36d8cf8d0 flushing  nmethod 0x000001e356933a10
Event: 49.376 Thread 0x000001e36d8cf8d0 flushing  nmethod 0x000001e3569b4e10
Event: 49.376 Thread 0x000001e36d8cf8d0 flushing  nmethod 0x000001e3569b5790
Event: 49.376 Thread 0x000001e36d8cf8d0 flushing  nmethod 0x000001e356b56610
Event: 49.376 Thread 0x000001e36d8cf8d0 flushing  nmethod 0x000001e356b63990
Event: 49.376 Thread 0x000001e36d8cf8d0 flushing  nmethod 0x000001e356caa790
Event: 49.376 Thread 0x000001e36d8cf8d0 flushing  nmethod 0x000001e357009e90
Event: 49.376 Thread 0x000001e36d8cf8d0 flushing  nmethod 0x000001e357095d90
Event: 49.376 Thread 0x000001e36d8cf8d0 flushing  nmethod 0x000001e3570a1290
Event: 49.376 Thread 0x000001e36d8cf8d0 flushing  nmethod 0x000001e3570a3f10
Event: 49.376 Thread 0x000001e36d8cf8d0 flushing  nmethod 0x000001e3572cf790

Events (20 events):
Event: 46.735 Thread 0x000001e3737bb980 Thread added: 0x000001e3737bcd30
Event: 47.708 Thread 0x000001e3737bb980 Thread exited: 0x000001e3737bb980
Event: 47.708 Thread 0x000001e3737bcd30 Thread exited: 0x000001e3737bcd30
Event: 47.899 Thread 0x000001e37548b4e0 Thread exited: 0x000001e37548b4e0
Event: 47.984 Thread 0x000001e372b36850 Thread added: 0x000001e3737b7150
Event: 47.984 Thread 0x000001e372b36850 Thread added: 0x000001e3737b7e70
Event: 48.205 Thread 0x000001e3737b7150 Thread added: 0x000001e3737bb980
Event: 48.940 Thread 0x000001e37548d6f0 Thread exited: 0x000001e37548d6f0
Event: 48.942 Thread 0x000001e3737b7150 Thread exited: 0x000001e3737b7150
Event: 48.942 Thread 0x000001e3737bb980 Thread exited: 0x000001e3737bb980
Event: 49.150 Thread 0x000001e36d94e730 Thread added: 0x000001e37548a740
Event: 49.150 Thread 0x000001e36d94e730 Thread added: 0x000001e37548ae10
Event: 49.164 Thread 0x000001e36d94e730 Thread added: 0x000001e37548b4e0
Event: 49.164 Thread 0x000001e36d94e730 Thread added: 0x000001e3754892d0
Event: 49.229 Thread 0x000001e36d94e730 Thread added: 0x000001e37548d6f0
Event: 49.229 Thread 0x000001e36d94e730 Thread added: 0x000001e37548e490
Event: 49.278 Thread 0x000001e37548e490 Thread added: 0x000001e37548eb60
Event: 49.517 Thread 0x000001e36d94e730 Thread added: 0x000001e37548f230
Event: 49.518 Thread 0x000001e36d94e730 Thread added: 0x000001e37548f900
Event: 49.530 Thread 0x000001e37548e490 Thread added: 0x000001e37548c280


Dynamic libraries:
0x00007ff6a8020000 - 0x00007ff6a802e000 	C:\Program Files\Ballerina\dependencies\jdk-21.0.5+11-jre\bin\java.exe
0x00007ff8f2b40000 - 0x00007ff8f2da7000 	C:\Windows\SYSTEM32\ntdll.dll
0x00007ff8f1b60000 - 0x00007ff8f1c29000 	C:\Windows\System32\KERNEL32.DLL
0x00007ff8f0090000 - 0x00007ff8f0480000 	C:\Windows\System32\KERNELBASE.dll
0x00007ff8eff40000 - 0x00007ff8f008b000 	C:\Windows\System32\ucrtbase.dll
0x00007ff8deb30000 - 0x00007ff8deb48000 	C:\Program Files\Ballerina\dependencies\jdk-21.0.5+11-jre\bin\jli.dll
0x00007ff8dea60000 - 0x00007ff8dea7e000 	C:\Program Files\Ballerina\dependencies\jdk-21.0.5+11-jre\bin\VCRUNTIME140.dll
0x00007ff8f1f90000 - 0x00007ff8f2155000 	C:\Windows\System32\USER32.dll
0x00007ff8ca860000 - 0x00007ff8caafa000 	C:\Windows\WinSxS\amd64_microsoft.windows.common-controls_6595b64144ccf1df_6.0.26100.4768_none_3e0c112ce331287c\COMCTL32.dll
0x00007ff8f0760000 - 0x00007ff8f0787000 	C:\Windows\System32\win32u.dll
0x00007ff8f2990000 - 0x00007ff8f2a39000 	C:\Windows\System32\msvcrt.dll
0x00007ff8f0b50000 - 0x00007ff8f0b7b000 	C:\Windows\System32\GDI32.dll
0x00007ff8f0790000 - 0x00007ff8f08c8000 	C:\Windows\System32\gdi32full.dll
0x00007ff8efe90000 - 0x00007ff8eff33000 	C:\Windows\System32\msvcp_win.dll
0x00007ff8f0950000 - 0x00007ff8f097f000 	C:\Windows\System32\IMM32.DLL
0x00007ff8cba60000 - 0x00007ff8cbb52000 	C:\Program Files\Windhawk\Engine\1.6.1\64\windhawk.dll
0x00007ff8f1ca0000 - 0x00007ff8f1d54000 	C:\Windows\System32\ADVAPI32.dll
0x00007ff8f2a40000 - 0x00007ff8f2ae6000 	C:\Windows\System32\sechost.dll
0x00007ff8f1980000 - 0x00007ff8f1a98000 	C:\Windows\System32\RPCRT4.dll
0x00007ff8e5e20000 - 0x00007ff8e5e2c000 	C:\Program Files\Ballerina\dependencies\jdk-21.0.5+11-jre\bin\vcruntime140_1.dll
0x00007ff8a9180000 - 0x00007ff8a920d000 	C:\Program Files\Ballerina\dependencies\jdk-21.0.5+11-jre\bin\msvcp140.dll
0x00007ff834ba0000 - 0x00007ff83592f000 	C:\Program Files\Ballerina\dependencies\jdk-21.0.5+11-jre\bin\server\jvm.dll
0x00007ff8f0df0000 - 0x00007ff8f0e64000 	C:\Windows\System32\WS2_32.dll
0x00007ff8efad0000 - 0x00007ff8efb2e000 	C:\Windows\SYSTEM32\POWRPROF.dll
0x00007ff8d3be0000 - 0x00007ff8d3c15000 	C:\Windows\SYSTEM32\WINMM.dll
0x00007ff8e5cd0000 - 0x00007ff8e5cdb000 	C:\Windows\SYSTEM32\VERSION.dll
0x00007ff8efab0000 - 0x00007ff8efac4000 	C:\Windows\SYSTEM32\UMPDC.dll
0x00007ff8ee9c0000 - 0x00007ff8ee9db000 	C:\Windows\SYSTEM32\kernel.appcore.dll
0x00007ff8deaf0000 - 0x00007ff8deafa000 	C:\Program Files\Ballerina\dependencies\jdk-21.0.5+11-jre\bin\jimage.dll
0x00007ff8ed0b0000 - 0x00007ff8ed2f1000 	C:\Windows\SYSTEM32\DBGHELP.DLL
0x00007ff8f0e70000 - 0x00007ff8f11f5000 	C:\Windows\System32\combase.dll
0x00007ff8f1ea0000 - 0x00007ff8f1f80000 	C:\Windows\System32\OLEAUT32.dll
0x00007ff8d3d50000 - 0x00007ff8d3d93000 	C:\Windows\SYSTEM32\dbgcore.DLL
0x000001e34ea90000 - 0x000001e34eb29000 	C:\Windows\System32\bcryptPrimitives.dll
0x00007ff8da950000 - 0x00007ff8da96f000 	C:\Program Files\Ballerina\dependencies\jdk-21.0.5+11-jre\bin\java.dll
0x00007ff8f1200000 - 0x00007ff8f194d000 	C:\Windows\System32\SHELL32.dll
0x00007ff8efc70000 - 0x00007ff8efde3000 	C:\Windows\System32\wintypes.dll
0x00007ff8ed810000 - 0x00007ff8ee070000 	C:\Windows\SYSTEM32\windows.storage.dll
0x00007ff8f2180000 - 0x00007ff8f2275000 	C:\Windows\System32\SHCORE.dll
0x00007ff8f1d60000 - 0x00007ff8f1dca000 	C:\Windows\System32\shlwapi.dll
0x00007ff8efb90000 - 0x00007ff8efbb9000 	C:\Windows\SYSTEM32\profapi.dll
0x00007ff8dd840000 - 0x00007ff8dd850000 	C:\Program Files\Ballerina\dependencies\jdk-21.0.5+11-jre\bin\net.dll
0x00007ff8e5f30000 - 0x00007ff8e604e000 	C:\Windows\SYSTEM32\WINHTTP.dll
0x00007ff8eef30000 - 0x00007ff8eef9b000 	C:\Windows\system32\mswsock.dll
0x00007ff8da3f0000 - 0x00007ff8da406000 	C:\Program Files\Ballerina\dependencies\jdk-21.0.5+11-jre\bin\nio.dll
0x00007ff8da3d0000 - 0x00007ff8da3e8000 	C:\Program Files\Ballerina\dependencies\jdk-21.0.5+11-jre\bin\zip.dll
0x00007ff8ef170000 - 0x00007ff8ef18b000 	C:\Windows\SYSTEM32\CRYPTSP.dll
0x00007ff8ee920000 - 0x00007ff8ee95b000 	C:\Windows\system32\rsaenh.dll
0x00007ff8eefd0000 - 0x00007ff8eeffb000 	C:\Windows\SYSTEM32\USERENV.dll
0x00007ff8efb60000 - 0x00007ff8efb86000 	C:\Windows\SYSTEM32\bcrypt.dll
0x00007ff8ef190000 - 0x00007ff8ef19c000 	C:\Windows\SYSTEM32\CRYPTBASE.dll
0x00007ff8ee3a0000 - 0x00007ff8ee3d3000 	C:\Windows\SYSTEM32\IPHLPAPI.DLL
0x00007ff8f1b50000 - 0x00007ff8f1b5a000 	C:\Windows\System32\NSI.dll
0x00007ff8ee430000 - 0x00007ff8ee556000 	C:\Windows\SYSTEM32\DNSAPI.dll
0x00007ff8e5ee0000 - 0x00007ff8e5eeb000 	C:\Windows\System32\rasadhlp.dll
0x00007ff8e9010000 - 0x00007ff8e9096000 	C:\Windows\System32\fwpuclnt.dll
0x00007ff8dd660000 - 0x00007ff8dd669000 	C:\Program Files\Ballerina\dependencies\jdk-21.0.5+11-jre\bin\extnet.dll

dbghelp: loaded successfully - version: 4.0.5 - missing functions: none
symbol engine: initialized successfully - sym options: 0x614 - pdb path: .;C:\Program Files\Ballerina\dependencies\jdk-21.0.5+11-jre\bin;C:\Windows\SYSTEM32;C:\Windows\WinSxS\amd64_microsoft.windows.common-controls_6595b64144ccf1df_6.0.26100.4768_none_3e0c112ce331287c;C:\Program Files\Windhawk\Engine\1.6.1\64;C:\Program Files\Ballerina\dependencies\jdk-21.0.5+11-jre\bin\server

VM Arguments:
jvm_args: -Dballerina.home=C:\Program Files\Ballerina\distributions\ballerina-2201.12.9 
java_command: org.ballerinalang.langserver.launchers.stdio.Main
java_class_path (initial): C:\Program Files\Ballerina\distributions\ballerina-2201.12.9\bre\lib\annotations-2201.12.9.jar;C:\Program Files\Ballerina\distributions\ballerina-2201.12.9\bre\lib\array-2201.12.9.jar;C:\Program Files\Ballerina\distributions\ballerina-2201.12.9\bre\lib\asm-9.7.jar;C:\Program Files\Ballerina\distributions\ballerina-2201.12.9\bre\lib\asm-analysis-9.7.jar;C:\Program Files\Ballerina\distributions\ballerina-2201.12.9\bre\lib\asm-commons-9.7.jar;C:\Program Files\Ballerina\distributions\ballerina-2201.12.9\bre\lib\asm-tree-9.7.jar;C:\Program Files\Ballerina\distributions\ballerina-2201.12.9\bre\lib\asm-util-9.7.jar;C:\Program Files\Ballerina\distributions\ballerina-2201.12.9\bre\lib\asyncapi-cli-0.11.0.jar;C:\Program Files\Ballerina\distributions\ballerina-2201.12.9\bre\lib\atomikos-util-5.0.8.jar;C:\Program Files\Ballerina\distributions\ballerina-2201.12.9\bre\lib\axiom-api-1.4.0.jar;C:\Program Files\Ballerina\distributions\ballerina-2201.12.9\bre\lib\axiom-impl-1.4.0.jar;C:\Program Files\Ballerina\distributions\ballerina-2201.12.9\bre\lib\ballerina-bindgen-2201.12.9.jar;C:\Program Files\Ballerina\distributions\ballerina-2201.12.9\bre\lib\ballerina-cli-2201.12.9.jar;C:\Program Files\Ballerina\distributions\ballerina-2201.12.9\bre\lib\ballerina-io-internal-2201.12.9.jar;C:\Program Files\Ballerina\distributions\ballerina-2201.12.9\bre\lib\ballerina-lang-2201.12.9.jar;C:\Program Files\Ballerina\distributions\ballerina-2201.12.9\bre\lib\ballerina-linter-2201.12.9.jar;C:\Program Files\Ballerina\distributions\ballerina-2201.12.9\bre\lib\ballerina-metrics-extension-2201.12.9.jar;C:\Program Files\Ballerina\distributions\ballerina-2201.12.9\bre\lib\ballerina-parser-2201.12.9.jar;C:\Program Files\Ballerina\distributions\ballerina-2201.12.9\bre\lib\ballerina-profiler-1.0.jar;C:\Program Files\Ballerina\distributions\ballerina-2201.12.9\bre\lib\ballerina-rt-2201.12.9.jar;C:\Program Files\Ballerina\distributions\ballerina-2201.12.9\bre\lib\ballerina-to-openapi-2.3.2.jar;C:\Program Files\Ballerina\distributions\ballerina-2201.12.9\bre\lib\ballerina-tools-api-2201.12.9.jar;C:\Program Files\Ballerina\distributions\ballerina-2201.12.9\bre\lib\bool-2201.12.9.jar;C:\Program Files\Ballerina\distributions\ballerina-2201.12.9\bre\lib\central-client-2201.12.9.jar;C:\Program Files\Ballerina\distributions\ballerina-2201.12.9\bre\lib\commons-beanutils-1.9.4.jar;C:\Program Files\Ballerina\distributions\ballerina-2201.12.9\bre\lib\commons-codec-1.14.jar;C:\Program Files\Ballerina\distributions\ballerina-2201.12.9\bre\lib\commons-collections-3.2.2.jar;C:\Program Files\Ballerina\distributions\ballerina-2201.12.9\bre\lib\commons-compress-1.26.2.jar;C:\Program Files\Ballerina\distributions\ballerina-2201.12.9\bre\lib\commons-text-1.10.0.jar;C:\Program Files\Ballerina\distributions\ballerina-2201.12.9\bre\lib\compiler-0.8.9.jar;C:\Program Files\Ballerina\distributions\ballerina-2201.12.9\bre\lib\configurable-schema-generator-2201.12.9.jar;C:\Program Files\Ballerina\distributions\ballerina-2201.12.9\bre\lib\decimal-2201.12.9.jar;C:\Program Files\Ballerina\distributions\ballerina-2201.12.9\bre\lib\docerina-2201.12.9.jar;C:\Program Files\Ballerina\distributions\ballerina-2201.12.9\bre\lib\error-2201.12.9.jar;C:\Program Files\Ballerina\distributions\ballerina-2201.12.9\bre\lib\floatingpoint-2201.12.9.jar;C:\Program Files\Ballerina\distributions\ballerina-2201.12.9\bre\lib\formatter-cli-2201.12.9.jar;C:\Program Files\Ballerina\distributions\ballerina-2201.12.9\bre\lib\formatter-core-2201.12.9.jar;C:\Program Files\Ballerina\distributions\ballerina-2201.12.9\bre\lib\function-2201.12.9.jar;C:\Program Files\Ballerina\distributions\ballerina-2201.12.9\bre\lib\future-2201.12.9.jar;C:\Program Files\Ballerina\distributions\ballerina-2201.12.9\bre\lib\geronimo-stax-api_1.0_spec-1.0.1.jar;C:\Program Files\Ballerina\distributions\ballerina-2201.12.9\bre\lib\graphql-cli-0.13.0.jar;C:\Program Files\Ballerina\distributions\ballerina-2201.12.9\bre\lib\graphql-code-generator-0.13.0.jar;C:\Program Files\Ballerina\distributions\ballerina-2201.12.9\bre\lib\graphql-schema-file-generator-0.13.0.jar;C:\Program Files\Ballerina\distributions\ballerina-2201.12.9\bre\lib\gson-2.10.1.jar;C:\Program Files\Ballerina\distributions\ballerina-2201.12.9\bre\lib\identifier-util-2201.12.9.jar;C:\Program Files\Ballerina\distributions\ballerina-2201.12.9\bre\lib\integer-2201.12.9.jar;C:\Program Files\Ballerina\distributions\ballerina-2201.12.9\bre\lib\internal-2201.12.9.jar;C:\Program Files\Ballerina\distributions\ballerina-2201.12.9\bre\lib\jackson-annotations-2.15.3.jar;C:\Program Files\Ballerina\distributions\ballerina-2201.12.9\bre\lib\jackson-core-2.15.3.jar;C:\Program Files\Ballerina\distributions\ballerina-2201.12.9\bre\lib\jackson-databind-2.15.3.jar;C:\Program Files\Ballerina\distributions\ballerina-2201.12.9\bre\lib\jackson-dataformat-yaml-2.15.3.jar;C:\Program Files\Ballerina\distributions\ballerina-2201.12.9\bre\lib\jackson-datatype-jsr310-2.15.3.jar;C:\Program Files\Ballerina\distributions\ballerina-2201.12.9\bre\lib\jacocoagent.jar;C:\Program Files\Ballerina\distributions\ballerina-2201.12.9\bre\lib\jaeger-core-0.31.0.jar;C:\Program Files\Ballerina\distributions\ballerina-2201.12.9\bre\lib\jaeger-thrift-0.31.0.jar;C:\Program Files\Ballerina\distributions\ballerina-2201.12.9\bre\lib\java-diff-utils-4.5.jar;C:\Program Files\Ballerina\distributions\ballerina-2201.12.9\bre\lib\javax.mail-1.6.2.jar;C:\Program Files\Ballerina\distributions\ballerina-2201.12.9\bre\lib\javax.transaction-api-1.3.jar;C:\Program Files\Ballerina\distributions\ballerina-2201.12.9\bre\lib\jballerina.java-2201.12.9.jar;C:\Program Files\Ballerina\distributions\ballerina-2201.12.9\bre\lib\jline-3.25.0.jar;C:\Program Files\Ballerina\distributions\ballerina-2201.12.9\bre\lib\kotlin-stdlib-1.6.0.jar;C:\Program Files\Ballerina\distributions\ballerina-2201.12.9\bre\lib\kotlin-stdlib-common-1.6.0.jar;C:\Program Files\Ballerina\distributions\ballerina-2201.12.9\bre\lib\map-2201.12.9.jar;C:\Program Files\Ballerina\distributions\ballerina-2201.12.9\bre\lib\maven-resolver-2201.12.9.jar;C:\Program Files\Ballerina\distributions\ballerina-2201.12.9\bre\lib\netty-buffer-4.1.118.Final.jar;C:\Program Files\Ballerina\distributions\ballerina-2201.12.9\bre\lib\netty-common-4.1.118.Final.jar;C:\Program Files\Ballerina\distributions\ballerina-2201.12.9\bre\lib\netty-resolver-4.1.118.Final.jar;C:\Program Files\Ballerina\distributions\ballerina-2201.12.9\bre\lib\netty-transport-4.1.118.Final.jar;C:\Program Files\Ballerina\distributions\ballerina-2201.12.9\bre\lib\netty-transport-native-epoll-4.1.118.Final.jar;C:\Program Files\Ballerina\distributions\ballerina-2201.12.9\bre\lib\netty-transport-native-kqueue-4.1.118.Final.jar;C:\Program Files\Ballerina\distributions\ballerina-2201.12.9\bre\lib\object-2201.12.9.jar;C:\Program Files\Ballerina\distributions\ballerina-2201.12.9\bre\lib\okhttp-3.14.0.jar;C:\Program Files\Ballerina\distributions\ballerina-2201.12.9\bre\lib\okio-jvm-3.4.0.jar;C:\Program Files\Ballerina\distributions\ballerina-2201.12.9\bre\lib\openapi-bal-task-plugin-2.3.2.jar;C:\Program Files\Ballerina\distributions\ballerina-2201.12.9\bre\lib\openapi-build-extension-2.3.2.jar;C:\Program Files\Ballerina\distributions\ballerina-2201.12.9\bre\lib\openapi-cli-2.3.2.jar;C:\Program Files\Ballerina\distributions\ballerina-2201.12.9\bre\lib\openapi-core-2.3.2.jar;C:\Program Files\Ballerina\distributions\ballerina-2201.12.9\bre\lib\openapi-validator-2.3.2.jar;C:\Program Files\Ballerina\distributions\ballerina-2201.12.9\bre\lib\org.jacoco.core-0.8.12.jar;C:\Program Files\Ballerina\distributions\ballerina-2201.12.9\bre\lib\org.jacoco.report-0.8.12.jar;C:\Program Files\Ballerina\distributions\ballerina-2201.12.9\bre\lib\org.wso2.carbon.core-5.1.0.jar;C:\Program Files\Ballerina\distributions\ballerina-2201.12.9\bre\lib\org.wso2.carbon.messaging-2.3.7.jar;C:\Program Files\Ballerina\distributions\ballerina-2201.12.9\bre\lib\org.wso2.carbon.metrics.core-2.3.7.jar;C:\Program Files\Ballerina\distributions\ballerina-2201.12.9\bre\lib\org.wso2.securevault-1.0.0-wso2v2.jar;C:\Program Files\Ballerina\distributions\ballerina-2201.12.9\bre\lib\org.wso2.transport.http.netty-6.3.11.jar;C:\Program Files\Ballerina\distributions\ballerina-2201.12.9\bre\lib\org.wso2.transport.local-file-system-6.0.55.jar;C:\Program Files\Ballerina\distributions\ballerina-2201.12.9\bre\lib\package-semantic-analyzer-1.0.0.jar;C:\Program Files\Ballerina\distributions\ballerina-2201.12.9\bre\lib\persist-cli-1.6.0.jar;C:\Program Files\Ballerina\distributions\ballerina-2201.12.9\bre\lib\picocli-4.0.1.jar;C:\Program Files\Ballerina\distributions\ballerina-2201.12.9\bre\lib\progressbar-0.7.4.jar;C:\Program Files\Ballerina\distributions\ballerina-2201.12.9\bre\lib\protoc-cli-0.5.0.jar;C:\Program Files\Ballerina\distributions\ballerina-2201.12.9\bre\lib\query-2201.12.9.jar;C:\Program Files\Ballerina\distributions\ballerina-2201.12.9\bre\lib\regexp-2201.12.9.jar;C:\Program Files\Ballerina\distributions\ballerina-2201.12.9\bre\lib\runtime-2201.12.9.jar;C:\Program Files\Ballerina\distributions\ballerina-2201.12.9\bre\lib\semver-checker-cli-2201.12.9.jar;C:\Program Files\Ballerina\distributions\ballerina-2201.12.9\bre\lib\semver-checker-core-2201.12.9.jar;C:\Program Files\Ballerina\distributions\ballerina-2201.12.9\bre\lib\shell-cli-2201.12.9.jar;C:\Program Files\Ballerina\distributions\ballerina-2201.12.9\bre\lib\shell-core-2201.12.9.jar;C:\Program Files\Ballerina\distributions\ballerina-2201.12.9\bre\lib\snakeyaml-2.0.jar;C:\Program Files\Ballerina\distributions\ballerina-2201.12.9\bre\lib\sqlite-jdbc-3.47.0.0.jar;C:\Program Files\Ballerina\distributions\ballerina-2201.12.9\bre\lib\stax2-api-4.2.1.jar;C:\Program Files\Ballerina\distributions\ballerina-2201.12.9\bre\lib\staxon-core-1.2.0.wso2v2.jar;C:\Program Files\Ballerina\distributions\ballerina-2201.12.9\bre\lib\stream-2201.12.9.jar;C:\Program Files\Ballerina\distributions\ballerina-2201.12.9\bre\lib\string-2201.12.9.jar;C:\Program Files\Ballerina\distributions\ballerina-2201.12.9\bre\lib\syntax-api-calls-gen-2201.12.9.jar;C:\Program Files\Ballerina\distributions\ballerina-2201.12.9\bre\lib\table-2201.12.9.jar;C:\Program Files\Ballerina\distributions\ballerina-2201.12.9\bre\lib\testerina-core-2201.12.9.jar;C:\Program Files\Ballerina\distributions\ballerina-2201.12.9\bre\lib\testerina-runtime-2201.12.9.jar;C:\Program Files\Ballerina\distributions\ballerina-2201.12.9\bre\lib\toml-parser-2201.12.9.jar;C:\Program Files\Ballerina\distributions\ballerina-2201.12.9\bre\lib\transaction-2201.12.9.jar;C:\Program Files\Ballerina\distributions\ballerina-2201.12.9\bre\lib\transactions-5.0.8.jar;C:\Program Files\Ballerina\distributions\ballerina-2201.12.9\bre\lib\transactions-api-5.0.8.jar;C:\Program Files\Ballerina\distributions\ballerina-2201.12.9\bre\lib\transactions-jta-5.0.8.jar;C:\Program Files\Ballerina\distributions\ballerina-2201.12.9\bre\lib\typedesc-2201.12.9.jar;C:\Program Files\Ballerina\distributions\ballerina-2201.12.9\bre\lib\value-2201.12.9.jar;C:\Program Files\Ballerina\distributions\ballerina-2201.12.9\bre\lib\woodstox-core-6.5.0.jar;C:\Program Files\Ballerina\distributions\ballerina-2201.12.9\bre\lib\xml-2201.12.9.jar;C:\Program Files\Ballerina\distributions\ballerina-2201.12.9\lib\tools\lang-server\lib\ballerinalang-data-mapper-2201.12.9.jar;C:\Program Files\Ballerina\distributions\ballerina-2201.12.9\lib\tools\lang-server\lib\cloud-tooling-3.3.2.jar;C:\Program Files\Ballerina\distributions\ballerina-2201.12.9\lib\tools\lang-server\lib\commons-io-2.15.1.jar;C:\Program Files\Ballerina\distributions\ballerina-2201.12.9\lib\tools\lang-server\lib\guava-32.0.1-jre.jar;C:\Program Files\Ballerina\distributions\ballerina-2201.12.9\lib\tools\lang-server\lib\json-to-record-converter-2201.12.9.jar;C:\Program Files\Ballerina\distributions\ballerina-2201.12.9\lib\tools\lang-server\lib\openapi-ls-extension-2.3.2.jar;C:\Program Files\Ballerina\distributions\ballerina-2201.12.9\lib\tools\lang-server\lib\partial-parser-2201.12.9.jar;C:\Program Files\Ballerina\distributions\ballerina-2201.12.9\lib\tools\lang-server\lib\performance-analyzer-services-2201.12.9.jar;C:\Program Files\Ballerina\distributions\ballerina-2201.12.9\lib\tools\lang-server\lib\trigger-service-2201.12.9.jar;C:\Program Files\Ballerina\distributions\ballerina-2201.12.9\lib\tools\lang-server\lib\xml-to-record-converter-2201.12.9.jar;C:\Program Files\Ballerina\distributions\ballerina-2201.12.9\lib\tools\debug-adapter\lib\commons-io-2.15.1.jar;C:\Program Files\Ballerina\distributions\ballerina-2201.12.9\lib\tools\debug-adapter\lib\debug-adapter-cli-2201.12.9.jar;C:\Program Files\Ballerina\distributions\ballerina-2201.12.9\lib\tools\debug-adapter\lib\debug-adapter-core-2201.12.9.jar;C:\Program Files\Ballerina\distributions\ballerina-2201.12.9\lib\tools\debug-adapter\lib\java-semver-0.9.0.jar;c:\Users\Avishka\.vscode\extensions\wso2.ballerina-5.3.3\ls\ballerina-language-server-1.1.1.jar
Launcher Type: SUN_STANDARD

[Global flags]
     intx CICompilerCount                          = 12                                        {product} {ergonomic}
     uint ConcGCThreads                            = 4                                         {product} {ergonomic}
     uint G1ConcRefinementThreads                  = 14                                        {product} {ergonomic}
   size_t G1HeapRegionSize                         = 2097152                                   {product} {ergonomic}
    uintx GCDrainStackTargetSize                   = 64                                        {product} {ergonomic}
   size_t InitialHeapSize                          = 264241152                                 {product} {ergonomic}
   size_t MarkStackSize                            = 4194304                                   {product} {ergonomic}
   size_t MaxHeapSize                              = 4208984064                                {product} {ergonomic}
   size_t MaxNewSize                               = 2524971008                                {product} {ergonomic}
   size_t MinHeapDeltaBytes                        = 2097152                                   {product} {ergonomic}
   size_t MinHeapSize                              = 8388608                                   {product} {ergonomic}
    uintx NonNMethodCodeHeapSize                   = 7602480                                {pd product} {ergonomic}
    uintx NonProfiledCodeHeapSize                  = 122027880                              {pd product} {ergonomic}
    uintx ProfiledCodeHeapSize                     = 122027880                              {pd product} {ergonomic}
    uintx ReservedCodeCacheSize                    = 251658240                              {pd product} {ergonomic}
     bool SegmentedCodeCache                       = true                                      {product} {ergonomic}
   size_t SoftMaxHeapSize                          = 4208984064                             {manageable} {ergonomic}
     bool UseCompressedOops                        = true                           {product lp64_product} {ergonomic}
     bool UseG1GC                                  = true                                      {product} {ergonomic}
     bool UseLargePagesIndividualAllocation        = false                                  {pd product} {ergonomic}

Logging:
Log output configuration:
 #0: stdout all=warning uptime,level,tags foldmultilines=false
 #1: stderr all=off uptime,level,tags foldmultilines=false

Environment Variables:
JAVA_HOME=C:\Program Files\Java\jdk-17
PATH=C:\Program Files\Common Files\Oracle\Java\javapath;C:\Windows\system32;C:\Windows;C:\Windows\System32\Wbem;C:\Windows\System32\WindowsPowerShell\v1.0\;C:\Windows\System32\OpenSSH\;C:\Program Files\nodejs\;C:\ProgramData\Microsoft\Windows\Start Menu\Programs\Node.js;C:\Program Files\dotnet\;C:\Users\Avishka\Downloads\jdk-17.0.12_windows-x64_bin.exe;C:\Program Files\Git\cmd;C:\Flutter\flutter\bin;C:\Program Files\MariaDB 11.7\bin;C:\Users\Avishka\Downloads\exiftool-13.30_64\exiftool-13.30_64;C:\Users\Avishka\Downloads\dotnet-sdk-8.0.411-win-x64.exe;C:\Users\Avishka\Desktop\apache-cassandra-4.0.18\bin;C:\Users\Avishka\Desktop\apache-cassandra-4.0.18\bin;C:\Users\Avishka\Desktop\mongosh-2.5.6-win32-x64\bin;C:\Program Files\MongoDB\Server\8.0\bin;C:\Users\Avishka\Documents\apache-maven-3.8.9\bin;C:\Users\Avishka\Documents\apache-maven-3.8.9\bin;C:\Program Files\Ballerina\\bin;C:\Program Files\Ballerina\bin\bal.bat;C:\Program Files\Common Files\Oracle\Java\javapath;C:\Windows\system32;C:\Windows;C:\Windows\System32\Wbem;C:\Windows\System32\WindowsPowerShell\v1.0\;C:\Windows\System32\OpenSSH\;C:\Program Files\nodejs\;C:\ProgramData\Microsoft\Windows\Start Menu\Programs\Node.js;C:\Program Files\dotnet\;C:\Users\Avishka\Downloads\jdk-17.0.12_windows-x64_bin.exe;C:\Program Files\Git\cmd;C:\Flutter\flutter\bin;C:\Program Files\MariaDB 11.7\bin;C:\Users\Avishka\Downloads\exiftool-13.30_64\exiftool-13.30_64;C:\Users\Avishka\Downloads\dotnet-sdk-8.0.411-win-x64.exe;C:\Users\Avishka\Desktop\apache-cassandra-4.0.18\bin;C:\Users\Avishka\Desktop\apache-cassandra-4.0.18\bin;C:\Users\Avishka\Desktop\mongosh-2.5.6-win32-x64\bin;C:\Program Files\MongoDB\Server\8.0\bin;C:\Users\Avishka\Documents\apache-maven-3.8.9\bin;C:\Users\Avishka\Documents\apache-maven-3.8.9\bin;C:\Program Files\Ballerina\\bin;C:\Program Files\Ballerina\bin\bal.bat;;C:\Program Files\Java\jdk-17\bin;C:\Users\Avishka\AppData\Local\Programs\Microsoft VS Code\bin;C:\Users\Avishka\.dotnet\tools
USERNAME=Avishka
OS=Windows_NT
PROCESSOR_IDENTIFIER=Intel64 Family 6 Model 170 Stepping 4, GenuineIntel
TMP=C:\Users\Avishka\AppData\Local\Temp
TEMP=C:\Users\Avishka\AppData\Local\Temp




Periodic native trim disabled

---------------  S Y S T E M  ---------------

OS:
 Windows 11 , 64 bit Build 26100 (10.0.26100.4768)
OS uptime: 0 days 2:07 hours
Hyper-V role detected

CPU: total 18 (initial active 18) (9 cores per cpu, 2 threads per core) family 6 model 170 stepping 4 microcode 0x24, cx8, cmov, fxsr, ht, mmx, 3dnowpref, sse, sse2, sse3, ssse3, sse4.1, sse4.2, popcnt, lzcnt, tsc, tscinvbit, avx, avx2, aes, erms, clmul, bmi1, bmi2, adx, sha, fma, vzeroupper, clflush, clflushopt, clwb, hv, serialize, rdtscp, rdpid, fsrm, f16c, cet_ibt, cet_ss
Processor Information for processor 0
  Max Mhz: 1200, Current Mhz: 1200, Mhz Limit: 1200
Processor Information for processor 1
  Max Mhz: 1200, Current Mhz: 1200, Mhz Limit: 1200
Processor Information for processor 2
  Max Mhz: 700, Current Mhz: 700, Mhz Limit: 700
Processor Information for processor 3
  Max Mhz: 700, Current Mhz: 700, Mhz Limit: 700
Processor Information for processor 4
  Max Mhz: 700, Current Mhz: 700, Mhz Limit: 700
Processor Information for processor 5
  Max Mhz: 700, Current Mhz: 700, Mhz Limit: 700
Processor Information for processor 6
  Max Mhz: 700, Current Mhz: 700, Mhz Limit: 700
Processor Information for processor 7
  Max Mhz: 700, Current Mhz: 700, Mhz Limit: 700
Processor Information for processor 8
  Max Mhz: 700, Current Mhz: 700, Mhz Limit: 700
Processor Information for processor 9
  Max Mhz: 700, Current Mhz: 700, Mhz Limit: 700
Processor Information for processor 10
  Max Mhz: 1200, Current Mhz: 1200, Mhz Limit: 1200
Processor Information for processor 11
  Max Mhz: 1200, Current Mhz: 1200, Mhz Limit: 1200
Processor Information for processor 12
  Max Mhz: 1200, Current Mhz: 1200, Mhz Limit: 1200
Processor Information for processor 13
  Max Mhz: 1200, Current Mhz: 1200, Mhz Limit: 1200
Processor Information for processor 14
  Max Mhz: 1200, Current Mhz: 1200, Mhz Limit: 1200
Processor Information for processor 15
  Max Mhz: 1200, Current Mhz: 1200, Mhz Limit: 1200
Processor Information for processor 16
  Max Mhz: 700, Current Mhz: 700, Mhz Limit: 700
Processor Information for processor 17
  Max Mhz: 700, Current Mhz: 700, Mhz Limit: 700

Memory: 4k page, system-wide physical 16053M (1998M free)
TotalPageFile size 20149M (AvailPageFile size 1M)
current process WorkingSet (physical memory assigned to process): 532M, peak: 539M
current process commit charge ("private bytes"): 583M, peak: 885M

vm_info: OpenJDK 64-Bit Server VM (21.0.5+11-LTS) for windows-amd64 JRE (21.0.5+11-LTS), built on 2024-10-15T00:00:00Z by "admin" with MS VC++ 17.7 (VS2022)

END.
